{"/Users/crispinanderson/Documents/SDX/ui-widgets/src/badge.ts": {"path":"/Users/crispinanderson/Documents/SDX/ui-widgets/src/badge.ts","statementMap":{"0":{"start":{"line":1,"column":0},"end":{"line":1,"column":52}},"1":{"start":{"line":8,"column":0},"end":{"line":8,"column":13}},"2":{"start":{"line":10,"column":8},"end":{"line":20,"column":null}},"3":{"start":{"line":10,"column":15},"end":{"line":10,"column":24}},"4":{"start":{"line":10,"column":29},"end":{"line":10,"column":31}},"5":{"start":{"line":10,"column":31},"end":{"line":10,"column":38}},"6":{"start":{"line":10,"column":38},"end":{"line":10,"column":51}},"7":{"start":{"line":10,"column":61},"end":{"line":10,"column":79}},"8":{"start":{"line":11,"column":2},"end":{"line":19,"column":5}},"9":{"start":{"line":22,"column":0},"end":{"line":22,"column":null}},"10":{"start":{"line":8,"column":13},"end":{"line":8,"column":18}}},"fnMap":{"0":{"name":"(anonymous_1)","decl":{"start":{"line":8,"column":0},"end":{"line":8,"column":13}},"loc":{"start":{"line":8,"column":0},"end":{"line":22,"column":null}}},"1":{"name":"(anonymous_3)","decl":{"start":{"line":10,"column":1},"end":{"line":10,"column":8}},"loc":{"start":{"line":10,"column":79},"end":{"line":20,"column":2}}}},"branchMap":{"0":{"loc":{"start":{"line":10,"column":41},"end":{"line":10,"column":49}},"type":"cond-expr","locations":[{"start":{"line":10,"column":41},"end":{"line":10,"column":49}},{"start":{"line":10,"column":49},"end":{"line":10,"column":51}}]},"1":{"loc":{"start":{"line":13,"column":11},"end":{"line":18,"column":12}},"type":"cond-expr","locations":[{"start":{"line":13,"column":11},"end":{"line":18,"column":12}},{"start":{"line":18,"column":15},"end":{"line":18,"column":19}}]}},"s":{"0":1,"1":1,"2":1,"3":2,"4":2,"5":2,"6":2,"7":2,"8":2,"9":1,"10":1},"f":{"0":3,"1":2},"b":{"0":[1,1],"1":[1,1]}}
,"/Users/crispinanderson/Documents/SDX/ui-widgets/src/button.ts": {"path":"/Users/crispinanderson/Documents/SDX/ui-widgets/src/button.ts","statementMap":{"0":{"start":{"line":1,"column":0},"end":{"line":1,"column":52}},"1":{"start":{"line":6,"column":0},"end":{"line":6,"column":50}},"2":{"start":{"line":7,"column":0},"end":{"line":7,"column":36}},"3":{"start":{"line":22,"column":0},"end":{"line":22,"column":13}},"4":{"start":{"line":24,"column":8},"end":{"line":33,"column":null}},"5":{"start":{"line":24,"column":15},"end":{"line":24,"column":null}},"6":{"start":{"line":25,"column":7},"end":{"line":25,"column":9}},"7":{"start":{"line":25,"column":9},"end":{"line":25,"column":13}},"8":{"start":{"line":25,"column":13},"end":{"line":25,"column":26}},"9":{"start":{"line":25,"column":26},"end":{"line":25,"column":31}},"10":{"start":{"line":25,"column":31},"end":{"line":25,"column":41}},"11":{"start":{"line":25,"column":45},"end":{"line":25,"column":47}},"12":{"start":{"line":25,"column":56},"end":{"line":25,"column":58}},"13":{"start":{"line":25,"column":65},"end":{"line":25,"column":67}},"14":{"start":{"line":25,"column":67},"end":{"line":25,"column":74}},"15":{"start":{"line":25,"column":74},"end":{"line":25,"column":81}},"16":{"start":{"line":25,"column":89},"end":{"line":25,"column":91}},"17":{"start":{"line":25,"column":96},"end":{"line":25,"column":98}},"18":{"start":{"line":25,"column":105},"end":{"line":25,"column":null}},"19":{"start":{"line":27,"column":2},"end":{"line":32,"column":40}},"20":{"start":{"line":35,"column":0},"end":{"line":35,"column":null}},"21":{"start":{"line":22,"column":13},"end":{"line":22,"column":19}}},"fnMap":{"0":{"name":"(anonymous_1)","decl":{"start":{"line":22,"column":0},"end":{"line":22,"column":13}},"loc":{"start":{"line":22,"column":0},"end":{"line":35,"column":null}}},"1":{"name":"(anonymous_3)","decl":{"start":{"line":24,"column":1},"end":{"line":24,"column":8}},"loc":{"start":{"line":26,"column":21},"end":{"line":33,"column":2}}}},"branchMap":{"0":{"loc":{"start":{"line":25,"column":16},"end":{"line":25,"column":24}},"type":"cond-expr","locations":[{"start":{"line":25,"column":16},"end":{"line":25,"column":24}},{"start":{"line":25,"column":24},"end":{"line":25,"column":26}}]},"1":{"loc":{"start":{"line":25,"column":34},"end":{"line":25,"column":39}},"type":"cond-expr","locations":[{"start":{"line":25,"column":34},"end":{"line":25,"column":39}},{"start":{"line":25,"column":39},"end":{"line":25,"column":41}}]},"2":{"loc":{"start":{"line":25,"column":77},"end":{"line":25,"column":79}},"type":"cond-expr","locations":[{"start":{"line":25,"column":77},"end":{"line":25,"column":79}},{"start":{"line":25,"column":79},"end":{"line":25,"column":81}}]},"3":{"loc":{"start":{"line":29,"column":35},"end":{"line":29,"column":56}},"type":"cond-expr","locations":[{"start":{"line":29,"column":35},"end":{"line":29,"column":56}},{"start":{"line":29,"column":59},"end":{"line":29,"column":68}}]}},"s":{"0":8,"1":8,"2":8,"3":8,"4":8,"5":22,"6":22,"7":22,"8":22,"9":22,"10":22,"11":22,"12":22,"13":22,"14":22,"15":22,"16":22,"17":22,"18":22,"19":22,"20":8,"21":8},"f":{"0":26,"1":22},"b":{"0":[21,1],"1":[5,17],"2":[8,14],"3":[1,21]}}
,"/Users/crispinanderson/Documents/SDX/ui-widgets/src/buttonLink.ts": {"path":"/Users/crispinanderson/Documents/SDX/ui-widgets/src/buttonLink.ts","statementMap":{"0":{"start":{"line":1,"column":0},"end":{"line":1,"column":52}},"1":{"start":{"line":3,"column":0},"end":{"line":3,"column":50}},"2":{"start":{"line":4,"column":0},"end":{"line":4,"column":36}},"3":{"start":{"line":20,"column":0},"end":{"line":20,"column":13}},"4":{"start":{"line":22,"column":8},"end":{"line":29,"column":null}},"5":{"start":{"line":22,"column":15},"end":{"line":22,"column":null}},"6":{"start":{"line":23,"column":7},"end":{"line":23,"column":9}},"7":{"start":{"line":23,"column":9},"end":{"line":23,"column":14}},"8":{"start":{"line":23,"column":14},"end":{"line":23,"column":24}},"9":{"start":{"line":23,"column":28},"end":{"line":23,"column":30}},"10":{"start":{"line":23,"column":39},"end":{"line":23,"column":41}},"11":{"start":{"line":23,"column":45},"end":{"line":23,"column":47}},"12":{"start":{"line":23,"column":50},"end":{"line":23,"column":52}},"13":{"start":{"line":23,"column":58},"end":{"line":23,"column":60}},"14":{"start":{"line":23,"column":68},"end":{"line":23,"column":70}},"15":{"start":{"line":23,"column":77},"end":{"line":23,"column":79}},"16":{"start":{"line":23,"column":79},"end":{"line":23,"column":86}},"17":{"start":{"line":23,"column":86},"end":{"line":23,"column":93}},"18":{"start":{"line":23,"column":98},"end":{"line":23,"column":null}},"19":{"start":{"line":25,"column":2},"end":{"line":28,"column":40}},"20":{"start":{"line":31,"column":0},"end":{"line":31,"column":null}},"21":{"start":{"line":20,"column":13},"end":{"line":20,"column":23}}},"fnMap":{"0":{"name":"(anonymous_1)","decl":{"start":{"line":20,"column":0},"end":{"line":20,"column":13}},"loc":{"start":{"line":20,"column":0},"end":{"line":31,"column":null}}},"1":{"name":"(anonymous_3)","decl":{"start":{"line":22,"column":1},"end":{"line":22,"column":8}},"loc":{"start":{"line":24,"column":25},"end":{"line":29,"column":2}}}},"branchMap":{"0":{"loc":{"start":{"line":23,"column":17},"end":{"line":23,"column":22}},"type":"cond-expr","locations":[{"start":{"line":23,"column":17},"end":{"line":23,"column":22}},{"start":{"line":23,"column":22},"end":{"line":23,"column":24}}]},"1":{"loc":{"start":{"line":23,"column":89},"end":{"line":23,"column":91}},"type":"cond-expr","locations":[{"start":{"line":23,"column":89},"end":{"line":23,"column":91}},{"start":{"line":23,"column":91},"end":{"line":23,"column":93}}]}},"s":{"0":1,"1":1,"2":1,"3":1,"4":1,"5":3,"6":3,"7":3,"8":3,"9":3,"10":3,"11":3,"12":3,"13":3,"14":3,"15":3,"16":3,"17":3,"18":3,"19":3,"20":1,"21":1},"f":{"0":4,"1":3},"b":{"0":[2,1],"1":[2,1]}}
,"/Users/crispinanderson/Documents/SDX/ui-widgets/src/config.ts": {"path":"/Users/crispinanderson/Documents/SDX/ui-widgets/src/config.ts","statementMap":{"0":{"start":{"line":1,"column":0},"end":{"line":1,"column":28}},"1":{"start":{"line":6,"column":25},"end":{"line":63,"column":2}},"2":{"start":{"line":65,"column":13},"end":{"line":65,"column":49}},"3":{"start":{"line":68,"column":1},"end":{"line":68,"column":35}},"4":{"start":{"line":67,"column":0},"end":{"line":67,"column":16}}},"fnMap":{"0":{"name":"updateConfig","decl":{"start":{"line":67,"column":16},"end":{"line":67,"column":28}},"loc":{"start":{"line":67,"column":56},"end":{"line":69,"column":1}}}},"branchMap":{},"s":{"0":39,"1":39,"2":39,"3":1,"4":39},"f":{"0":1},"b":{}}
,"/Users/crispinanderson/Documents/SDX/ui-widgets/src/navButton.ts": {"path":"/Users/crispinanderson/Documents/SDX/ui-widgets/src/navButton.ts","statementMap":{"0":{"start":{"line":1,"column":0},"end":{"line":1,"column":52}},"1":{"start":{"line":5,"column":0},"end":{"line":5,"column":32}},"2":{"start":{"line":6,"column":0},"end":{"line":6,"column":36}},"3":{"start":{"line":8,"column":0},"end":{"line":8,"column":13}},"4":{"start":{"line":10,"column":8},"end":{"line":19,"column":null}},"5":{"start":{"line":10,"column":15},"end":{"line":10,"column":null}},"6":{"start":{"line":11,"column":7},"end":{"line":11,"column":9}},"7":{"start":{"line":11,"column":9},"end":{"line":11,"column":14}},"8":{"start":{"line":11,"column":14},"end":{"line":11,"column":24}},"9":{"start":{"line":11,"column":28},"end":{"line":11,"column":30}},"10":{"start":{"line":11,"column":39},"end":{"line":11,"column":41}},"11":{"start":{"line":11,"column":41},"end":{"line":11,"column":48}},"12":{"start":{"line":11,"column":48},"end":{"line":11,"column":55}},"13":{"start":{"line":11,"column":63},"end":{"line":11,"column":65}},"14":{"start":{"line":11,"column":70},"end":{"line":11,"column":72}},"15":{"start":{"line":11,"column":79},"end":{"line":11,"column":null}},"16":{"start":{"line":13,"column":2},"end":{"line":18,"column":40}},"17":{"start":{"line":21,"column":0},"end":{"line":21,"column":null}},"18":{"start":{"line":8,"column":13},"end":{"line":8,"column":22}}},"fnMap":{"0":{"name":"(anonymous_1)","decl":{"start":{"line":8,"column":0},"end":{"line":8,"column":13}},"loc":{"start":{"line":8,"column":0},"end":{"line":21,"column":null}}},"1":{"name":"(anonymous_3)","decl":{"start":{"line":10,"column":1},"end":{"line":10,"column":8}},"loc":{"start":{"line":12,"column":21},"end":{"line":19,"column":2}}}},"branchMap":{"0":{"loc":{"start":{"line":11,"column":17},"end":{"line":11,"column":22}},"type":"cond-expr","locations":[{"start":{"line":11,"column":17},"end":{"line":11,"column":22}},{"start":{"line":11,"column":22},"end":{"line":11,"column":24}}]},"1":{"loc":{"start":{"line":11,"column":51},"end":{"line":11,"column":53}},"type":"cond-expr","locations":[{"start":{"line":11,"column":51},"end":{"line":11,"column":53}},{"start":{"line":11,"column":53},"end":{"line":11,"column":55}}]},"2":{"loc":{"start":{"line":15,"column":35},"end":{"line":15,"column":56}},"type":"cond-expr","locations":[{"start":{"line":15,"column":35},"end":{"line":15,"column":56}},{"start":{"line":15,"column":59},"end":{"line":15,"column":68}}]}},"s":{"0":1,"1":1,"2":1,"3":1,"4":1,"5":3,"6":3,"7":3,"8":3,"9":3,"10":3,"11":3,"12":3,"13":3,"14":3,"15":3,"16":3,"17":1,"18":1},"f":{"0":4,"1":3},"b":{"0":[2,1],"1":[2,1],"2":[1,2]}}
,"/Users/crispinanderson/Documents/SDX/ui-widgets/src/navLink.ts": {"path":"/Users/crispinanderson/Documents/SDX/ui-widgets/src/navLink.ts","statementMap":{"0":{"start":{"line":1,"column":0},"end":{"line":1,"column":52}},"1":{"start":{"line":5,"column":0},"end":{"line":5,"column":32}},"2":{"start":{"line":6,"column":0},"end":{"line":6,"column":36}},"3":{"start":{"line":8,"column":0},"end":{"line":8,"column":13}},"4":{"start":{"line":10,"column":8},"end":{"line":17,"column":null}},"5":{"start":{"line":10,"column":15},"end":{"line":10,"column":null}},"6":{"start":{"line":11,"column":7},"end":{"line":11,"column":9}},"7":{"start":{"line":11,"column":9},"end":{"line":11,"column":14}},"8":{"start":{"line":11,"column":14},"end":{"line":11,"column":24}},"9":{"start":{"line":11,"column":28},"end":{"line":11,"column":30}},"10":{"start":{"line":11,"column":39},"end":{"line":11,"column":41}},"11":{"start":{"line":11,"column":45},"end":{"line":11,"column":47}},"12":{"start":{"line":11,"column":50},"end":{"line":11,"column":52}},"13":{"start":{"line":11,"column":58},"end":{"line":11,"column":60}},"14":{"start":{"line":11,"column":68},"end":{"line":11,"column":70}},"15":{"start":{"line":11,"column":70},"end":{"line":11,"column":77}},"16":{"start":{"line":11,"column":77},"end":{"line":11,"column":84}},"17":{"start":{"line":11,"column":89},"end":{"line":11,"column":null}},"18":{"start":{"line":13,"column":2},"end":{"line":16,"column":40}},"19":{"start":{"line":19,"column":0},"end":{"line":19,"column":null}},"20":{"start":{"line":8,"column":13},"end":{"line":8,"column":20}}},"fnMap":{"0":{"name":"(anonymous_1)","decl":{"start":{"line":8,"column":0},"end":{"line":8,"column":13}},"loc":{"start":{"line":8,"column":0},"end":{"line":19,"column":null}}},"1":{"name":"(anonymous_3)","decl":{"start":{"line":10,"column":1},"end":{"line":10,"column":8}},"loc":{"start":{"line":12,"column":25},"end":{"line":17,"column":2}}}},"branchMap":{"0":{"loc":{"start":{"line":11,"column":17},"end":{"line":11,"column":22}},"type":"cond-expr","locations":[{"start":{"line":11,"column":17},"end":{"line":11,"column":22}},{"start":{"line":11,"column":22},"end":{"line":11,"column":24}}]},"1":{"loc":{"start":{"line":11,"column":80},"end":{"line":11,"column":82}},"type":"cond-expr","locations":[{"start":{"line":11,"column":80},"end":{"line":11,"column":82}},{"start":{"line":11,"column":82},"end":{"line":11,"column":84}}]}},"s":{"0":1,"1":1,"2":1,"3":1,"4":1,"5":3,"6":3,"7":3,"8":3,"9":3,"10":3,"11":3,"12":3,"13":3,"14":3,"15":3,"16":3,"17":3,"18":3,"19":1,"20":1},"f":{"0":4,"1":3},"b":{"0":[2,1],"1":[2,1]}}
,"/Users/crispinanderson/Documents/SDX/ui-widgets/src/theme.ts": {"path":"/Users/crispinanderson/Documents/SDX/ui-widgets/src/theme.ts","statementMap":{"0":{"start":{"line":1,"column":0},"end":{"line":1,"column":28}},"1":{"start":{"line":5,"column":0},"end":{"line":5,"column":34}},"2":{"start":{"line":9,"column":1},"end":{"line":9,"column":49}},"3":{"start":{"line":8,"column":0},"end":{"line":8,"column":16}},"4":{"start":{"line":12,"column":1},"end":{"line":12,"column":49}},"5":{"start":{"line":11,"column":0},"end":{"line":11,"column":16}},"6":{"start":{"line":15,"column":13},"end":{"line":15,"column":48}},"7":{"start":{"line":16,"column":13},"end":{"line":16,"column":46}},"8":{"start":{"line":19,"column":43},"end":{"line":37,"column":2}},"9":{"start":{"line":39,"column":13},"end":{"line":39,"column":67}},"10":{"start":{"line":42,"column":1},"end":{"line":42,"column":41}},"11":{"start":{"line":41,"column":0},"end":{"line":41,"column":16}},"12":{"start":{"line":46,"column":39},"end":{"line":48,"column":2}},"13":{"start":{"line":51,"column":1},"end":{"line":51,"column":41}},"14":{"start":{"line":50,"column":0},"end":{"line":50,"column":16}},"15":{"start":{"line":54,"column":33},"end":{"line":54,"column":null}},"16":{"start":{"line":55,"column":1},"end":{"line":59,"column":null}},"17":{"start":{"line":56,"column":2},"end":{"line":56,"column":21}},"18":{"start":{"line":58,"column":2},"end":{"line":58,"column":12}},"19":{"start":{"line":54,"column":0},"end":{"line":54,"column":16}},"20":{"start":{"line":63,"column":29},"end":{"line":63,"column":36}},"21":{"start":{"line":63,"column":36},"end":{"line":63,"column":43}},"22":{"start":{"line":63,"column":43},"end":{"line":63,"column":48}},"23":{"start":{"line":63,"column":48},"end":{"line":63,"column":73}},"24":{"start":{"line":64,"column":1},"end":{"line":64,"column":92}},"25":{"start":{"line":63,"column":0},"end":{"line":63,"column":16}},"26":{"start":{"line":67,"column":27},"end":{"line":67,"column":32}},"27":{"start":{"line":67,"column":32},"end":{"line":67,"column":39}},"28":{"start":{"line":67,"column":39},"end":{"line":67,"column":44}},"29":{"start":{"line":67,"column":44},"end":{"line":67,"column":69}},"30":{"start":{"line":68,"column":1},"end":{"line":68,"column":86}},"31":{"start":{"line":67,"column":0},"end":{"line":67,"column":16}},"32":{"start":{"line":71,"column":34},"end":{"line":71,"column":46}},"33":{"start":{"line":71,"column":46},"end":{"line":71,"column":53}},"34":{"start":{"line":71,"column":53},"end":{"line":71,"column":58}},"35":{"start":{"line":71,"column":58},"end":{"line":71,"column":83}},"36":{"start":{"line":72,"column":1},"end":{"line":72,"column":105}},"37":{"start":{"line":71,"column":0},"end":{"line":71,"column":16}},"38":{"start":{"line":75,"column":27},"end":{"line":75,"column":32}},"39":{"start":{"line":75,"column":32},"end":{"line":75,"column":39}},"40":{"start":{"line":75,"column":39},"end":{"line":75,"column":44}},"41":{"start":{"line":75,"column":44},"end":{"line":75,"column":69}},"42":{"start":{"line":76,"column":1},"end":{"line":76,"column":47}},"43":{"start":{"line":75,"column":0},"end":{"line":75,"column":16}},"44":{"start":{"line":80,"column":1},"end":{"line":80,"column":65}},"45":{"start":{"line":79,"column":0},"end":{"line":79,"column":16}},"46":{"start":{"line":83,"column":30},"end":{"line":83,"column":35}},"47":{"start":{"line":83,"column":35},"end":{"line":83,"column":42}},"48":{"start":{"line":83,"column":42},"end":{"line":83,"column":47}},"49":{"start":{"line":83,"column":47},"end":{"line":83,"column":72}},"50":{"start":{"line":84,"column":1},"end":{"line":84,"column":50}},"51":{"start":{"line":83,"column":0},"end":{"line":83,"column":16}},"52":{"start":{"line":87,"column":32},"end":{"line":87,"column":37}},"53":{"start":{"line":87,"column":37},"end":{"line":87,"column":44}},"54":{"start":{"line":87,"column":44},"end":{"line":87,"column":49}},"55":{"start":{"line":87,"column":49},"end":{"line":87,"column":74}},"56":{"start":{"line":88,"column":1},"end":{"line":88,"column":136}},"57":{"start":{"line":87,"column":0},"end":{"line":87,"column":16}},"58":{"start":{"line":92,"column":1},"end":{"line":92,"column":64}},"59":{"start":{"line":91,"column":0},"end":{"line":91,"column":16}},"60":{"start":{"line":96,"column":1},"end":{"line":96,"column":46}},"61":{"start":{"line":95,"column":0},"end":{"line":95,"column":16}}},"fnMap":{"0":{"name":"imgMaxSize","decl":{"start":{"line":8,"column":16},"end":{"line":8,"column":26}},"loc":{"start":{"line":8,"column":26},"end":{"line":10,"column":1}}},"1":{"name":"thumbMaxSize","decl":{"start":{"line":11,"column":16},"end":{"line":11,"column":28}},"loc":{"start":{"line":11,"column":28},"end":{"line":13,"column":1}}},"2":{"name":"updateClasses","decl":{"start":{"line":41,"column":16},"end":{"line":41,"column":29}},"loc":{"start":{"line":41,"column":59},"end":{"line":43,"column":1}}},"3":{"name":"updateButtonContext","decl":{"start":{"line":50,"column":16},"end":{"line":50,"column":35}},"loc":{"start":{"line":50,"column":76},"end":{"line":52,"column":1}}},"4":{"name":"getButtonContext","decl":{"start":{"line":54,"column":16},"end":{"line":54,"column":32}},"loc":{"start":{"line":54,"column":48},"end":{"line":60,"column":1}}},"5":{"name":"wrapperCls","decl":{"start":{"line":63,"column":16},"end":{"line":63,"column":26}},"loc":{"start":{"line":63,"column":93},"end":{"line":65,"column":1}}},"6":{"name":"labelCls","decl":{"start":{"line":67,"column":16},"end":{"line":67,"column":24}},"loc":{"start":{"line":67,"column":89},"end":{"line":69,"column":1}}},"7":{"name":"inputWrapperCls","decl":{"start":{"line":71,"column":16},"end":{"line":71,"column":31}},"loc":{"start":{"line":71,"column":102},"end":{"line":73,"column":1}}},"8":{"name":"inputCls","decl":{"start":{"line":75,"column":16},"end":{"line":75,"column":24}},"loc":{"start":{"line":75,"column":69},"end":{"line":77,"column":1}}},"9":{"name":"checkInputCls","decl":{"start":{"line":79,"column":16},"end":{"line":79,"column":29}},"loc":{"start":{"line":79,"column":93},"end":{"line":81,"column":1}}},"10":{"name":"textareaCls","decl":{"start":{"line":83,"column":16},"end":{"line":83,"column":27}},"loc":{"start":{"line":83,"column":72},"end":{"line":85,"column":1}}},"11":{"name":"radioInputCls","decl":{"start":{"line":87,"column":16},"end":{"line":87,"column":29}},"loc":{"start":{"line":87,"column":132},"end":{"line":89,"column":1}}},"12":{"name":"fileInputCls","decl":{"start":{"line":91,"column":16},"end":{"line":91,"column":28}},"loc":{"start":{"line":91,"column":46},"end":{"line":93,"column":1}}},"13":{"name":"pointerCls","decl":{"start":{"line":95,"column":16},"end":{"line":95,"column":26}},"loc":{"start":{"line":95,"column":65},"end":{"line":97,"column":1}}}},"branchMap":{"0":{"loc":{"start":{"line":54,"column":33},"end":{"line":54,"column":null}},"type":"if","locations":[{"start":{"line":54,"column":33},"end":{"line":54,"column":null}},{"start":{"line":54,"column":33},"end":{"line":54,"column":null}}]},"1":{"loc":{"start":{"line":55,"column":1},"end":{"line":59,"column":null}},"type":"if","locations":[{"start":{"line":55,"column":1},"end":{"line":59,"column":null}},{"start":{"line":55,"column":1},"end":{"line":59,"column":null}}]},"2":{"loc":{"start":{"line":55,"column":5},"end":{"line":55,"column":8}},"type":"binary-expr","locations":[{"start":{"line":55,"column":5},"end":{"line":55,"column":8}},{"start":{"line":55,"column":12},"end":{"line":55,"column":25}}]},"3":{"loc":{"start":{"line":63,"column":39},"end":{"line":63,"column":41}},"type":"cond-expr","locations":[{"start":{"line":63,"column":39},"end":{"line":63,"column":41}},{"start":{"line":63,"column":41},"end":{"line":63,"column":43}}]},"4":{"loc":{"start":{"line":63,"column":51},"end":{"line":63,"column":55}},"type":"cond-expr","locations":[{"start":{"line":63,"column":51},"end":{"line":63,"column":55}},{"start":{"line":63,"column":55},"end":{"line":63,"column":73}}]},"5":{"loc":{"start":{"line":64,"column":30},"end":{"line":64,"column":43}},"type":"cond-expr","locations":[{"start":{"line":64,"column":30},"end":{"line":64,"column":43}},{"start":{"line":64,"column":46},"end":{"line":64,"column":48}}]},"6":{"loc":{"start":{"line":64,"column":63},"end":{"line":64,"column":84}},"type":"cond-expr","locations":[{"start":{"line":64,"column":63},"end":{"line":64,"column":84}},{"start":{"line":64,"column":87},"end":{"line":64,"column":89}}]},"7":{"loc":{"start":{"line":67,"column":35},"end":{"line":67,"column":37}},"type":"cond-expr","locations":[{"start":{"line":67,"column":35},"end":{"line":67,"column":37}},{"start":{"line":67,"column":37},"end":{"line":67,"column":39}}]},"8":{"loc":{"start":{"line":67,"column":47},"end":{"line":67,"column":51}},"type":"cond-expr","locations":[{"start":{"line":67,"column":47},"end":{"line":67,"column":51}},{"start":{"line":67,"column":51},"end":{"line":67,"column":69}}]},"9":{"loc":{"start":{"line":68,"column":28},"end":{"line":68,"column":39}},"type":"cond-expr","locations":[{"start":{"line":68,"column":28},"end":{"line":68,"column":39}},{"start":{"line":68,"column":42},"end":{"line":68,"column":44}}]},"10":{"loc":{"start":{"line":68,"column":59},"end":{"line":68,"column":78}},"type":"cond-expr","locations":[{"start":{"line":68,"column":59},"end":{"line":68,"column":78}},{"start":{"line":68,"column":81},"end":{"line":68,"column":83}}]},"11":{"loc":{"start":{"line":71,"column":49},"end":{"line":71,"column":51}},"type":"cond-expr","locations":[{"start":{"line":71,"column":49},"end":{"line":71,"column":51}},{"start":{"line":71,"column":51},"end":{"line":71,"column":53}}]},"12":{"loc":{"start":{"line":71,"column":61},"end":{"line":71,"column":65}},"type":"cond-expr","locations":[{"start":{"line":71,"column":61},"end":{"line":71,"column":65}},{"start":{"line":71,"column":65},"end":{"line":71,"column":83}}]},"13":{"loc":{"start":{"line":72,"column":35},"end":{"line":72,"column":53}},"type":"cond-expr","locations":[{"start":{"line":72,"column":35},"end":{"line":72,"column":53}},{"start":{"line":72,"column":56},"end":{"line":72,"column":58}}]},"14":{"loc":{"start":{"line":72,"column":72},"end":{"line":72,"column":97}},"type":"cond-expr","locations":[{"start":{"line":72,"column":72},"end":{"line":72,"column":97}},{"start":{"line":72,"column":100},"end":{"line":72,"column":102}}]},"15":{"loc":{"start":{"line":75,"column":35},"end":{"line":75,"column":37}},"type":"cond-expr","locations":[{"start":{"line":75,"column":35},"end":{"line":75,"column":37}},{"start":{"line":75,"column":37},"end":{"line":75,"column":39}}]},"16":{"loc":{"start":{"line":75,"column":47},"end":{"line":75,"column":51}},"type":"cond-expr","locations":[{"start":{"line":75,"column":47},"end":{"line":75,"column":51}},{"start":{"line":75,"column":51},"end":{"line":75,"column":69}}]},"17":{"loc":{"start":{"line":76,"column":28},"end":{"line":76,"column":39}},"type":"cond-expr","locations":[{"start":{"line":76,"column":28},"end":{"line":76,"column":39}},{"start":{"line":76,"column":42},"end":{"line":76,"column":44}}]},"18":{"loc":{"start":{"line":83,"column":38},"end":{"line":83,"column":40}},"type":"cond-expr","locations":[{"start":{"line":83,"column":38},"end":{"line":83,"column":40}},{"start":{"line":83,"column":40},"end":{"line":83,"column":42}}]},"19":{"loc":{"start":{"line":83,"column":50},"end":{"line":83,"column":54}},"type":"cond-expr","locations":[{"start":{"line":83,"column":50},"end":{"line":83,"column":54}},{"start":{"line":83,"column":54},"end":{"line":83,"column":72}}]},"20":{"loc":{"start":{"line":84,"column":28},"end":{"line":84,"column":42}},"type":"cond-expr","locations":[{"start":{"line":84,"column":28},"end":{"line":84,"column":42}},{"start":{"line":84,"column":45},"end":{"line":84,"column":47}}]},"21":{"loc":{"start":{"line":87,"column":40},"end":{"line":87,"column":42}},"type":"cond-expr","locations":[{"start":{"line":87,"column":40},"end":{"line":87,"column":42}},{"start":{"line":87,"column":42},"end":{"line":87,"column":44}}]},"22":{"loc":{"start":{"line":87,"column":52},"end":{"line":87,"column":56}},"type":"cond-expr","locations":[{"start":{"line":87,"column":52},"end":{"line":87,"column":56}},{"start":{"line":87,"column":56},"end":{"line":87,"column":74}}]},"23":{"loc":{"start":{"line":88,"column":28},"end":{"line":88,"column":39}},"type":"cond-expr","locations":[{"start":{"line":88,"column":28},"end":{"line":88,"column":39}},{"start":{"line":88,"column":42},"end":{"line":88,"column":44}}]},"24":{"loc":{"start":{"line":88,"column":58},"end":{"line":88,"column":76}},"type":"cond-expr","locations":[{"start":{"line":88,"column":58},"end":{"line":88,"column":76}},{"start":{"line":88,"column":79},"end":{"line":88,"column":99}}]},"25":{"loc":{"start":{"line":92,"column":41},"end":{"line":92,"column":56}},"type":"cond-expr","locations":[{"start":{"line":92,"column":41},"end":{"line":92,"column":56}},{"start":{"line":92,"column":59},"end":{"line":92,"column":61}}]},"26":{"loc":{"start":{"line":96,"column":31},"end":{"line":96,"column":33}},"type":"cond-expr","locations":[{"start":{"line":96,"column":31},"end":{"line":96,"column":33}},{"start":{"line":96,"column":36},"end":{"line":96,"column":45}}]},"27":{"loc":{"start":{"line":96,"column":8},"end":{"line":96,"column":16}},"type":"binary-expr","locations":[{"start":{"line":96,"column":8},"end":{"line":96,"column":16}},{"start":{"line":96,"column":20},"end":{"line":96,"column":28}}]}},"s":{"0":38,"1":38,"2":4,"3":38,"4":7,"5":38,"6":38,"7":38,"8":38,"9":38,"10":1,"11":38,"12":38,"13":2,"14":38,"15":53,"16":29,"17":28,"18":1,"19":38,"20":71,"21":71,"22":71,"23":71,"24":71,"25":38,"26":47,"27":47,"28":47,"29":47,"30":47,"31":38,"32":55,"33":55,"34":55,"35":55,"36":55,"37":38,"38":25,"39":25,"40":25,"41":25,"42":25,"43":38,"44":4,"45":38,"46":4,"47":4,"48":4,"49":4,"50":4,"51":38,"52":4,"53":4,"54":4,"55":4,"56":4,"57":38,"58":22,"59":38,"60":30,"61":38},"f":{"0":4,"1":7,"2":1,"3":2,"4":29,"5":71,"6":47,"7":55,"8":25,"9":4,"10":4,"11":4,"12":22,"13":30},"b":{"0":[24,5],"1":[28,1],"2":[29,29],"3":[68,3],"4":[70,1],"5":[70,1],"6":[10,61],"7":[46,1],"8":[46,1],"9":[46,1],"10":[2,45],"11":[54,1],"12":[54,1],"13":[54,1],"14":[0,55],"15":[24,1],"16":[24,1],"17":[24,1],"18":[3,1],"19":[3,1],"20":[3,1],"21":[3,1],"22":[3,1],"23":[3,1],"24":[2,2],"25":[1,21],"26":[3,27],"27":[30,27]}}
,"/Users/crispinanderson/Documents/SDX/ui-widgets/src/utils.ts": {"path":"/Users/crispinanderson/Documents/SDX/ui-widgets/src/utils.ts","statementMap":{"0":{"start":{"line":1,"column":0},"end":{"line":1,"column":24}},"1":{"start":{"line":5,"column":0},"end":{"line":5,"column":42}},"2":{"start":{"line":6,"column":0},"end":{"line":6,"column":34}},"3":{"start":{"line":18,"column":1},"end":{"line":18,"column":45}},"4":{"start":{"line":21,"column":15},"end":{"line":21,"column":33}},"5":{"start":{"line":22,"column":16},"end":{"line":22,"column":48}},"6":{"start":{"line":23,"column":1},"end":{"line":23,"column":31}},"7":{"start":{"line":24,"column":1},"end":{"line":33,"column":13}},"8":{"start":{"line":20,"column":0},"end":{"line":20,"column":16}},"9":{"start":{"line":37,"column":1},"end":{"line":37,"column":45}},"10":{"start":{"line":36,"column":0},"end":{"line":36,"column":16}},"11":{"start":{"line":41,"column":1},"end":{"line":41,"column":63}},"12":{"start":{"line":40,"column":0},"end":{"line":40,"column":16}},"13":{"start":{"line":45,"column":1},"end":{"line":45,"column":33}},"14":{"start":{"line":44,"column":0},"end":{"line":44,"column":16}},"15":{"start":{"line":50,"column":1},"end":{"line":53,"column":18}},"16":{"start":{"line":49,"column":0},"end":{"line":49,"column":16}},"17":{"start":{"line":58,"column":1},"end":{"line":62,"column":42}},"18":{"start":{"line":57,"column":0},"end":{"line":57,"column":16}},"19":{"start":{"line":66,"column":1},"end":{"line":74,"column":3}},"20":{"start":{"line":65,"column":0},"end":{"line":65,"column":16}},"21":{"start":{"line":79,"column":1},"end":{"line":79,"column":76}},"22":{"start":{"line":79,"column":26},"end":{"line":79,"column":60}},"23":{"start":{"line":79,"column":65},"end":{"line":79,"column":76}},"24":{"start":{"line":78,"column":0},"end":{"line":78,"column":16}},"25":{"start":{"line":83,"column":1},"end":{"line":83,"column":80}},"26":{"start":{"line":83,"column":28},"end":{"line":83,"column":62}},"27":{"start":{"line":83,"column":67},"end":{"line":83,"column":80}},"28":{"start":{"line":82,"column":0},"end":{"line":82,"column":16}},"29":{"start":{"line":90,"column":16},"end":{"line":90,"column":41}},"30":{"start":{"line":91,"column":1},"end":{"line":95,"column":null}},"31":{"start":{"line":92,"column":2},"end":{"line":92,"column":24}},"32":{"start":{"line":94,"column":2},"end":{"line":94,"column":63}},"33":{"start":{"line":89,"column":0},"end":{"line":89,"column":16}},"34":{"start":{"line":99,"column":21},"end":{"line":99,"column":39}},"35":{"start":{"line":100,"column":15},"end":{"line":102,"column":26}},"36":{"start":{"line":103,"column":18},"end":{"line":103,"column":60}},"37":{"start":{"line":104,"column":20},"end":{"line":104,"column":32}},"38":{"start":{"line":105,"column":19},"end":{"line":105,"column":45}},"39":{"start":{"line":106,"column":1},"end":{"line":108,"column":null}},"40":{"start":{"line":106,"column":16},"end":{"line":106,"column":17}},"41":{"start":{"line":107,"column":2},"end":{"line":107,"column":41}},"42":{"start":{"line":109,"column":1},"end":{"line":109,"column":50}},"43":{"start":{"line":98,"column":0},"end":{"line":98,"column":16}},"44":{"start":{"line":117,"column":22},"end":{"line":117,"column":42}},"45":{"start":{"line":118,"column":22},"end":{"line":118,"column":63}},"46":{"start":{"line":119,"column":1},"end":{"line":119,"column":29}},"47":{"start":{"line":120,"column":1},"end":{"line":120,"column":41}},"48":{"start":{"line":121,"column":1},"end":{"line":121,"column":21}},"49":{"start":{"line":116,"column":0},"end":{"line":116,"column":16}},"50":{"start":{"line":129,"column":1},"end":{"line":135,"column":null}},"51":{"start":{"line":130,"column":2},"end":{"line":132,"column":null}},"52":{"start":{"line":131,"column":3},"end":{"line":131,"column":54}},"53":{"start":{"line":133,"column":8},"end":{"line":135,"column":null}},"54":{"start":{"line":134,"column":2},"end":{"line":134,"column":53}},"55":{"start":{"line":136,"column":1},"end":{"line":136,"column":24}},"56":{"start":{"line":128,"column":0},"end":{"line":128,"column":16}},"57":{"start":{"line":141,"column":17},"end":{"line":141,"column":55}},"58":{"start":{"line":142,"column":14},"end":{"line":142,"column":46}},"59":{"start":{"line":143,"column":1},"end":{"line":145,"column":null}},"60":{"start":{"line":144,"column":2},"end":{"line":144,"column":12}},"61":{"start":{"line":146,"column":16},"end":{"line":146,"column":31}},"62":{"start":{"line":147,"column":14},"end":{"line":147,"column":15}},"63":{"start":{"line":148,"column":1},"end":{"line":171,"column":null}},"64":{"start":{"line":149,"column":17},"end":{"line":149,"column":46}},"65":{"start":{"line":150,"column":2},"end":{"line":150,"column":14}},"66":{"start":{"line":152,"column":2},"end":{"line":170,"column":null}},"67":{"start":{"line":153,"column":3},"end":{"line":155,"column":null}},"68":{"start":{"line":154,"column":4},"end":{"line":154,"column":14}},"69":{"start":{"line":156,"column":18},"end":{"line":156,"column":63}},"70":{"start":{"line":157,"column":3},"end":{"line":157,"column":48}},"71":{"start":{"line":158,"column":16},"end":{"line":158,"column":46}},"72":{"start":{"line":159,"column":3},"end":{"line":159,"column":15}},"73":{"start":{"line":161,"column":3},"end":{"line":165,"column":null}},"74":{"start":{"line":161,"column":16},"end":{"line":161,"column":17}},"75":{"start":{"line":162,"column":4},"end":{"line":164,"column":null}},"76":{"start":{"line":163,"column":5},"end":{"line":163,"column":58}},"77":{"start":{"line":166,"column":9},"end":{"line":170,"column":null}},"78":{"start":{"line":167,"column":3},"end":{"line":167,"column":9}},"79":{"start":{"line":169,"column":3},"end":{"line":169,"column":43}},"80":{"start":{"line":172,"column":1},"end":{"line":172,"column":11}},"81":{"start":{"line":139,"column":0},"end":{"line":139,"column":16}},"82":{"start":{"line":176,"column":1},"end":{"line":182,"column":4}},"83":{"start":{"line":177,"column":17},"end":{"line":177,"column":33}},"84":{"start":{"line":178,"column":2},"end":{"line":180,"column":4}},"85":{"start":{"line":179,"column":3},"end":{"line":179,"column":41}},"86":{"start":{"line":181,"column":2},"end":{"line":181,"column":33}},"87":{"start":{"line":175,"column":0},"end":{"line":175,"column":16}},"88":{"start":{"line":186,"column":1},"end":{"line":186,"column":51}},"89":{"start":{"line":185,"column":0},"end":{"line":185,"column":16}},"90":{"start":{"line":190,"column":1},"end":{"line":192,"column":null}},"91":{"start":{"line":191,"column":2},"end":{"line":191,"column":9}},"92":{"start":{"line":193,"column":1},"end":{"line":230,"column":null}},"93":{"start":{"line":196,"column":3},"end":{"line":196,"column":27}},"94":{"start":{"line":197,"column":3},"end":{"line":197,"column":20}},"95":{"start":{"line":198,"column":3},"end":{"line":198,"column":10}},"96":{"start":{"line":201,"column":3},"end":{"line":201,"column":32}},"97":{"start":{"line":202,"column":3},"end":{"line":202,"column":23}},"98":{"start":{"line":203,"column":3},"end":{"line":203,"column":10}},"99":{"start":{"line":206,"column":3},"end":{"line":206,"column":28}},"100":{"start":{"line":207,"column":3},"end":{"line":207,"column":20}},"101":{"start":{"line":208,"column":3},"end":{"line":208,"column":10}},"102":{"start":{"line":211,"column":3},"end":{"line":211,"column":29}},"103":{"start":{"line":212,"column":3},"end":{"line":212,"column":20}},"104":{"start":{"line":213,"column":3},"end":{"line":213,"column":10}},"105":{"start":{"line":216,"column":3},"end":{"line":216,"column":29}},"106":{"start":{"line":217,"column":3},"end":{"line":217,"column":29}},"107":{"start":{"line":218,"column":3},"end":{"line":218,"column":10}},"108":{"start":{"line":221,"column":3},"end":{"line":221,"column":29}},"109":{"start":{"line":222,"column":3},"end":{"line":222,"column":33}},"110":{"start":{"line":223,"column":3},"end":{"line":223,"column":20}},"111":{"start":{"line":224,"column":3},"end":{"line":224,"column":10}},"112":{"start":{"line":227,"column":3},"end":{"line":227,"column":30}},"113":{"start":{"line":228,"column":3},"end":{"line":228,"column":28}},"114":{"start":{"line":229,"column":3},"end":{"line":229,"column":10}},"115":{"start":{"line":189,"column":0},"end":{"line":189,"column":16}},"116":{"start":{"line":240,"column":1},"end":{"line":242,"column":null}},"117":{"start":{"line":241,"column":2},"end":{"line":241,"column":60}},"118":{"start":{"line":243,"column":1},"end":{"line":265,"column":6}},"119":{"start":{"line":244,"column":25},"end":{"line":265,"column":5}},"120":{"start":{"line":245,"column":17},"end":{"line":245,"column":28}},"121":{"start":{"line":246,"column":3},"end":{"line":261,"column":5}},"122":{"start":{"line":247,"column":19},"end":{"line":247,"column":51}},"123":{"start":{"line":248,"column":28},"end":{"line":248,"column":73}},"124":{"start":{"line":248,"column":16},"end":{"line":248,"column":18}},"125":{"start":{"line":248,"column":24},"end":{"line":248,"column":28}},"126":{"start":{"line":250,"column":4},"end":{"line":256,"column":null}},"127":{"start":{"line":251,"column":5},"end":{"line":251,"column":27}},"128":{"start":{"line":252,"column":5},"end":{"line":252,"column":27}},"129":{"start":{"line":254,"column":5},"end":{"line":254,"column":26}},"130":{"start":{"line":255,"column":5},"end":{"line":255,"column":28}},"131":{"start":{"line":257,"column":20},"end":{"line":257,"column":71}},"132":{"start":{"line":258,"column":4},"end":{"line":258,"column":55}},"133":{"start":{"line":259,"column":4},"end":{"line":259,"column":50}},"134":{"start":{"line":260,"column":4},"end":{"line":260,"column":36}},"135":{"start":{"line":262,"column":18},"end":{"line":262,"column":34}},"136":{"start":{"line":263,"column":3},"end":{"line":263,"column":61}},"137":{"start":{"line":263,"column":25},"end":{"line":263,"column":61}},"138":{"start":{"line":264,"column":3},"end":{"line":264,"column":30}},"139":{"start":{"line":239,"column":0},"end":{"line":239,"column":16}},"140":{"start":{"line":270,"column":16},"end":{"line":270,"column":48}},"141":{"start":{"line":271,"column":1},"end":{"line":271,"column":22}},"142":{"start":{"line":272,"column":1},"end":{"line":272,"column":24}},"143":{"start":{"line":273,"column":18},"end":{"line":273,"column":38}},"144":{"start":{"line":274,"column":17},"end":{"line":274,"column":68}},"145":{"start":{"line":275,"column":1},"end":{"line":275,"column":33}},"146":{"start":{"line":276,"column":1},"end":{"line":276,"column":40}},"147":{"start":{"line":277,"column":1},"end":{"line":277,"column":56}},"148":{"start":{"line":278,"column":1},"end":{"line":278,"column":27}},"149":{"start":{"line":269,"column":0},"end":{"line":269,"column":16}},"150":{"start":{"line":294,"column":23},"end":{"line":294,"column":50}},"151":{"start":{"line":294,"column":19},"end":{"line":294,"column":23}},"152":{"start":{"line":295,"column":1},"end":{"line":386,"column":null}},"153":{"start":{"line":305,"column":3},"end":{"line":305,"column":28}},"154":{"start":{"line":344,"column":3},"end":{"line":344,"column":30}},"155":{"start":{"line":346,"column":3},"end":{"line":346,"column":28}},"156":{"start":{"line":356,"column":3},"end":{"line":356,"column":30}},"157":{"start":{"line":369,"column":3},"end":{"line":369,"column":30}},"158":{"start":{"line":375,"column":3},"end":{"line":375,"column":29}},"159":{"start":{"line":383,"column":3},"end":{"line":383,"column":26}},"160":{"start":{"line":385,"column":3},"end":{"line":385,"column":25}},"161":{"start":{"line":293,"column":0},"end":{"line":293,"column":16}},"162":{"start":{"line":391,"column":1},"end":{"line":391,"column":47}},"163":{"start":{"line":389,"column":0},"end":{"line":389,"column":16}}},"fnMap":{"0":{"name":"toHex","decl":{"start":{"line":16,"column":9},"end":{"line":16,"column":14}},"loc":{"start":{"line":16,"column":26},"end":{"line":19,"column":1}}},"1":{"name":"guid","decl":{"start":{"line":20,"column":16},"end":{"line":20,"column":20}},"loc":{"start":{"line":20,"column":20},"end":{"line":34,"column":1}}},"2":{"name":"pxRatio","decl":{"start":{"line":36,"column":16},"end":{"line":36,"column":23}},"loc":{"start":{"line":36,"column":23},"end":{"line":38,"column":1}}},"3":{"name":"getLabelText","decl":{"start":{"line":40,"column":16},"end":{"line":40,"column":28}},"loc":{"start":{"line":40,"column":62},"end":{"line":42,"column":1}}},"4":{"name":"imgSrc","decl":{"start":{"line":44,"column":16},"end":{"line":44,"column":22}},"loc":{"start":{"line":44,"column":53},"end":{"line":46,"column":1}}},"5":{"name":"getDisplayLabel","decl":{"start":{"line":49,"column":16},"end":{"line":49,"column":31}},"loc":{"start":{"line":49,"column":46},"end":{"line":54,"column":1}}},"6":{"name":"getLabel","decl":{"start":{"line":57,"column":16},"end":{"line":57,"column":24}},"loc":{"start":{"line":57,"column":96},"end":{"line":63,"column":1}}},"7":{"name":"labelIcon","decl":{"start":{"line":65,"column":16},"end":{"line":65,"column":25}},"loc":{"start":{"line":65,"column":79},"end":{"line":75,"column":1}}},"8":{"name":"setValue","decl":{"start":{"line":78,"column":16},"end":{"line":78,"column":24}},"loc":{"start":{"line":78,"column":41},"end":{"line":80,"column":1}}},"9":{"name":"(anonymous_10)","decl":{"start":{"line":79,"column":8},"end":{"line":79,"column":9}},"loc":{"start":{"line":79,"column":60},"end":{"line":79,"column":68}}},"10":{"name":"setCheck","decl":{"start":{"line":82,"column":16},"end":{"line":82,"column":24}},"loc":{"start":{"line":82,"column":41},"end":{"line":84,"column":1}}},"11":{"name":"(anonymous_12)","decl":{"start":{"line":83,"column":8},"end":{"line":83,"column":9}},"loc":{"start":{"line":83,"column":62},"end":{"line":83,"column":70}}},"12":{"name":"fileNameExtSplit","decl":{"start":{"line":89,"column":16},"end":{"line":89,"column":32}},"loc":{"start":{"line":89,"column":49},"end":{"line":96,"column":1}}},"13":{"name":"dataURItoBlob","decl":{"start":{"line":98,"column":16},"end":{"line":98,"column":29}},"loc":{"start":{"line":98,"column":45},"end":{"line":110,"column":1}}},"14":{"name":"fileConstructor","decl":{"start":{"line":116,"column":16},"end":{"line":116,"column":31}},"loc":{"start":{"line":116,"column":60},"end":{"line":122,"column":1}}},"15":{"name":"scaleRect","decl":{"start":{"line":128,"column":16},"end":{"line":128,"column":25}},"loc":{"start":{"line":128,"column":70},"end":{"line":137,"column":1}}},"16":{"name":"getOrientation","decl":{"start":{"line":139,"column":16},"end":{"line":139,"column":30}},"loc":{"start":{"line":139,"column":50},"end":{"line":173,"column":1}}},"17":{"name":"readArrayBuffer","decl":{"start":{"line":175,"column":16},"end":{"line":175,"column":31}},"loc":{"start":{"line":175,"column":42},"end":{"line":183,"column":1}}},"18":{"name":"(anonymous_19)","decl":{"start":{"line":176,"column":20},"end":{"line":176,"column":21}},"loc":{"start":{"line":176,"column":28},"end":{"line":182,"column":2}}},"19":{"name":"(anonymous_20)","decl":{"start":{"line":178,"column":18},"end":{"line":178,"column":null}},"loc":{"start":{"line":178,"column":18},"end":{"line":180,"column":3}}},"20":{"name":"readOrientation","decl":{"start":{"line":185,"column":16},"end":{"line":185,"column":31}},"loc":{"start":{"line":185,"column":42},"end":{"line":187,"column":1}}},"21":{"name":"rotateContext","decl":{"start":{"line":189,"column":16},"end":{"line":189,"column":29}},"loc":{"start":{"line":189,"column":112},"end":{"line":231,"column":1}}},"22":{"name":"resizeImage","decl":{"start":{"line":239,"column":16},"end":{"line":239,"column":27}},"loc":{"start":{"line":239,"column":70},"end":{"line":266,"column":1}}},"23":{"name":"(anonymous_24)","decl":{"start":{"line":244,"column":8},"end":{"line":244,"column":9}},"loc":{"start":{"line":244,"column":20},"end":{"line":244,"column":29}}},"24":{"name":"(anonymous_25)","decl":{"start":{"line":244,"column":37},"end":{"line":244,"column":38}},"loc":{"start":{"line":244,"column":45},"end":{"line":265,"column":3}}},"25":{"name":"(anonymous_26)","decl":{"start":{"line":246,"column":18},"end":{"line":246,"column":null}},"loc":{"start":{"line":246,"column":18},"end":{"line":261,"column":4}}},"26":{"name":"(anonymous_27)","decl":{"start":{"line":263,"column":19},"end":{"line":263,"column":25}},"loc":{"start":{"line":263,"column":19},"end":{"line":263,"column":30}}},"27":{"name":"textToImage","decl":{"start":{"line":269,"column":16},"end":{"line":269,"column":27}},"loc":{"start":{"line":269,"column":85},"end":{"line":279,"column":1}}},"28":{"name":"getFileTypeIcon","decl":{"start":{"line":293,"column":16},"end":{"line":293,"column":31}},"loc":{"start":{"line":293,"column":43},"end":{"line":387,"column":1}}},"29":{"name":"isImage","decl":{"start":{"line":389,"column":16},"end":{"line":389,"column":23}},"loc":{"start":{"line":389,"column":40},"end":{"line":392,"column":1}}}},"branchMap":{"0":{"loc":{"start":{"line":22,"column":16},"end":{"line":22,"column":29}},"type":"binary-expr","locations":[{"start":{"line":22,"column":16},"end":{"line":22,"column":29}},{"start":{"line":22,"column":33},"end":{"line":22,"column":48}}]},"1":{"loc":{"start":{"line":41,"column":19},"end":{"line":41,"column":54}},"type":"cond-expr","locations":[{"start":{"line":41,"column":19},"end":{"line":41,"column":54}},{"start":{"line":41,"column":57},"end":{"line":41,"column":62}}]},"2":{"loc":{"start":{"line":45,"column":18},"end":{"line":45,"column":25}},"type":"cond-expr","locations":[{"start":{"line":45,"column":18},"end":{"line":45,"column":25}},{"start":{"line":45,"column":28},"end":{"line":45,"column":32}}]},"3":{"loc":{"start":{"line":50,"column":16},"end":{"line":53,"column":10}},"type":"cond-expr","locations":[{"start":{"line":50,"column":16},"end":{"line":53,"column":10}},{"start":{"line":53,"column":13},"end":{"line":53,"column":17}}]},"4":{"loc":{"start":{"line":58,"column":16},"end":{"line":62,"column":34}},"type":"cond-expr","locations":[{"start":{"line":58,"column":16},"end":{"line":62,"column":34}},{"start":{"line":62,"column":37},"end":{"line":62,"column":41}}]},"5":{"loc":{"start":{"line":67,"column":13},"end":{"line":69,"column":4}},"type":"cond-expr","locations":[{"start":{"line":67,"column":13},"end":{"line":69,"column":4}},{"start":{"line":69,"column":7},"end":{"line":69,"column":11}}]},"6":{"loc":{"start":{"line":68,"column":21},"end":{"line":68,"column":26}},"type":"cond-expr","locations":[{"start":{"line":68,"column":21},"end":{"line":68,"column":26}},{"start":{"line":68,"column":29},"end":{"line":68,"column":31}}]},"7":{"loc":{"start":{"line":71,"column":14},"end":{"line":73,"column":4}},"type":"cond-expr","locations":[{"start":{"line":71,"column":14},"end":{"line":73,"column":4}},{"start":{"line":73,"column":7},"end":{"line":73,"column":11}}]},"8":{"loc":{"start":{"line":72,"column":21},"end":{"line":72,"column":26}},"type":"cond-expr","locations":[{"start":{"line":72,"column":21},"end":{"line":72,"column":26}},{"start":{"line":72,"column":29},"end":{"line":72,"column":31}}]},"9":{"loc":{"start":{"line":91,"column":1},"end":{"line":95,"column":null}},"type":"if","locations":[{"start":{"line":91,"column":1},"end":{"line":95,"column":null}},{"start":{"line":91,"column":1},"end":{"line":95,"column":null}}]},"10":{"loc":{"start":{"line":101,"column":2},"end":{"line":101,"column":22}},"type":"cond-expr","locations":[{"start":{"line":101,"column":2},"end":{"line":101,"column":22}},{"start":{"line":102,"column":2},"end":{"line":102,"column":26}}]},"11":{"loc":{"start":{"line":129,"column":1},"end":{"line":135,"column":null}},"type":"if","locations":[{"start":{"line":129,"column":1},"end":{"line":135,"column":null}},{"start":{"line":129,"column":1},"end":{"line":135,"column":null}}]},"12":{"loc":{"start":{"line":130,"column":2},"end":{"line":132,"column":null}},"type":"if","locations":[{"start":{"line":130,"column":2},"end":{"line":132,"column":null}},{"start":{"line":130,"column":2},"end":{"line":132,"column":null}}]},"13":{"loc":{"start":{"line":133,"column":8},"end":{"line":135,"column":null}},"type":"if","locations":[{"start":{"line":133,"column":8},"end":{"line":135,"column":null}},{"start":{"line":133,"column":8},"end":{"line":135,"column":null}}]},"14":{"loc":{"start":{"line":143,"column":1},"end":{"line":145,"column":null}},"type":"if","locations":[{"start":{"line":143,"column":1},"end":{"line":145,"column":null}},{"start":{"line":143,"column":1},"end":{"line":145,"column":null}}]},"15":{"loc":{"start":{"line":152,"column":2},"end":{"line":170,"column":null}},"type":"if","locations":[{"start":{"line":152,"column":2},"end":{"line":170,"column":null}},{"start":{"line":152,"column":2},"end":{"line":170,"column":null}}]},"16":{"loc":{"start":{"line":153,"column":3},"end":{"line":155,"column":null}},"type":"if","locations":[{"start":{"line":153,"column":3},"end":{"line":155,"column":null}},{"start":{"line":153,"column":3},"end":{"line":155,"column":null}}]},"17":{"loc":{"start":{"line":162,"column":4},"end":{"line":164,"column":null}},"type":"if","locations":[{"start":{"line":162,"column":4},"end":{"line":164,"column":null}},{"start":{"line":162,"column":4},"end":{"line":164,"column":null}}]},"18":{"loc":{"start":{"line":166,"column":9},"end":{"line":170,"column":null}},"type":"if","locations":[{"start":{"line":166,"column":9},"end":{"line":170,"column":null}},{"start":{"line":166,"column":9},"end":{"line":170,"column":null}}]},"19":{"loc":{"start":{"line":190,"column":1},"end":{"line":192,"column":null}},"type":"if","locations":[{"start":{"line":190,"column":1},"end":{"line":192,"column":null}},{"start":{"line":190,"column":1},"end":{"line":192,"column":null}}]},"20":{"loc":{"start":{"line":190,"column":5},"end":{"line":190,"column":17}},"type":"binary-expr","locations":[{"start":{"line":190,"column":5},"end":{"line":190,"column":17}},{"start":{"line":190,"column":21},"end":{"line":190,"column":36}}]},"21":{"loc":{"start":{"line":194,"column":2},"end":{"line":198,"column":10}},"type":"switch","locations":[{"start":{"line":194,"column":2},"end":{"line":198,"column":10}},{"start":{"line":199,"column":2},"end":{"line":203,"column":10}},{"start":{"line":204,"column":2},"end":{"line":208,"column":10}},{"start":{"line":209,"column":2},"end":{"line":213,"column":10}},{"start":{"line":214,"column":2},"end":{"line":218,"column":10}},{"start":{"line":219,"column":2},"end":{"line":224,"column":10}},{"start":{"line":225,"column":2},"end":{"line":229,"column":10}}]},"22":{"loc":{"start":{"line":240,"column":1},"end":{"line":242,"column":null}},"type":"if","locations":[{"start":{"line":240,"column":1},"end":{"line":242,"column":null}},{"start":{"line":240,"column":1},"end":{"line":242,"column":null}}]},"23":{"loc":{"start":{"line":250,"column":4},"end":{"line":256,"column":null}},"type":"if","locations":[{"start":{"line":250,"column":4},"end":{"line":256,"column":null}},{"start":{"line":250,"column":4},"end":{"line":256,"column":null}}]},"24":{"loc":{"start":{"line":296,"column":2},"end":{"line":296,"column":14}},"type":"switch","locations":[{"start":{"line":296,"column":2},"end":{"line":296,"column":14}},{"start":{"line":297,"column":2},"end":{"line":297,"column":15}},{"start":{"line":298,"column":2},"end":{"line":298,"column":14}},{"start":{"line":299,"column":2},"end":{"line":299,"column":14}},{"start":{"line":300,"column":2},"end":{"line":300,"column":15}},{"start":{"line":301,"column":2},"end":{"line":301,"column":15}},{"start":{"line":302,"column":2},"end":{"line":302,"column":15}},{"start":{"line":303,"column":2},"end":{"line":303,"column":15}},{"start":{"line":304,"column":2},"end":{"line":305,"column":28}},{"start":{"line":306,"column":2},"end":{"line":306,"column":15}},{"start":{"line":307,"column":2},"end":{"line":307,"column":14}},{"start":{"line":308,"column":2},"end":{"line":308,"column":14}},{"start":{"line":309,"column":2},"end":{"line":309,"column":14}},{"start":{"line":310,"column":2},"end":{"line":310,"column":14}},{"start":{"line":311,"column":2},"end":{"line":311,"column":14}},{"start":{"line":312,"column":2},"end":{"line":312,"column":15}},{"start":{"line":313,"column":2},"end":{"line":313,"column":14}},{"start":{"line":314,"column":2},"end":{"line":314,"column":14}},{"start":{"line":315,"column":2},"end":{"line":315,"column":14}},{"start":{"line":316,"column":2},"end":{"line":316,"column":15}},{"start":{"line":317,"column":2},"end":{"line":317,"column":14}},{"start":{"line":318,"column":2},"end":{"line":318,"column":13}},{"start":{"line":319,"column":2},"end":{"line":319,"column":14}},{"start":{"line":320,"column":2},"end":{"line":320,"column":14}},{"start":{"line":321,"column":2},"end":{"line":321,"column":13}},{"start":{"line":322,"column":2},"end":{"line":322,"column":15}},{"start":{"line":323,"column":2},"end":{"line":323,"column":14}},{"start":{"line":324,"column":2},"end":{"line":324,"column":14}},{"start":{"line":325,"column":2},"end":{"line":325,"column":14}},{"start":{"line":326,"column":2},"end":{"line":326,"column":14}},{"start":{"line":327,"column":2},"end":{"line":327,"column":14}},{"start":{"line":328,"column":2},"end":{"line":328,"column":14}},{"start":{"line":329,"column":2},"end":{"line":329,"column":14}},{"start":{"line":330,"column":2},"end":{"line":330,"column":14}},{"start":{"line":331,"column":2},"end":{"line":331,"column":15}},{"start":{"line":332,"column":2},"end":{"line":332,"column":14}},{"start":{"line":333,"column":2},"end":{"line":333,"column":14}},{"start":{"line":334,"column":2},"end":{"line":334,"column":14}},{"start":{"line":335,"column":2},"end":{"line":335,"column":14}},{"start":{"line":336,"column":2},"end":{"line":336,"column":14}},{"start":{"line":337,"column":2},"end":{"line":337,"column":14}},{"start":{"line":338,"column":2},"end":{"line":338,"column":14}},{"start":{"line":339,"column":2},"end":{"line":339,"column":14}},{"start":{"line":340,"column":2},"end":{"line":340,"column":14}},{"start":{"line":341,"column":2},"end":{"line":341,"column":14}},{"start":{"line":342,"column":2},"end":{"line":342,"column":14}},{"start":{"line":343,"column":2},"end":{"line":344,"column":30}},{"start":{"line":345,"column":2},"end":{"line":346,"column":28}},{"start":{"line":347,"column":2},"end":{"line":347,"column":14}},{"start":{"line":348,"column":2},"end":{"line":348,"column":14}},{"start":{"line":349,"column":2},"end":{"line":349,"column":15}},{"start":{"line":350,"column":2},"end":{"line":350,"column":14}},{"start":{"line":351,"column":2},"end":{"line":351,"column":14}},{"start":{"line":352,"column":2},"end":{"line":352,"column":14}},{"start":{"line":353,"column":2},"end":{"line":353,"column":14}},{"start":{"line":354,"column":2},"end":{"line":354,"column":15}},{"start":{"line":355,"column":2},"end":{"line":356,"column":30}},{"start":{"line":357,"column":2},"end":{"line":357,"column":14}},{"start":{"line":358,"column":2},"end":{"line":358,"column":14}},{"start":{"line":359,"column":2},"end":{"line":359,"column":14}},{"start":{"line":360,"column":2},"end":{"line":360,"column":15}},{"start":{"line":361,"column":2},"end":{"line":361,"column":15}},{"start":{"line":362,"column":2},"end":{"line":362,"column":15}},{"start":{"line":363,"column":2},"end":{"line":363,"column":15}},{"start":{"line":364,"column":2},"end":{"line":364,"column":15}},{"start":{"line":365,"column":2},"end":{"line":365,"column":14}},{"start":{"line":366,"column":2},"end":{"line":366,"column":15}},{"start":{"line":367,"column":2},"end":{"line":367,"column":14}},{"start":{"line":368,"column":2},"end":{"line":369,"column":30}},{"start":{"line":370,"column":2},"end":{"line":370,"column":15}},{"start":{"line":371,"column":2},"end":{"line":371,"column":13}},{"start":{"line":372,"column":2},"end":{"line":372,"column":14}},{"start":{"line":373,"column":2},"end":{"line":373,"column":15}},{"start":{"line":374,"column":2},"end":{"line":375,"column":29}},{"start":{"line":376,"column":2},"end":{"line":376,"column":14}},{"start":{"line":377,"column":2},"end":{"line":377,"column":15}},{"start":{"line":378,"column":2},"end":{"line":378,"column":14}},{"start":{"line":379,"column":2},"end":{"line":379,"column":15}},{"start":{"line":380,"column":2},"end":{"line":380,"column":14}},{"start":{"line":381,"column":2},"end":{"line":381,"column":14}},{"start":{"line":382,"column":2},"end":{"line":383,"column":26}},{"start":{"line":384,"column":2},"end":{"line":385,"column":25}}]},"25":{"loc":{"start":{"line":391,"column":8},"end":{"line":391,"column":16}},"type":"binary-expr","locations":[{"start":{"line":391,"column":8},"end":{"line":391,"column":16}},{"start":{"line":391,"column":20},"end":{"line":391,"column":46}}]}},"s":{"0":37,"1":37,"2":37,"3":192,"4":12,"5":12,"6":12,"7":12,"8":37,"9":4,"10":37,"11":51,"12":37,"13":13,"14":37,"15":19,"16":37,"17":38,"18":37,"19":31,"20":37,"21":29,"22":4,"23":4,"24":37,"25":5,"26":1,"27":1,"28":37,"29":91,"30":91,"31":9,"32":82,"33":37,"34":14,"35":14,"36":14,"37":14,"38":14,"39":14,"40":14,"41":744,"42":14,"43":37,"44":7,"45":7,"46":7,"47":7,"48":7,"49":37,"50":11,"51":2,"52":1,"53":9,"54":1,"55":9,"56":37,"57":10,"58":10,"59":10,"60":7,"61":3,"62":3,"63":3,"64":3,"65":3,"66":3,"67":2,"68":1,"69":1,"70":1,"71":1,"72":1,"73":1,"74":1,"75":1,"76":1,"77":1,"78":1,"79":0,"80":1,"81":37,"82":6,"83":6,"84":6,"85":6,"86":6,"87":37,"88":6,"89":37,"90":15,"91":1,"92":14,"93":1,"94":1,"95":1,"96":1,"97":1,"98":1,"99":1,"100":1,"101":1,"102":1,"103":1,"104":1,"105":1,"106":1,"107":1,"108":1,"109":1,"110":1,"111":1,"112":1,"113":1,"114":1,"115":37,"116":7,"117":1,"118":6,"119":6,"120":6,"121":6,"122":6,"123":6,"124":6,"125":6,"126":6,"127":0,"128":0,"129":6,"130":6,"131":6,"132":6,"133":6,"134":6,"135":6,"136":6,"137":6,"138":6,"139":37,"140":2,"141":2,"142":2,"143":2,"144":2,"145":2,"146":2,"147":2,"148":2,"149":37,"150":89,"151":89,"152":89,"153":9,"154":38,"155":1,"156":9,"157":12,"158":5,"159":7,"160":8,"161":37,"162":4,"163":37},"f":{"0":192,"1":12,"2":4,"3":51,"4":13,"5":19,"6":38,"7":31,"8":29,"9":4,"10":5,"11":1,"12":91,"13":14,"14":7,"15":11,"16":10,"17":6,"18":6,"19":6,"20":6,"21":15,"22":7,"23":6,"24":6,"25":6,"26":6,"27":2,"28":89,"29":4},"b":{"0":[12,0],"1":[2,49],"2":[2,11],"3":[8,11],"4":[24,14],"5":[23,8],"6":[2,21],"7":[5,26],"8":[4,1],"9":[9,82],"10":[13,1],"11":[2,9],"12":[1,1],"13":[1,8],"14":[7,3],"15":[2,1],"16":[1,1],"17":[1,0],"18":[1,0],"19":[1,14],"20":[15,15],"21":[1,1,1,1,1,1,1],"22":[1,6],"23":[0,6],"24":[1,2,3,4,5,6,7,8,9,1,2,3,4,5,6,7,8,9,10,11,12,13,14,15,16,17,18,19,20,21,22,23,24,25,26,27,28,29,30,31,32,33,34,35,36,37,38,1,1,2,3,4,5,6,7,8,9,1,2,3,4,5,6,7,8,9,10,11,12,1,2,3,4,5,1,2,3,4,5,6,7,8],"25":[4,4]}}
,"/Users/crispinanderson/Documents/SDX/ui-widgets/src/validation.ts": {"path":"/Users/crispinanderson/Documents/SDX/ui-widgets/src/validation.ts","statementMap":{"0":{"start":{"line":6,"column":1},"end":{"line":8,"column":null}},"1":{"start":{"line":7,"column":2},"end":{"line":7,"column":16}},"2":{"start":{"line":9,"column":1},"end":{"line":9,"column":14}},"3":{"start":{"line":5,"column":0},"end":{"line":5,"column":16}},"4":{"start":{"line":13,"column":1},"end":{"line":15,"column":null}},"5":{"start":{"line":14,"column":2},"end":{"line":14,"column":26}},"6":{"start":{"line":16,"column":1},"end":{"line":16,"column":14}},"7":{"start":{"line":12,"column":0},"end":{"line":12,"column":16}}},"fnMap":{"0":{"name":"propInvalid","decl":{"start":{"line":5,"column":16},"end":{"line":5,"column":27}},"loc":{"start":{"line":5,"column":55},"end":{"line":10,"column":1}}},"1":{"name":"fileInvalid","decl":{"start":{"line":12,"column":16},"end":{"line":12,"column":27}},"loc":{"start":{"line":12,"column":57},"end":{"line":17,"column":1}}}},"branchMap":{"0":{"loc":{"start":{"line":6,"column":1},"end":{"line":8,"column":null}},"type":"if","locations":[{"start":{"line":6,"column":1},"end":{"line":8,"column":null}},{"start":{"line":6,"column":1},"end":{"line":8,"column":null}}]},"1":{"loc":{"start":{"line":13,"column":1},"end":{"line":15,"column":null}},"type":"if","locations":[{"start":{"line":13,"column":1},"end":{"line":15,"column":null}},{"start":{"line":13,"column":1},"end":{"line":15,"column":null}}]}},"s":{"0":25,"1":2,"2":23,"3":16,"4":27,"5":1,"6":26,"7":16},"f":{"0":25,"1":27},"b":{"0":[2,23],"1":[1,26]}}
,"/Users/crispinanderson/Documents/SDX/ui-widgets/src/display/baseText.ts": {"path":"/Users/crispinanderson/Documents/SDX/ui-widgets/src/display/baseText.ts","statementMap":{"0":{"start":{"line":1,"column":0},"end":{"line":1,"column":52}},"1":{"start":{"line":5,"column":0},"end":{"line":5,"column":45}},"2":{"start":{"line":6,"column":0},"end":{"line":6,"column":43}},"3":{"start":{"line":8,"column":0},"end":{"line":8,"column":13}},"4":{"start":{"line":10,"column":8},"end":{"line":22,"column":null}},"5":{"start":{"line":10,"column":15},"end":{"line":10,"column":24}},"6":{"start":{"line":10,"column":29},"end":{"line":10,"column":31}},"7":{"start":{"line":10,"column":36},"end":{"line":10,"column":38}},"8":{"start":{"line":11,"column":41},"end":{"line":11,"column":47}},"9":{"start":{"line":11,"column":24},"end":{"line":11,"column":31}},"10":{"start":{"line":12,"column":2},"end":{"line":21,"column":5}},"11":{"start":{"line":24,"column":0},"end":{"line":24,"column":null}},"12":{"start":{"line":8,"column":13},"end":{"line":8,"column":21}}},"fnMap":{"0":{"name":"(anonymous_1)","decl":{"start":{"line":8,"column":0},"end":{"line":8,"column":13}},"loc":{"start":{"line":8,"column":0},"end":{"line":24,"column":null}}},"1":{"name":"(anonymous_3)","decl":{"start":{"line":10,"column":1},"end":{"line":10,"column":8}},"loc":{"start":{"line":10,"column":61},"end":{"line":22,"column":2}}}},"branchMap":{"0":{"loc":{"start":{"line":11,"column":27},"end":{"line":11,"column":29}},"type":"cond-expr","locations":[{"start":{"line":11,"column":27},"end":{"line":11,"column":29}},{"start":{"line":11,"column":29},"end":{"line":11,"column":31}}]}},"s":{"0":1,"1":1,"2":1,"3":1,"4":1,"5":2,"6":2,"7":2,"8":6,"9":2,"10":2,"11":1,"12":1},"f":{"0":3,"1":2},"b":{"0":[1,1]}}
,"/Users/crispinanderson/Documents/SDX/ui-widgets/src/display/checkLabel.ts": {"path":"/Users/crispinanderson/Documents/SDX/ui-widgets/src/display/checkLabel.ts","statementMap":{"0":{"start":{"line":1,"column":0},"end":{"line":1,"column":28}},"1":{"start":{"line":2,"column":0},"end":{"line":2,"column":52}},"2":{"start":{"line":6,"column":0},"end":{"line":6,"column":13}},"3":{"start":{"line":8,"column":8},"end":{"line":15,"column":null}},"4":{"start":{"line":8,"column":15},"end":{"line":8,"column":24}},"5":{"start":{"line":8,"column":29},"end":{"line":8,"column":31}},"6":{"start":{"line":8,"column":36},"end":{"line":8,"column":38}},"7":{"start":{"line":9,"column":27},"end":{"line":9,"column":49}},"8":{"start":{"line":9,"column":17},"end":{"line":9,"column":27}},"9":{"start":{"line":10,"column":19},"end":{"line":12,"column":null}},"10":{"start":{"line":14,"column":2},"end":{"line":14,"column":57}},"11":{"start":{"line":16,"column":0},"end":{"line":16,"column":null}},"12":{"start":{"line":6,"column":13},"end":{"line":6,"column":23}}},"fnMap":{"0":{"name":"(anonymous_1)","decl":{"start":{"line":6,"column":0},"end":{"line":6,"column":13}},"loc":{"start":{"line":6,"column":0},"end":{"line":16,"column":null}}},"1":{"name":"(anonymous_3)","decl":{"start":{"line":8,"column":1},"end":{"line":8,"column":8}},"loc":{"start":{"line":8,"column":61},"end":{"line":15,"column":2}}}},"branchMap":{"0":{"loc":{"start":{"line":9,"column":20},"end":{"line":9,"column":22}},"type":"cond-expr","locations":[{"start":{"line":9,"column":20},"end":{"line":9,"column":22}},{"start":{"line":9,"column":22},"end":{"line":9,"column":27}}]},"1":{"loc":{"start":{"line":12,"column":36},"end":{"line":12,"column":43}},"type":"binary-expr","locations":[{"start":{"line":12,"column":36},"end":{"line":12,"column":43}},{"start":{"line":12,"column":47},"end":{"line":12,"column":52}}]},"2":{"loc":{"start":{"line":14,"column":20},"end":{"line":14,"column":49}},"type":"cond-expr","locations":[{"start":{"line":14,"column":20},"end":{"line":14,"column":49}},{"start":{"line":14,"column":52},"end":{"line":14,"column":56}}]}},"s":{"0":4,"1":4,"2":4,"3":4,"4":8,"5":8,"6":8,"7":8,"8":8,"9":8,"10":8,"11":4,"12":4},"f":{"0":12,"1":8},"b":{"0":[7,1],"1":[8,4],"2":[1,7]}}
,"/Users/crispinanderson/Documents/SDX/ui-widgets/src/display/checkbox.ts": {"path":"/Users/crispinanderson/Documents/SDX/ui-widgets/src/display/checkbox.ts","statementMap":{"0":{"start":{"line":1,"column":0},"end":{"line":1,"column":52}},"1":{"start":{"line":6,"column":0},"end":{"line":6,"column":35}},"2":{"start":{"line":7,"column":0},"end":{"line":7,"column":45}},"3":{"start":{"line":8,"column":0},"end":{"line":8,"column":43}},"4":{"start":{"line":10,"column":0},"end":{"line":10,"column":42}},"5":{"start":{"line":12,"column":0},"end":{"line":12,"column":13}},"6":{"start":{"line":14,"column":11},"end":{"line":14,"column":63}},"7":{"start":{"line":15,"column":11},"end":{"line":15,"column":66}},"8":{"start":{"line":17,"column":8},"end":{"line":29,"column":null}},"9":{"start":{"line":17,"column":15},"end":{"line":17,"column":24}},"10":{"start":{"line":17,"column":29},"end":{"line":17,"column":31}},"11":{"start":{"line":17,"column":36},"end":{"line":17,"column":38}},"12":{"start":{"line":18,"column":41},"end":{"line":18,"column":47}},"13":{"start":{"line":18,"column":24},"end":{"line":18,"column":31}},"14":{"start":{"line":19,"column":2},"end":{"line":28,"column":5}},"15":{"start":{"line":31,"column":0},"end":{"line":31,"column":null}},"16":{"start":{"line":12,"column":13},"end":{"line":12,"column":21}}},"fnMap":{"0":{"name":"(anonymous_1)","decl":{"start":{"line":12,"column":0},"end":{"line":12,"column":13}},"loc":{"start":{"line":12,"column":0},"end":{"line":31,"column":null}}},"1":{"name":"(anonymous_3)","decl":{"start":{"line":17,"column":1},"end":{"line":17,"column":8}},"loc":{"start":{"line":17,"column":61},"end":{"line":29,"column":2}}}},"branchMap":{"0":{"loc":{"start":{"line":18,"column":27},"end":{"line":18,"column":29}},"type":"cond-expr","locations":[{"start":{"line":18,"column":27},"end":{"line":18,"column":29}},{"start":{"line":18,"column":29},"end":{"line":18,"column":31}}]},"1":{"loc":{"start":{"line":25,"column":53},"end":{"line":25,"column":64}},"type":"cond-expr","locations":[{"start":{"line":25,"column":53},"end":{"line":25,"column":64}},{"start":{"line":25,"column":67},"end":{"line":25,"column":79}}]}},"s":{"0":2,"1":2,"2":2,"3":2,"4":2,"5":2,"6":4,"7":4,"8":2,"9":4,"10":4,"11":4,"12":12,"13":4,"14":4,"15":2,"16":2},"f":{"0":6,"1":4},"b":{"0":[2,2],"1":[2,2]}}
,"/Users/crispinanderson/Documents/SDX/ui-widgets/src/display/displayTypeComponent.ts": {"path":"/Users/crispinanderson/Documents/SDX/ui-widgets/src/display/displayTypeComponent.ts","statementMap":{"0":{"start":{"line":1,"column":0},"end":{"line":1,"column":28}},"1":{"start":{"line":2,"column":0},"end":{"line":2,"column":52}},"2":{"start":{"line":6,"column":0},"end":{"line":6,"column":35}},"3":{"start":{"line":7,"column":0},"end":{"line":7,"column":40}},"4":{"start":{"line":8,"column":0},"end":{"line":8,"column":34}},"5":{"start":{"line":10,"column":0},"end":{"line":10,"column":48}},"6":{"start":{"line":11,"column":0},"end":{"line":11,"column":35}},"7":{"start":{"line":12,"column":0},"end":{"line":12,"column":40}},"8":{"start":{"line":13,"column":0},"end":{"line":13,"column":38}},"9":{"start":{"line":15,"column":0},"end":{"line":15,"column":13}},"10":{"start":{"line":17,"column":8},"end":{"line":46,"column":null}},"11":{"start":{"line":17,"column":15},"end":{"line":17,"column":24}},"12":{"start":{"line":17,"column":24},"end":{"line":17,"column":35}},"13":{"start":{"line":17,"column":35},"end":{"line":17,"column":59}},"14":{"start":{"line":17,"column":66},"end":{"line":17,"column":68}},"15":{"start":{"line":18,"column":2},"end":{"line":45,"column":4}},"16":{"start":{"line":19,"column":33},"end":{"line":31,"column":5}},"17":{"start":{"line":33,"column":33},"end":{"line":44,"column":6}},"18":{"start":{"line":47,"column":0},"end":{"line":47,"column":null}},"19":{"start":{"line":15,"column":13},"end":{"line":15,"column":33}}},"fnMap":{"0":{"name":"(anonymous_1)","decl":{"start":{"line":15,"column":0},"end":{"line":15,"column":13}},"loc":{"start":{"line":15,"column":0},"end":{"line":47,"column":null}}},"1":{"name":"(anonymous_3)","decl":{"start":{"line":17,"column":1},"end":{"line":17,"column":8}},"loc":{"start":{"line":17,"column":94},"end":{"line":46,"column":2}}},"2":{"name":"(anonymous_4)","decl":{"start":{"line":19,"column":23},"end":{"line":19,"column":24}},"loc":{"start":{"line":19,"column":28},"end":{"line":19,"column":34}}},"3":{"name":"(anonymous_5)","decl":{"start":{"line":33,"column":23},"end":{"line":33,"column":24}},"loc":{"start":{"line":33,"column":28},"end":{"line":33,"column":34}}}},"branchMap":{"0":{"loc":{"start":{"line":17,"column":35},"end":{"line":17,"column":59}},"type":"cond-expr","locations":[{"start":{"line":17,"column":35},"end":{"line":17,"column":59}},{"start":{"line":17,"column":35},"end":{"line":17,"column":59}}]},"1":{"loc":{"start":{"line":18,"column":49},"end":{"line":31,"column":null}},"type":"cond-expr","locations":[{"start":{"line":18,"column":49},"end":{"line":31,"column":null}},{"start":{"line":32,"column":6},"end":{"line":44,"column":null}}]}},"s":{"0":1,"1":1,"2":1,"3":1,"4":1,"5":1,"6":1,"7":1,"8":1,"9":1,"10":1,"11":3,"12":3,"13":3,"14":3,"15":3,"16":4,"17":1,"18":1,"19":1},"f":{"0":4,"1":3,"2":4,"3":1},"b":{"0":[1,2],"1":[2,1]}}
,"/Users/crispinanderson/Documents/SDX/ui-widgets/src/display/file.ts": {"path":"/Users/crispinanderson/Documents/SDX/ui-widgets/src/display/file.ts","statementMap":{"0":{"start":{"line":1,"column":0},"end":{"line":1,"column":28}},"1":{"start":{"line":2,"column":0},"end":{"line":2,"column":52}},"2":{"start":{"line":6,"column":0},"end":{"line":6,"column":35}},"3":{"start":{"line":7,"column":0},"end":{"line":7,"column":45}},"4":{"start":{"line":8,"column":0},"end":{"line":8,"column":43}},"5":{"start":{"line":10,"column":0},"end":{"line":10,"column":13}},"6":{"start":{"line":12,"column":8},"end":{"line":31,"column":null}},"7":{"start":{"line":12,"column":15},"end":{"line":12,"column":24}},"8":{"start":{"line":12,"column":29},"end":{"line":12,"column":31}},"9":{"start":{"line":12,"column":36},"end":{"line":12,"column":38}},"10":{"start":{"line":13,"column":41},"end":{"line":13,"column":47}},"11":{"start":{"line":13,"column":24},"end":{"line":13,"column":31}},"12":{"start":{"line":14,"column":2},"end":{"line":30,"column":5}},"13":{"start":{"line":19,"column":61},"end":{"line":19,"column":63}},"14":{"start":{"line":19,"column":67},"end":{"line":19,"column":69}},"15":{"start":{"line":20,"column":4},"end":{"line":28,"column":6}},"16":{"start":{"line":33,"column":0},"end":{"line":33,"column":null}},"17":{"start":{"line":10,"column":13},"end":{"line":10,"column":21}}},"fnMap":{"0":{"name":"(anonymous_1)","decl":{"start":{"line":10,"column":0},"end":{"line":10,"column":13}},"loc":{"start":{"line":10,"column":0},"end":{"line":33,"column":null}}},"1":{"name":"(anonymous_3)","decl":{"start":{"line":12,"column":1},"end":{"line":12,"column":8}},"loc":{"start":{"line":12,"column":61},"end":{"line":31,"column":2}}},"2":{"name":"(anonymous_4)","decl":{"start":{"line":19,"column":54},"end":{"line":19,"column":55}},"loc":{"start":{"line":19,"column":69},"end":{"line":29,"column":4}}}},"branchMap":{"0":{"loc":{"start":{"line":13,"column":27},"end":{"line":13,"column":29}},"type":"cond-expr","locations":[{"start":{"line":13,"column":27},"end":{"line":13,"column":29}},{"start":{"line":13,"column":29},"end":{"line":13,"column":31}}]}},"s":{"0":1,"1":1,"2":1,"3":1,"4":1,"5":1,"6":1,"7":2,"8":2,"9":2,"10":6,"11":2,"12":2,"13":1,"14":1,"15":1,"16":1,"17":1},"f":{"0":3,"1":2,"2":1},"b":{"0":[1,1]}}
,"/Users/crispinanderson/Documents/SDX/ui-widgets/src/display/fileOpen.ts": {"path":"/Users/crispinanderson/Documents/SDX/ui-widgets/src/display/fileOpen.ts","statementMap":{"0":{"start":{"line":1,"column":0},"end":{"line":1,"column":52}},"1":{"start":{"line":4,"column":0},"end":{"line":4,"column":35}},"2":{"start":{"line":5,"column":0},"end":{"line":5,"column":43}},"3":{"start":{"line":7,"column":0},"end":{"line":7,"column":13}},"4":{"start":{"line":8,"column":8},"end":{"line":16,"column":null}},"5":{"start":{"line":8,"column":20},"end":{"line":8,"column":37}},"6":{"start":{"line":9,"column":2},"end":{"line":15,"column":5}},"7":{"start":{"line":13,"column":12},"end":{"line":13,"column":null}},"8":{"start":{"line":17,"column":0},"end":{"line":17,"column":null}},"9":{"start":{"line":7,"column":13},"end":{"line":7,"column":21}}},"fnMap":{"0":{"name":"(anonymous_1)","decl":{"start":{"line":7,"column":0},"end":{"line":7,"column":13}},"loc":{"start":{"line":7,"column":0},"end":{"line":17,"column":null}}},"1":{"name":"(anonymous_3)","decl":{"start":{"line":8,"column":1},"end":{"line":8,"column":8}},"loc":{"start":{"line":8,"column":37},"end":{"line":16,"column":2}}},"2":{"name":"(anonymous_4)","decl":{"start":{"line":13,"column":6},"end":{"line":13,"column":12}},"loc":{"start":{"line":13,"column":6},"end":{"line":13,"column":18}}}},"branchMap":{"0":{"loc":{"start":{"line":13,"column":6},"end":{"line":13,"column":18}},"type":"cond-expr","locations":[{"start":{"line":13,"column":6},"end":{"line":13,"column":18}},{"start":{"line":14,"column":6},"end":{"line":14,"column":15}}]}},"s":{"0":4,"1":4,"2":4,"3":4,"4":4,"5":6,"6":6,"7":1,"8":4,"9":4},"f":{"0":10,"1":6,"2":1},"b":{"0":[3,3]}}
,"/Users/crispinanderson/Documents/SDX/ui-widgets/src/display/image.ts": {"path":"/Users/crispinanderson/Documents/SDX/ui-widgets/src/display/image.ts","statementMap":{"0":{"start":{"line":1,"column":0},"end":{"line":1,"column":28}},"1":{"start":{"line":2,"column":0},"end":{"line":2,"column":52}},"2":{"start":{"line":6,"column":0},"end":{"line":6,"column":52}},"3":{"start":{"line":8,"column":0},"end":{"line":8,"column":51}},"4":{"start":{"line":9,"column":0},"end":{"line":9,"column":40}},"5":{"start":{"line":11,"column":0},"end":{"line":11,"column":13}},"6":{"start":{"line":13,"column":8},"end":{"line":28,"column":null}},"7":{"start":{"line":13,"column":15},"end":{"line":13,"column":24}},"8":{"start":{"line":13,"column":29},"end":{"line":13,"column":31}},"9":{"start":{"line":13,"column":36},"end":{"line":13,"column":38}},"10":{"start":{"line":14,"column":41},"end":{"line":14,"column":47}},"11":{"start":{"line":14,"column":24},"end":{"line":14,"column":31}},"12":{"start":{"line":15,"column":2},"end":{"line":27,"column":5}},"13":{"start":{"line":21,"column":31},"end":{"line":21,"column":33}},"14":{"start":{"line":21,"column":37},"end":{"line":21,"column":39}},"15":{"start":{"line":21,"column":46},"end":{"line":21,"column":48}},"16":{"start":{"line":21,"column":53},"end":{"line":25,"column":7}},"17":{"start":{"line":30,"column":0},"end":{"line":30,"column":null}},"18":{"start":{"line":11,"column":13},"end":{"line":11,"column":22}}},"fnMap":{"0":{"name":"(anonymous_1)","decl":{"start":{"line":11,"column":0},"end":{"line":11,"column":13}},"loc":{"start":{"line":11,"column":0},"end":{"line":30,"column":null}}},"1":{"name":"(anonymous_3)","decl":{"start":{"line":13,"column":1},"end":{"line":13,"column":8}},"loc":{"start":{"line":13,"column":61},"end":{"line":28,"column":2}}},"2":{"name":"(anonymous_4)","decl":{"start":{"line":21,"column":24},"end":{"line":21,"column":25}},"loc":{"start":{"line":21,"column":48},"end":{"line":21,"column":54}}}},"branchMap":{"0":{"loc":{"start":{"line":14,"column":27},"end":{"line":14,"column":29}},"type":"cond-expr","locations":[{"start":{"line":14,"column":27},"end":{"line":14,"column":29}},{"start":{"line":14,"column":29},"end":{"line":14,"column":31}}]}},"s":{"0":1,"1":1,"2":1,"3":1,"4":1,"5":1,"6":1,"7":2,"8":2,"9":2,"10":6,"11":2,"12":2,"13":2,"14":2,"15":2,"16":2,"17":1,"18":1},"f":{"0":3,"1":2,"2":2},"b":{"0":[1,1]}}
,"/Users/crispinanderson/Documents/SDX/ui-widgets/src/display/imagePreview.ts": {"path":"/Users/crispinanderson/Documents/SDX/ui-widgets/src/display/imagePreview.ts","statementMap":{"0":{"start":{"line":1,"column":0},"end":{"line":1,"column":28}},"1":{"start":{"line":2,"column":0},"end":{"line":2,"column":52}},"2":{"start":{"line":6,"column":0},"end":{"line":6,"column":35}},"3":{"start":{"line":7,"column":0},"end":{"line":7,"column":57}},"4":{"start":{"line":8,"column":0},"end":{"line":8,"column":51}},"5":{"start":{"line":10,"column":0},"end":{"line":10,"column":13}},"6":{"start":{"line":12,"column":8},"end":{"line":28,"column":null}},"7":{"start":{"line":12,"column":15},"end":{"line":12,"column":24}},"8":{"start":{"line":12,"column":29},"end":{"line":12,"column":31}},"9":{"start":{"line":12,"column":36},"end":{"line":12,"column":38}},"10":{"start":{"line":13,"column":41},"end":{"line":13,"column":47}},"11":{"start":{"line":13,"column":24},"end":{"line":13,"column":31}},"12":{"start":{"line":14,"column":15},"end":{"line":14,"column":35}},"13":{"start":{"line":15,"column":2},"end":{"line":27,"column":5}},"14":{"start":{"line":30,"column":0},"end":{"line":30,"column":null}},"15":{"start":{"line":10,"column":13},"end":{"line":10,"column":25}}},"fnMap":{"0":{"name":"(anonymous_1)","decl":{"start":{"line":10,"column":0},"end":{"line":10,"column":13}},"loc":{"start":{"line":10,"column":0},"end":{"line":30,"column":null}}},"1":{"name":"(anonymous_3)","decl":{"start":{"line":12,"column":1},"end":{"line":12,"column":8}},"loc":{"start":{"line":12,"column":61},"end":{"line":28,"column":2}}}},"branchMap":{"0":{"loc":{"start":{"line":13,"column":27},"end":{"line":13,"column":29}},"type":"cond-expr","locations":[{"start":{"line":13,"column":27},"end":{"line":13,"column":29}},{"start":{"line":13,"column":29},"end":{"line":13,"column":31}}]},"1":{"loc":{"start":{"line":20,"column":10},"end":{"line":24,"column":5}},"type":"cond-expr","locations":[{"start":{"line":20,"column":10},"end":{"line":24,"column":5}},{"start":{"line":24,"column":8},"end":{"line":26,"column":5}}]}},"s":{"0":1,"1":1,"2":1,"3":1,"4":1,"5":1,"6":1,"7":2,"8":2,"9":2,"10":6,"11":2,"12":2,"13":2,"14":1,"15":1},"f":{"0":3,"1":2},"b":{"0":[1,1],"1":[1,1]}}
[...]
rt":{"line":167,"column":1},"end":{"line":167,"column":9}},"loc":{"start":{"line":167,"column":59},"end":{"line":169,"column":2}}}},"branchMap":{"0":{"loc":{"start":{"line":67,"column":13},"end":{"line":67,"column":15}},"type":"cond-expr","locations":[{"start":{"line":67,"column":13},"end":{"line":67,"column":15}},{"start":{"line":67,"column":15},"end":{"line":67,"column":null}}]},"1":{"loc":{"start":{"line":68,"column":13},"end":{"line":68,"column":28}},"type":"cond-expr","locations":[{"start":{"line":68,"column":13},"end":{"line":68,"column":28}},{"start":{"line":68,"column":28},"end":{"line":68,"column":null}}]},"2":{"loc":{"start":{"line":69,"column":15},"end":{"line":69,"column":35}},"type":"cond-expr","locations":[{"start":{"line":69,"column":15},"end":{"line":69,"column":35}},{"start":{"line":69,"column":35},"end":{"line":69,"column":null}}]},"3":{"loc":{"start":{"line":77,"column":3},"end":{"line":95,"column":null}},"type":"if","locations":[{"start":{"line":77,"column":3},"end":{"line":95,"column":null}},{"start":{"line":77,"column":3},"end":{"line":95,"column":null}}]},"4":{"loc":{"start":{"line":83,"column":10},"end":{"line":95,"column":null}},"type":"if","locations":[{"start":{"line":83,"column":10},"end":{"line":95,"column":null}},{"start":{"line":83,"column":10},"end":{"line":95,"column":null}}]},"5":{"loc":{"start":{"line":89,"column":10},"end":{"line":95,"column":null}},"type":"if","locations":[{"start":{"line":89,"column":10},"end":{"line":95,"column":null}},{"start":{"line":89,"column":10},"end":{"line":95,"column":null}}]},"6":{"loc":{"start":{"line":99,"column":2},"end":{"line":101,"column":null}},"type":"if","locations":[{"start":{"line":99,"column":2},"end":{"line":101,"column":null}},{"start":{"line":99,"column":2},"end":{"line":101,"column":null}}]},"7":{"loc":{"start":{"line":99,"column":6},"end":{"line":99,"column":23}},"type":"binary-expr","locations":[{"start":{"line":99,"column":6},"end":{"line":99,"column":23}},{"start":{"line":99,"column":27},"end":{"line":99,"column":35}}]},"8":{"loc":{"start":{"line":110,"column":6},"end":{"line":119,"column":null}},"type":"cond-expr","locations":[{"start":{"line":110,"column":6},"end":{"line":119,"column":null}},{"start":{"line":122,"column":6},"end":{"line":160,"column":null}}]},"9":{"loc":{"start":{"line":108,"column":6},"end":{"line":108,"column":14}},"type":"binary-expr","locations":[{"start":{"line":108,"column":6},"end":{"line":108,"column":14}},{"start":{"line":108,"column":18},"end":{"line":108,"column":26}}]},"10":{"loc":{"start":{"line":115,"column":15},"end":{"line":118,"column":null}},"type":"cond-expr","locations":[{"start":{"line":115,"column":15},"end":{"line":118,"column":null}},{"start":{"line":119,"column":9},"end":{"line":119,"column":13}}]},"11":{"loc":{"start":{"line":123,"column":7},"end":{"line":128,"column":7}},"type":"cond-expr","locations":[{"start":{"line":123,"column":7},"end":{"line":128,"column":7}},{"start":{"line":131,"column":7},"end":{"line":160,"column":null}}]},"12":{"loc":{"start":{"line":137,"column":8},"end":{"line":149,"column":8}},"type":"cond-expr","locations":[{"start":{"line":137,"column":8},"end":{"line":149,"column":8}},{"start":{"line":151,"column":8},"end":{"line":159,"column":null}}]}},"s":{"0":1,"1":1,"2":1,"3":1,"4":1,"5":1,"6":1,"7":1,"8":1,"9":1,"10":1,"11":1,"12":1,"13":1,"14":1,"15":1,"16":1,"17":1,"18":1,"19":1,"20":1,"21":1,"22":2,"23":1,"24":1,"25":1,"26":1,"27":1,"28":1,"29":1,"30":5,"31":5,"32":5,"33":5,"34":1,"35":1,"36":1,"37":5,"38":5,"39":5,"40":5,"41":5,"42":5,"43":5,"44":5,"45":5,"46":5,"47":5,"48":5,"49":5,"50":5,"51":5,"52":5,"53":5,"54":5,"55":14,"56":14,"57":5,"58":9,"59":4,"60":5,"61":4,"62":1,"63":5,"64":1,"65":5,"66":0,"67":0,"68":3,"69":3,"70":3,"71":3,"72":0,"73":1,"74":6,"75":1,"76":1},"f":{"0":1,"1":1,"2":1,"3":2,"4":1,"5":1,"6":6,"7":5,"8":5,"9":1,"10":5,"11":14,"12":0,"13":0,"14":3,"15":0,"16":6},"b":{"0":[4,1],"1":[4,1],"2":[4,1],"3":[5,9],"4":[4,5],"5":[4,1],"6":[1,4],"7":[5,1],"8":[2,3],"9":[5,4],"10":[1,1],"11":[1,2],"12":[1,1]}}
,"/Users/crispinanderson/Documents/SDX/ui-widgets/src/input/signDraw.ts": {"path":"/Users/crispinanderson/Documents/SDX/ui-widgets/src/input/signDraw.ts","statementMap":{"0":{"start":{"line":1,"column":0},"end":{"line":1,"column":28}},"1":{"start":{"line":2,"column":0},"end":{"line":2,"column":63}},"2":{"start":{"line":3,"column":0},"end":{"line":3,"column":41}},"3":{"start":{"line":7,"column":0},"end":{"line":7,"column":35}},"4":{"start":{"line":8,"column":0},"end":{"line":8,"column":35}},"5":{"start":{"line":10,"column":0},"end":{"line":10,"column":35}},"6":{"start":{"line":12,"column":0},"end":{"line":12,"column":13}},"7":{"start":{"line":18,"column":8},"end":{"line":38,"column":null}},"8":{"start":{"line":18,"column":1},"end":{"line":18,"column":8}},"9":{"start":{"line":18,"column":22},"end":{"line":18,"column":48}},"10":{"start":{"line":19,"column":17},"end":{"line":19,"column":53}},"11":{"start":{"line":20,"column":23},"end":{"line":20,"column":32}},"12":{"start":{"line":21,"column":2},"end":{"line":24,"column":5}},"13":{"start":{"line":26,"column":23},"end":{"line":33,"column":3}},"14":{"start":{"line":27,"column":23},"end":{"line":27,"column":32}},"15":{"start":{"line":28,"column":3},"end":{"line":28,"column":51}},"16":{"start":{"line":29,"column":3},"end":{"line":29,"column":53}},"17":{"start":{"line":30,"column":19},"end":{"line":30,"column":70}},"18":{"start":{"line":31,"column":3},"end":{"line":31,"column":43}},"19":{"start":{"line":32,"column":3},"end":{"line":32,"column":22}},"20":{"start":{"line":34,"column":2},"end":{"line":34,"column":58}},"21":{"start":{"line":35,"column":2},"end":{"line":35,"column":56}},"22":{"start":{"line":36,"column":2},"end":{"line":36,"column":67}},"23":{"start":{"line":37,"column":2},"end":{"line":37,"column":17}},"24":{"start":{"line":40,"column":8},"end":{"line":44,"column":null}},"25":{"start":{"line":41,"column":2},"end":{"line":41,"column":30}},"26":{"start":{"line":42,"column":2},"end":{"line":42,"column":59}},"27":{"start":{"line":43,"column":2},"end":{"line":43,"column":70}},"28":{"start":{"line":46,"column":8},"end":{"line":78,"column":null}},"29":{"start":{"line":46,"column":1},"end":{"line":46,"column":8}},"30":{"start":{"line":46,"column":15},"end":{"line":46,"column":24}},"31":{"start":{"line":46,"column":29},"end":{"line":46,"column":31}},"32":{"start":{"line":46,"column":36},"end":{"line":46,"column":38}},"33":{"start":{"line":46,"column":46},"end":{"line":46,"column":48}},"34":{"start":{"line":47,"column":2},"end":{"line":77,"column":4}},"35":{"start":{"line":59,"column":6},"end":{"line":61,"column":null}},"36":{"start":{"line":60,"column":7},"end":{"line":60,"column":55}},"37":{"start":{"line":68,"column":20},"end":{"line":68,"column":null}},"38":{"start":{"line":80,"column":9},"end":{"line":82,"column":null}},"39":{"start":{"line":81,"column":2},"end":{"line":81,"column":28}},"40":{"start":{"line":84,"column":0},"end":{"line":84,"column":null}},"41":{"start":{"line":12,"column":13},"end":{"line":12,"column":21}}},"fnMap":{"0":{"name":"(anonymous_1)","decl":{"start":{"line":12,"column":0},"end":{"line":12,"column":13}},"loc":{"start":{"line":12,"column":0},"end":{"line":84,"column":null}}},"1":{"name":"(anonymous_3)","decl":{"start":{"line":18,"column":1},"end":{"line":18,"column":8}},"loc":{"start":{"line":18,"column":48},"end":{"line":38,"column":2}}},"2":{"name":"(anonymous_4)","decl":{"start":{"line":26,"column":23},"end":{"line":26,"column":null}},"loc":{"start":{"line":26,"column":23},"end":{"line":33,"column":3}}},"3":{"name":"(anonymous_5)","decl":{"start":{"line":40,"column":1},"end":{"line":40,"column":8}},"loc":{"start":{"line":40,"column":1},"end":{"line":44,"column":2}}},"4":{"name":"(anonymous_6)","decl":{"start":{"line":46,"column":1},"end":{"line":46,"column":8}},"loc":{"start":{"line":46,"column":71},"end":{"line":78,"column":2}}},"5":{"name":"(anonymous_7)","decl":{"start":{"line":58,"column":14},"end":{"line":58,"column":null}},"loc":{"start":{"line":58,"column":14},"end":{"line":62,"column":6}}},"6":{"name":"(anonymous_8)","decl":{"start":{"line":68,"column":14},"end":{"line":68,"column":20}},"loc":{"start":{"line":68,"column":14},"end":{"line":68,"column":24}}},"7":{"name":"(anonymous_9)","decl":{"start":{"line":80,"column":1},"end":{"line":80,"column":9}},"loc":{"start":{"line":80,"column":1},"end":{"line":82,"column":2}}}},"branchMap":{"0":{"loc":{"start":{"line":59,"column":6},"end":{"line":61,"column":null}},"type":"if","locations":[{"start":{"line":59,"column":6},"end":{"line":61,"column":null}},{"start":{"line":59,"column":6},"end":{"line":61,"column":null}}]}},"s":{"0":2,"1":2,"2":2,"3":2,"4":2,"5":2,"6":2,"7":2,"8":2,"9":2,"10":2,"11":2,"12":2,"13":2,"14":2,"15":2,"16":2,"17":2,"18":2,"19":2,"20":2,"21":2,"22":2,"23":2,"24":2,"25":1,"26":1,"27":1,"28":2,"29":2,"30":2,"31":2,"32":2,"33":2,"34":2,"35":1,"36":0,"37":1,"38":2,"39":3,"40":2,"41":2},"f":{"0":4,"1":2,"2":2,"3":1,"4":2,"5":1,"6":1,"7":3},"b":{"0":[0,1]}}
,"/Users/crispinanderson/Documents/SDX/ui-widgets/src/input/signStamp.ts": {"path":"/Users/crispinanderson/Documents/SDX/ui-widgets/src/input/signStamp.ts","statementMap":{"0":{"start":{"line":1,"column":0},"end":{"line":1,"column":62}},"1":{"start":{"line":5,"column":0},"end":{"line":5,"column":35}},"2":{"start":{"line":6,"column":0},"end":{"line":6,"column":39}},"3":{"start":{"line":8,"column":0},"end":{"line":8,"column":35}},"4":{"start":{"line":11,"column":15},"end":{"line":11,"column":33}},"5":{"start":{"line":12,"column":16},"end":{"line":12,"column":40}},"6":{"start":{"line":13,"column":1},"end":{"line":13,"column":58}},"7":{"start":{"line":10,"column":0},"end":{"line":10,"column":16}},"8":{"start":{"line":17,"column":1},"end":{"line":17,"column":67}},"9":{"start":{"line":17,"column":14},"end":{"line":17,"column":67}},"10":{"start":{"line":16,"column":0},"end":{"line":16,"column":16}},"11":{"start":{"line":20,"column":0},"end":{"line":20,"column":13}},"12":{"start":{"line":22,"column":8},"end":{"line":34,"column":null}},"13":{"start":{"line":22,"column":15},"end":{"line":22,"column":24}},"14":{"start":{"line":22,"column":33},"end":{"line":22,"column":35}},"15":{"start":{"line":22,"column":40},"end":{"line":22,"column":42}},"16":{"start":{"line":23,"column":2},"end":{"line":33,"column":4}},"17":{"start":{"line":36,"column":0},"end":{"line":36,"column":null}},"18":{"start":{"line":20,"column":13},"end":{"line":20,"column":22}}},"fnMap":{"0":{"name":"createStamp","decl":{"start":{"line":10,"column":16},"end":{"line":10,"column":27}},"loc":{"start":{"line":10,"column":59},"end":{"line":14,"column":1}}},"1":{"name":"applyStamp","decl":{"start":{"line":16,"column":16},"end":{"line":16,"column":26}},"loc":{"start":{"line":16,"column":76},"end":{"line":18,"column":1}}},"2":{"name":"(anonymous_3)","decl":{"start":{"line":17,"column":8},"end":{"line":17,"column":14}},"loc":{"start":{"line":17,"column":8},"end":{"line":17,"column":22}}},"3":{"name":"(anonymous_4)","decl":{"start":{"line":20,"column":0},"end":{"line":20,"column":13}},"loc":{"start":{"line":20,"column":0},"end":{"line":36,"column":null}}},"4":{"name":"(anonymous_6)","decl":{"start":{"line":22,"column":1},"end":{"line":22,"column":8}},"loc":{"start":{"line":22,"column":65},"end":{"line":34,"column":2}}}},"branchMap":{},"s":{"0":3,"1":3,"2":3,"3":3,"4":2,"5":2,"6":2,"7":3,"8":3,"9":1,"10":3,"11":3,"12":3,"13":2,"14":2,"15":2,"16":2,"17":3,"18":3},"f":{"0":2,"1":3,"2":1,"3":4,"4":2},"b":{}}
,"/Users/crispinanderson/Documents/SDX/ui-widgets/src/input/signType.ts": {"path":"/Users/crispinanderson/Documents/SDX/ui-widgets/src/input/signType.ts","statementMap":{"0":{"start":{"line":1,"column":0},"end":{"line":1,"column":63}},"1":{"start":{"line":2,"column":0},"end":{"line":2,"column":36}},"2":{"start":{"line":6,"column":0},"end":{"line":6,"column":35}},"3":{"start":{"line":7,"column":0},"end":{"line":7,"column":36}},"4":{"start":{"line":9,"column":0},"end":{"line":9,"column":35}},"5":{"start":{"line":11,"column":0},"end":{"line":11,"column":42}},"6":{"start":{"line":14,"column":1},"end":{"line":19,"column":3}},"7":{"start":{"line":15,"column":2},"end":{"line":17,"column":null}},"8":{"start":{"line":16,"column":3},"end":{"line":16,"column":44}},"9":{"start":{"line":18,"column":2},"end":{"line":18,"column":15}},"10":{"start":{"line":13,"column":0},"end":{"line":13,"column":16}},"11":{"start":{"line":22,"column":0},"end":{"line":22,"column":13}},"12":{"start":{"line":24,"column":9},"end":{"line":24,"column":43}},"13":{"start":{"line":26,"column":8},"end":{"line":30,"column":null}},"14":{"start":{"line":26,"column":22},"end":{"line":26,"column":48}},"15":{"start":{"line":27,"column":16},"end":{"line":27,"column":51}},"16":{"start":{"line":28,"column":2},"end":{"line":28,"column":40}},"17":{"start":{"line":29,"column":2},"end":{"line":29,"column":37}},"18":{"start":{"line":32,"column":8},"end":{"line":34,"column":null}},"19":{"start":{"line":32,"column":22},"end":{"line":32,"column":48}},"20":{"start":{"line":33,"column":2},"end":{"line":33,"column":37}},"21":{"start":{"line":36,"column":8},"end":{"line":73,"column":null}},"22":{"start":{"line":36,"column":1},"end":{"line":36,"column":8}},"23":{"start":{"line":36,"column":15},"end":{"line":36,"column":24}},"24":{"start":{"line":36,"column":33},"end":{"line":36,"column":35}},"25":{"start":{"line":36,"column":40},"end":{"line":36,"column":42}},"26":{"start":{"line":36,"column":47},"end":{"line":36,"column":49}},"27":{"start":{"line":36,"column":57},"end":{"line":36,"column":59}},"28":{"start":{"line":37,"column":2},"end":{"line":72,"column":4}},"29":{"start":{"line":63,"column":20},"end":{"line":63,"column":null}},"30":{"start":{"line":76,"column":9},"end":{"line":79,"column":null}},"31":{"start":{"line":77,"column":17},"end":{"line":77,"column":39}},"32":{"start":{"line":78,"column":2},"end":{"line":78,"column":50}},"33":{"start":{"line":81,"column":0},"end":{"line":81,"column":null}},"34":{"start":{"line":22,"column":13},"end":{"line":22,"column":21}}},"fnMap":{"0":{"name":"applyText","decl":{"start":{"line":13,"column":16},"end":{"line":13,"column":25}},"loc":{"start":{"line":13,"column":97},"end":{"line":20,"column":1}}},"1":{"name":"(anonymous_2)","decl":{"start":{"line":14,"column":8},"end":{"line":14,"column":null}},"loc":{"start":{"line":14,"column":8},"end":{"line":19,"column":2}}},"2":{"name":"(anonymous_3)","decl":{"start":{"line":22,"column":0},"end":{"line":22,"column":13}},"loc":{"start":{"line":22,"column":0},"end":{"line":81,"column":null}}},"3":{"name":"(anonymous_5)","decl":{"start":{"line":26,"column":1},"end":{"line":26,"column":8}},"loc":{"start":{"line":26,"column":48},"end":{"line":30,"column":2}}},"4":{"name":"(anonymous_6)","decl":{"start":{"line":32,"column":1},"end":{"line":32,"column":8}},"loc":{"start":{"line":32,"column":48},"end":{"line":34,"column":2}}},"5":{"name":"(anonymous_7)","decl":{"start":{"line":36,"column":1},"end":{"line":36,"column":8}},"loc":{"start":{"line":36,"column":82},"end":{"line":73,"column":2}}},"6":{"name":"(anonymous_8)","decl":{"start":{"line":63,"column":14},"end":{"line":63,"column":20}},"loc":{"start":{"line":63,"column":14},"end":{"line":63,"column":24}}},"7":{"name":"(anonymous_9)","decl":{"start":{"line":76,"column":1},"end":{"line":76,"column":9}},"loc":{"start":{"line":76,"column":41},"end":{"line":79,"column":2}}}},"branchMap":{"0":{"loc":{"start":{"line":15,"column":2},"end":{"line":17,"column":null}},"type":"if","locations":[{"start":{"line":15,"column":2},"end":{"line":17,"column":null}},{"start":{"line":15,"column":2},"end":{"line":17,"column":null}}]}},"s":{"0":2,"1":2,"2":2,"3":2,"4":2,"5":2,"6":5,"7":2,"8":1,"9":2,"10":2,"11":2,"12":1,"13":2,"14":1,"15":1,"16":1,"17":1,"18":2,"19":1,"20":1,"21":2,"22":2,"23":2,"24":2,"25":2,"26":2,"27":2,"28":2,"29":1,"30":2,"31":2,"32":2,"33":2,"34":2},"f":{"0":5,"1":2,"2":3,"3":1,"4":1,"5":2,"6":1,"7":2},"b":{"0":[1,1]}}
,"/Users/crispinanderson/Documents/SDX/ui-widgets/src/input/textarea.ts": {"path":"/Users/crispinanderson/Documents/SDX/ui-widgets/src/input/textarea.ts","statementMap":{"0":{"start":{"line":1,"column":0},"end":{"line":1,"column":52}},"1":{"start":{"line":5,"column":0},"end":{"line":5,"column":68}},"2":{"start":{"line":6,"column":0},"end":{"line":6,"column":46}},"3":{"start":{"line":7,"column":0},"end":{"line":7,"column":44}},"4":{"start":{"line":9,"column":0},"end":{"line":9,"column":13}},"5":{"start":{"line":11,"column":8},"end":{"line":34,"column":null}},"6":{"start":{"line":11,"column":15},"end":{"line":11,"column":24}},"7":{"start":{"line":11,"column":29},"end":{"line":11,"column":31}},"8":{"start":{"line":11,"column":36},"end":{"line":11,"column":38}},"9":{"start":{"line":16,"column":6},"end":{"line":16,"column":12}},"10":{"start":{"line":13,"column":18},"end":{"line":13,"column":25}},"11":{"start":{"line":13,"column":30},"end":{"line":13,"column":40}},"12":{"start":{"line":15,"column":19},"end":{"line":15,"column":null}},"13":{"start":{"line":17,"column":2},"end":{"line":33,"column":5}},"14":{"start":{"line":36,"column":0},"end":{"line":36,"column":null}},"15":{"start":{"line":9,"column":13},"end":{"line":9,"column":26}}},"fnMap":{"0":{"name":"(anonymous_1)","decl":{"start":{"line":9,"column":0},"end":{"line":9,"column":13}},"loc":{"start":{"line":9,"column":0},"end":{"line":36,"column":null}}},"1":{"name":"(anonymous_3)","decl":{"start":{"line":11,"column":1},"end":{"line":11,"column":8}},"loc":{"start":{"line":11,"column":61},"end":{"line":34,"column":2}}}},"branchMap":{"0":{"loc":{"start":{"line":13,"column":21},"end":{"line":13,"column":23}},"type":"cond-expr","locations":[{"start":{"line":13,"column":21},"end":{"line":13,"column":23}},{"start":{"line":13,"column":23},"end":{"line":13,"column":25}}]},"1":{"loc":{"start":{"line":13,"column":33},"end":{"line":13,"column":38}},"type":"cond-expr","locations":[{"start":{"line":13,"column":33},"end":{"line":13,"column":38}},{"start":{"line":13,"column":38},"end":{"line":13,"column":40}}]},"2":{"loc":{"start":{"line":15,"column":22},"end":{"line":15,"column":24}},"type":"cond-expr","locations":[{"start":{"line":15,"column":22},"end":{"line":15,"column":24}},{"start":{"line":15,"column":24},"end":{"line":15,"column":null}}]},"3":{"loc":{"start":{"line":30,"column":15},"end":{"line":30,"column":24}},"type":"cond-expr","locations":[{"start":{"line":30,"column":15},"end":{"line":30,"column":24}},{"start":{"line":30,"column":27},"end":{"line":30,"column":37}}]}},"s":{"0":1,"1":1,"2":1,"3":1,"4":1,"5":1,"6":2,"7":2,"8":2,"9":26,"10":2,"11":2,"12":2,"13":2,"14":1,"15":1},"f":{"0":3,"1":2},"b":{"0":[1,1],"1":[1,1],"2":[1,1],"3":[1,1]}}
,"/Users/crispinanderson/Documents/SDX/ui-widgets/src/input/toggle.ts": {"path":"/Users/crispinanderson/Documents/SDX/ui-widgets/src/input/toggle.ts","statementMap":{"0":{"start":{"line":3,"column":0},"end":{"line":3,"column":43}},"1":{"start":{"line":5,"column":0},"end":{"line":5,"column":null}},"2":{"start":{"line":5,"column":33},"end":{"line":5,"column":46}},"3":{"start":{"line":5,"column":0},"end":{"line":5,"column":13}},"4":{"start":{"line":7,"column":11},"end":{"line":7,"column":66}},"5":{"start":{"line":8,"column":11},"end":{"line":8,"column":68}},"6":{"start":{"line":10,"column":0},"end":{"line":10,"column":null}},"7":{"start":{"line":5,"column":13},"end":{"line":5,"column":24}}},"fnMap":{"0":{"name":"(anonymous_6)","decl":{"start":{"line":5,"column":0},"end":{"line":5,"column":13}},"loc":{"start":{"line":5,"column":0},"end":{"line":10,"column":null}}}},"branchMap":{"0":{"loc":{"start":{"line":5,"column":0},"end":{"line":5,"column":13}},"type":"binary-expr","locations":[{"start":{"line":5,"column":0},"end":{"line":5,"column":13}},{"start":{"line":5,"column":0},"end":{"line":5,"column":13}},{"start":{"line":5,"column":0},"end":{"line":5,"column":13}}]}},"s":{"0":1,"1":1,"2":1,"3":2,"4":2,"5":2,"6":1,"7":1},"f":{"0":3},"b":{"0":[2,2,2]}}
}
