TN:
SF:src/badge.ts
FN:8,(anonymous_1)
FN:10,(anonymous_3)
FNF:2
FNH:2
FNDA:3,(anonymous_1)
FNDA:8,(anonymous_3)
DA:1,1
DA:8,1
DA:10,8
DA:11,8
DA:20,1
LF:5
LH:5
BRDA:10,0,0,4
BRDA:10,0,1,4
BRDA:13,1,0,4
BRDA:13,1,1,4
BRF:4
BRH:4
end_of_record
TN:
SF:src/button.ts
FN:20,(anonymous_1)
FN:22,(anonymous_3)
FNF:2
FNH:2
FNDA:15,(anonymous_1)
FNDA:36,(anonymous_3)
DA:1,1
DA:4,1
DA:5,1
DA:20,1
DA:22,36
DA:23,36
DA:25,36
DA:32,1
LF:8
LH:8
BRDA:23,0,0,32
BRDA:23,0,1,4
BRDA:23,1,0,14
BRDA:23,1,1,22
BRDA:23,2,0,16
BRDA:23,2,1,20
BRF:6
BRH:6
end_of_record
TN:
SF:src/buttonLink.ts
FN:20,(anonymous_1)
FN:22,(anonymous_3)
FNF:2
FNH:2
FNDA:4,(anonymous_1)
FNDA:12,(anonymous_3)
DA:1,1
DA:3,1
DA:4,1
DA:20,1
DA:22,12
DA:23,12
DA:25,12
DA:31,1
LF:8
LH:8
BRDA:23,0,0,8
BRDA:23,0,1,4
BRDA:23,1,0,8
BRDA:23,1,1,4
BRF:4
BRH:4
end_of_record
TN:
SF:src/config.ts
FN:63,updateConfig
FNF:1
FNH:1
FNDA:1,updateConfig
DA:1,1
DA:6,1
DA:61,1
DA:63,1
DA:64,1
LF:5
LH:5
BRF:0
BRH:0
end_of_record
TN:
SF:src/navButton.ts
FN:8,(anonymous_1)
FN:10,(anonymous_3)
FNF:2
FNH:2
FNDA:4,(anonymous_1)
FNDA:12,(anonymous_3)
DA:1,1
DA:5,1
DA:6,1
DA:8,1
DA:10,12
DA:11,12
DA:13,12
DA:20,1
LF:8
LH:8
BRDA:11,0,0,8
BRDA:11,0,1,4
BRDA:11,1,0,8
BRDA:11,1,1,4
BRF:4
BRH:4
end_of_record
TN:
SF:src/navLink.ts
FN:8,(anonymous_1)
FN:10,(anonymous_3)
FNF:2
FNH:2
FNDA:4,(anonymous_1)
FNDA:12,(anonymous_3)
DA:1,1
DA:5,1
DA:6,1
DA:8,1
DA:10,12
DA:11,12
DA:13,12
DA:19,1
LF:8
LH:8
BRDA:11,0,0,8
BRDA:11,0,1,4
BRDA:11,1,0,8
BRDA:11,1,1,4
BRF:4
BRH:4
end_of_record
TN:
SF:src/theme.ts
FN:8,imgMaxSize
FN:11,thumbMaxSize
FN:48,joinCls
FN:51,compositeClass
FN:53,(anonymous_5)
FN:78,updateTheme
FN:79,(anonymous_7)
FN:86,getIcon
FN:90,getFileType
FN:97,updateButtonContext
FN:101,getButtonContext
FNF:11
FNH:10
FNDA:7,imgMaxSize
FNDA:12,thumbMaxSize
FNDA:10,joinCls
FNDA:10,compositeClass
FNDA:23,(anonymous_5)
FNDA:2,updateTheme
FNDA:2,(anonymous_7)
FNDA:211,getIcon
FNDA:0,getFileType
FNDA:2,updateButtonContext
FNDA:51,getButtonContext
DA:1,1
DA:2,1
DA:5,1
DA:8,1
DA:9,7
DA:11,1
DA:12,12
DA:15,1
DA:16,1
DA:18,1
DA:49,10
DA:51,17
DA:52,10
DA:53,23
DA:58,1
DA:60,1
DA:62,1
DA:64,1
DA:66,1
DA:68,1
DA:70,1
DA:72,1
DA:74,1
DA:76,1
DA:78,1
DA:79,2
DA:80,2
DA:81,1
DA:86,1
DA:87,211
DA:90,1
DA:91,0
DA:95,1
DA:97,1
DA:98,2
DA:101,1
DA:102,51
DA:103,2
DA:105,49
LF:39
LH:38
BRDA:51,0,0,7
BRDA:51,0,1,3
BRDA:80,1,0,1
BRDA:80,1,1,1
BRDA:80,2,0,2
BRDA:80,2,1,2
BRDA:102,3,0,2
BRDA:102,3,1,49
BRDA:102,4,0,51
BRDA:102,4,1,3
BRF:10
BRH:10
end_of_record
TN:
SF:src/utils.ts
FN:14,toHex
FN:18,guid
FN:34,pxRatio
FN:38,getLabelText
FN:42,imgSrc
FN:47,getDisplayLabel
FN:55,getLabel
FN:63,labelIcon
FN:76,getEnabledClass
FN:81,setValue
FN:82,(anonymous_11)
FN:85,setCheck
FN:86,(anonymous_13)
FN:92,fileNameExtSplit
FN:101,dataURItoBlob
FN:119,fileConstructor
FN:131,scaleRect
FN:142,getOrientation
FN:178,readOrientation
FN:179,(anonymous_20)
FN:181,(anonymous_21)
FN:188,rotateContext
FN:238,resizeImage
FN:243,(anonymous_24)
FN:243,(anonymous_25)
FN:245,(anonymous_26)
FN:262,(anonymous_27)
FN:268,textToImage
FNF:28
FNH:28
FNDA:128,toHex
FNDA:8,guid
FNDA:4,pxRatio
FNDA:95,getLabelText
FNDA:25,imgSrc
FNDA:72,getDisplayLabel
FNDA:72,getLabel
FNDA:72,labelIcon
FNDA:143,getEnabledClass
FNDA:44,setValue
FNDA:3,(anonymous_11)
FNDA:11,setCheck
FNDA:1,(anonymous_13)
FNDA:2,fileNameExtSplit
FNDA:8,dataURItoBlob
FNDA:5,fileConstructor
FNDA:9,scaleRect
FNDA:8,getOrientation
FNDA:4,readOrientation
FNDA:4,(anonymous_20)
FNDA:4,(anonymous_21)
FNDA:13,rotateContext
FNDA:5,resizeImage
FNDA:4,(anonymous_24)
FNDA:4,(anonymous_25)
FNDA:4,(anonymous_26)
FNDA:4,(anonymous_27)
FNDA:2,textToImage
DA:1,1
DA:5,1
DA:16,128
DA:18,1
DA:19,8
DA:20,8
DA:21,8
DA:22,8
DA:34,1
DA:35,4
DA:38,1
DA:39,95
DA:42,1
DA:43,25
DA:47,1
DA:48,72
DA:55,1
DA:56,72
DA:63,1
DA:64,72
DA:76,1
DA:77,143
DA:81,1
DA:82,44
DA:85,1
DA:86,11
DA:92,1
DA:93,2
DA:94,2
DA:95,1
DA:97,1
DA:101,1
DA:102,8
DA:103,8
DA:106,8
DA:107,8
DA:108,8
DA:109,8
DA:110,484
DA:112,8
DA:119,1
DA:120,5
DA:121,5
DA:122,5
DA:123,5
DA:124,5
DA:131,1
DA:132,9
DA:133,2
DA:134,1
DA:136,7
DA:137,1
DA:139,7
DA:142,1
DA:144,8
DA:145,8
DA:146,8
DA:147,5
DA:149,3
DA:150,3
DA:151,3
DA:152,3
DA:153,3
DA:155,3
DA:156,2
DA:157,1
DA:159,1
DA:160,1
DA:161,1
DA:162,1
DA:164,1
DA:165,1
DA:166,1
DA:169,1
DA:170,1
DA:172,0
DA:175,1
DA:178,1
DA:179,4
DA:180,4
DA:181,4
DA:182,4
DA:184,4
DA:188,1
DA:189,13
DA:190,1
DA:192,12
DA:195,1
DA:196,1
DA:197,1
DA:200,1
DA:201,1
DA:202,1
DA:205,1
DA:206,1
DA:207,1
DA:210,1
DA:211,1
DA:212,1
DA:215,1
DA:216,1
DA:217,1
DA:220,1
DA:221,1
DA:222,1
DA:223,1
DA:226,1
DA:227,1
DA:228,1
DA:238,1
DA:239,5
DA:240,1
DA:242,4
DA:243,4
DA:244,4
DA:245,4
DA:246,4
DA:247,4
DA:249,4
DA:250,0
DA:251,0
DA:253,4
DA:254,4
DA:256,4
DA:257,4
DA:258,4
DA:259,4
DA:261,4
DA:262,4
DA:263,4
DA:268,1
DA:269,2
DA:270,2
DA:271,2
DA:272,2
DA:273,2
DA:274,2
DA:275,2
DA:276,2
DA:277,2
LF:140
LH:137
BRDA:20,0,0,8
BRDA:20,0,1,0
BRDA:39,1,0,4
BRDA:39,1,1,91
BRDA:43,2,0,4
BRDA:43,2,1,21
BRDA:48,3,0,32
BRDA:48,3,1,40
BRDA:56,4,0,45
BRDA:56,4,1,27
BRDA:65,5,0,46
BRDA:65,5,1,26
BRDA:66,6,0,8
BRDA:66,6,1,38
BRDA:69,7,0,20
BRDA:69,7,1,52
BRDA:70,8,0,16
BRDA:70,8,1,4
BRDA:77,9,0,33
BRDA:77,9,1,110
BRDA:77,10,0,22
BRDA:77,10,1,88
BRDA:94,11,0,1
BRDA:94,11,1,1
BRDA:104,12,0,7
BRDA:104,12,1,1
BRDA:132,13,0,2
BRDA:132,13,1,7
BRDA:133,14,0,1
BRDA:133,14,1,1
BRDA:136,15,0,1
BRDA:136,15,1,6
BRDA:146,16,0,5
BRDA:146,16,1,3
BRDA:155,17,0,2
BRDA:155,17,1,1
BRDA:156,18,0,1
BRDA:156,18,1,1
BRDA:165,19,0,1
BRDA:165,19,1,0
BRDA:169,20,0,1
BRDA:169,20,1,0
BRDA:189,21,0,1
BRDA:189,21,1,12
BRDA:189,22,0,13
BRDA:189,22,1,13
BRDA:193,23,0,1
BRDA:193,23,1,1
BRDA:193,23,2,1
BRDA:193,23,3,1
BRDA:193,23,4,1
BRDA:193,23,5,1
BRDA:193,23,6,1
BRDA:239,24,0,1
BRDA:239,24,1,4
BRDA:249,25,0,0
BRDA:249,25,1,4
BRF:57
BRH:53
end_of_record
TN:
SF:src/display/baseText.ts
FN:8,(anonymous_1)
FN:10,(anonymous_3)
FNF:2
FNH:2
FNDA:3,(anonymous_1)
FNDA:8,(anonymous_3)
DA:1,1
DA:5,1
DA:6,1
DA:8,1
DA:10,8
DA:11,24
DA:12,8
DA:24,1
LF:8
LH:8
BRDA:11,0,0,4
BRDA:11,0,1,4
BRF:2
BRH:2
end_of_record
TN:
SF:src/display/checkLabel.ts
FN:5,(anonymous_1)
FN:7,(anonymous_3)
FNF:2
FNH:2
FNDA:9,(anonymous_1)
FNDA:26,(anonymous_3)
DA:1,1
DA:2,1
DA:5,1
DA:7,26
DA:8,26
DA:9,26
DA:13,26
DA:15,1
LF:8
LH:8
BRDA:8,0,0,25
BRDA:8,0,1,1
BRDA:11,1,0,26
BRDA:11,1,1,13
BRDA:13,2,0,1
BRDA:13,2,1,25
BRF:6
BRH:6
end_of_record
TN:
SF:src/display/checkbox.ts
FN:12,(anonymous_1)
FN:17,(anonymous_3)
FNF:2
FNH:2
FNDA:5,(anonymous_1)
FNDA:16,(anonymous_3)
DA:1,1
DA:6,1
DA:7,1
DA:8,1
DA:10,1
DA:12,1
DA:14,4
DA:15,4
DA:17,16
DA:18,48
DA:19,16
DA:31,1
LF:12
LH:12
BRDA:18,0,0,8
BRDA:18,0,1,8
BRDA:25,1,0,8
BRDA:25,1,1,8
BRF:4
BRH:4
end_of_record
TN:
SF:src/display/file.ts
FN:10,(anonymous_1)
FN:12,(anonymous_3)
FN:19,(anonymous_4)
FNF:3
FNH:3
FNDA:3,(anonymous_1)
FNDA:8,(anonymous_3)
FNDA:4,(anonymous_4)
DA:1,1
DA:2,1
DA:6,1
DA:7,1
DA:8,1
DA:10,1
DA:12,8
DA:13,24
DA:14,8
DA:19,4
DA:20,4
DA:35,1
LF:12
LH:12
BRDA:13,0,0,4
BRDA:13,0,1,4
BRF:2
BRH:2
end_of_record
TN:
SF:src/display/image.ts
FN:10,(anonymous_1)
FN:12,(anonymous_3)
FN:20,(anonymous_4)
FNF:3
FNH:3
FNDA:3,(anonymous_1)
FNDA:8,(anonymous_3)
FNDA:8,(anonymous_4)
DA:1,1
DA:2,1
DA:6,1
DA:7,1
DA:8,1
DA:10,1
DA:12,8
DA:13,24
DA:14,8
DA:20,8
DA:29,1
LF:11
LH:11
BRDA:13,0,0,4
BRDA:13,0,1,4
BRF:2
BRH:2
end_of_record
TN:
SF:src/display/imagePreview.ts
FN:10,(anonymous_1)
FN:12,(anonymous_3)
FNF:2
FNH:2
FNDA:3,(anonymous_1)
FNDA:8,(anonymous_3)
DA:1,1
DA:2,1
DA:6,1
DA:7,1
DA:8,1
DA:10,1
DA:12,8
DA:13,24
DA:14,8
DA:15,8
DA:30,1
LF:11
LH:11
BRDA:13,0,0,4
BRDA:13,0,1,4
BRDA:20,1,0,4
BRDA:20,1,1,4
BRF:4
BRH:4
end_of_record
TN:
SF:src/display/link.ts
FN:9,linkAttrs
FN:35,(anonymous_2)
FN:37,(anonymous_4)
FNF:3
FNH:3
FNDA:12,linkAttrs
FNDA:4,(anonymous_2)
FNDA:12,(anonymous_4)
DA:1,1
DA:5,1
DA:6,1
DA:7,1
DA:9,1
DA:10,12
DA:11,4
DA:15,8
DA:16,4
DA:22,4
DA:30,1
DA:35,1
DA:37,12
DA:38,48
DA:39,12
DA:53,1
LF:16
LH:16
BRDA:10,0,0,4
BRDA:10,0,1,8
BRDA:15,1,0,4
BRDA:15,1,1,4
BRDA:38,2,0,4
BRDA:38,2,1,8
BRDA:38,3,0,8
BRDA:38,3,1,4
BRDA:46,4,0,12
BRDA:46,4,1,4
BRF:10
BRH:10
end_of_record
TN:
SF:src/display/select.ts
FN:9,(anonymous_1)
FN:11,(anonymous_3)
FNF:2
FNH:2
FNDA:4,(anonymous_1)
FNDA:12,(anonymous_3)
DA:1,1
DA:2,1
DA:6,1
DA:7,1
DA:9,1
DA:11,12
DA:12,36
DA:14,12
DA:15,12
DA:16,12
DA:28,1
LF:11
LH:11
BRDA:12,0,0,8
BRDA:12,0,1,4
BRDA:15,1,0,8
BRDA:15,1,1,4
BRDA:15,2,0,8
BRDA:15,2,1,4
BRF:6
BRH:6
end_of_record
TN:
SF:src/display/thumbnail.ts
FN:3,(anonymous_1)
FN:5,(anonymous_3)
FNF:2
FNH:2
FNDA:4,(anonymous_1)
FNDA:12,(anonymous_3)
DA:1,1
DA:3,1
DA:5,12
DA:6,12
DA:12,1
LF:5
LH:5
BRF:0
BRH:0
end_of_record
TN:
SF:src/display/toggle.ts
FN:5,(anonymous_6)
FNF:1
FNH:1
FNDA:3,(anonymous_6)
DA:3,1
DA:5,2
DA:7,2
DA:8,2
DA:10,1
LF:5
LH:5
BRDA:5,0,0,2
BRDA:5,0,1,2
BRDA:5,0,2,2
BRF:3
BRH:3
end_of_record
TN:
SF:src/display/trusted.ts
FN:5,(anonymous_1)
FN:7,(anonymous_3)
FNF:2
FNH:2
FNDA:2,(anonymous_1)
FNDA:4,(anonymous_3)
DA:1,1
DA:5,1
DA:7,4
DA:8,4
DA:14,1
LF:5
LH:5
BRF:0
BRH:0
end_of_record
TN:
SF:src/input/baseInput.ts
FN:8,(anonymous_1)
FN:10,(anonymous_3)
FNF:2
FNH:2
FNDA:3,(anonymous_1)
FNDA:8,(anonymous_3)
DA:1,1
DA:5,1
DA:6,1
DA:8,1
DA:10,8
DA:12,8
DA:16,8
DA:17,176
DA:18,8
DA:35,1
LF:10
LH:10
BRDA:10,0,0,4
BRDA:10,0,1,4
BRDA:12,1,0,4
BRDA:12,1,1,4
BRDA:12,2,0,4
BRDA:12,2,1,4
BRDA:12,3,0,4
BRDA:12,3,1,4
BRDA:16,4,0,4
BRDA:16,4,1,4
BRDA:30,5,0,4
BRDA:30,5,1,4
BRF:12
BRH:12
end_of_record
TN:
SF:src/input/cardDateInput.ts
FN:9,(anonymous_1)
FN:15,(anonymous_3)
FN:19,(anonymous_4)
FN:21,(anonymous_5)
FN:27,(anonymous_6)
FN:35,(anonymous_7)
FN:41,(anonymous_8)
FNF:7
FNH:7
FNDA:3,(anonymous_1)
FNDA:16,(anonymous_3)
FNDA:2,(anonymous_4)
FNDA:8,(anonymous_5)
FNDA:16,(anonymous_6)
FNDA:2,(anonymous_7)
FNDA:2,(anonymous_8)
DA:1,1
DA:2,1
DA:6,1
DA:7,1
DA:9,1
DA:11,2
DA:12,2
DA:14,2
DA:15,16
DA:19,2
DA:21,2
DA:22,8
DA:23,8
DA:24,8
DA:27,2
DA:29,16
DA:30,5
DA:35,1
DA:36,2
DA:37,2
DA:38,2
DA:41,2
DA:43,2
DA:45,2
DA:46,18
DA:47,2
DA:49,2
DA:88,1
LF:28
LH:28
BRDA:22,0,0,2
BRDA:22,0,1,6
BRDA:29,1,0,5
BRDA:29,1,1,11
BRDA:43,2,0,1
BRDA:43,2,1,1
BRDA:43,3,0,1
BRDA:43,3,1,1
BRDA:45,4,0,1
BRDA:45,4,1,1
BRF:10
BRH:10
end_of_record
TN:
SF:src/input/checkbox.ts
FN:12,(anonymous_1)
FN:17,(anonymous_3)
FNF:2
FNH:2
FNDA:5,(anonymous_1)
FNDA:10,(anonymous_3)
DA:1,1
DA:6,1
DA:7,1
DA:8,1
DA:10,1
DA:12,1
DA:14,4
DA:15,4
DA:17,10
DA:19,10
DA:21,10
DA:22,100
DA:23,10
DA:46,1
LF:14
LH:14
BRDA:19,0,0,5
BRDA:19,0,1,5
BRDA:19,1,0,5
BRDA:19,1,1,5
BRDA:19,2,0,5
BRDA:19,2,1,5
BRDA:21,3,0,5
BRDA:21,3,1,5
BRDA:21,4,0,5
BRDA:21,4,1,5
BRDA:34,5,0,10
BRDA:34,5,1,5
BRDA:39,6,0,5
BRDA:39,6,1,5
BRF:14
BRH:14
end_of_record
TN:
SF:src/input/currencyInput.ts
FN:9,(anonymous_1)
FN:11,(anonymous_3)
FN:50,propToNumber
FN:59,currencyStrToNumber
FN:85,numberToCurrencyStr
FN:99,numberToCurrencyTuple
FN:117,setCurrencyValue
FN:118,(anonymous_9)
FNF:8
FNH:8
FNDA:4,(anonymous_1)
FNDA:12,(anonymous_3)
FNDA:8,propToNumber
FNDA:10,currencyStrToNumber
FNDA:15,numberToCurrencyStr
FNDA:15,numberToCurrencyTuple
FNDA:13,setCurrencyValue
FNDA:1,(anonymous_9)
DA:1,1
DA:2,1
DA:6,1
DA:7,1
DA:9,1
DA:11,12
DA:13,12
DA:14,12
DA:15,12
DA:16,12
DA:17,12
DA:18,12
DA:19,12
DA:20,12
DA:21,12
DA:48,1
DA:51,8
DA:59,1
DA:61,10
DA:63,10
DA:65,10
DA:66,7
DA:67,7
DA:69,7
DA:71,7
DA:73,7
DA:75,3
DA:77,10
DA:85,1
DA:86,15
DA:87,15
DA:88,13
DA:90,2
DA:99,1
DA:100,15
DA:101,2
DA:103,13
DA:104,13
DA:105,13
DA:106,13
DA:107,2
DA:108,2
DA:109,2
DA:111,11
DA:113,13
DA:117,1
DA:118,13
LF:47
LH:47
BRDA:11,0,0,8
BRDA:11,0,1,4
BRDA:13,1,0,8
BRDA:13,1,1,4
BRDA:13,2,0,8
BRDA:13,2,1,4
BRDA:17,3,0,8
BRDA:17,3,1,4
BRDA:20,4,0,4
BRDA:20,4,1,8
BRDA:20,5,0,12
BRDA:20,5,1,4
BRDA:37,6,0,4
BRDA:37,6,1,8
BRDA:41,7,0,4
BRDA:41,7,1,8
BRDA:51,8,0,4
BRDA:51,8,1,4
BRDA:65,9,0,7
BRDA:65,9,1,3
BRDA:75,10,0,3
BRDA:75,10,1,1
BRDA:87,11,0,13
BRDA:87,11,1,2
BRDA:100,12,0,2
BRDA:100,12,1,13
BRDA:106,13,0,2
BRDA:106,13,1,11
BRF:28
BRH:28
end_of_record
TN:
SF:src/input/dateInput.ts
FN:10,(anonymous_1)
FN:17,(anonymous_3)
FN:21,(anonymous_4)
FN:23,(anonymous_5)
FN:32,(anonymous_6)
FN:41,(anonymous_7)
FN:48,(anonymous_8)
FNF:7
FNH:7
FNDA:3,(anonymous_1)
FNDA:5,(anonymous_3)
FNDA:2,(anonymous_4)
FNDA:3,(anonymous_5)
FNDA:5,(anonymous_6)
FNDA:2,(anonymous_7)
FNDA:2,(anonymous_8)
DA:1,1
DA:2,1
DA:3,1
DA:7,1
DA:8,1
DA:10,1
DA:12,2
DA:13,2
DA:14,2
DA:16,2
DA:17,5
DA:21,2
DA:23,2
DA:24,3
DA:25,3
DA:26,2
DA:27,2
DA:28,2
DA:32,2
DA:33,5
DA:35,5
DA:36,1
DA:41,1
DA:42,2
DA:43,2
DA:44,2
DA:45,2
DA:48,2
DA:50,2
DA:51,2
DA:52,2
DA:53,2
DA:54,2
DA:55,2
DA:56,2
DA:58,2
DA:71,2
DA:84,2
DA:98,2
DA:116,1
LF:40
LH:40
BRDA:25,0,0,2
BRDA:25,0,1,1
BRDA:25,1,0,3
BRDA:25,1,1,3
BRDA:35,2,0,1
BRDA:35,2,1,4
BRDA:35,3,0,5
BRDA:35,3,1,5
BRDA:35,3,2,5
BRDA:50,4,0,1
BRDA:50,4,1,1
BRDA:50,5,0,1
BRDA:50,5,1,1
BRDA:52,6,0,1
BRDA:52,6,1,1
BRDA:55,7,0,1
BRDA:55,7,1,1
BRDA:55,8,0,2
BRDA:55,8,1,1
BRDA:104,9,0,1
BRDA:104,9,1,1
BRF:21
BRH:21
end_of_record
TN:
SF:src/input/fileInput.ts
FN:17,dragStart
FN:18,(anonymous_2)
FN:31,dragStop
FN:32,(anonymous_4)
FN:38,drop
FN:39,(anonymous_6)
FN:48,change
FN:49,(anonymous_8)
FN:52,(anonymous_9)
FN:53,(anonymous_11)
FNF:10
FNH:10
FNDA:35,dragStart
FNDA:2,(anonymous_2)
FNDA:35,dragStop
FNDA:1,(anonymous_4)
FNDA:35,drop
FNDA:1,(anonymous_6)
FNDA:39,change
FNDA:1,(anonymous_8)
FNDA:11,(anonymous_9)
FNDA:38,(anonymous_11)
DA:1,1
DA:2,1
DA:6,1
DA:7,1
DA:17,1
DA:18,35
DA:19,2
DA:20,2
DA:21,2
DA:24,2
DA:25,1
DA:27,2
DA:31,1
DA:32,35
DA:33,1
DA:34,1
DA:38,1
DA:39,35
DA:40,1
DA:41,1
DA:42,1
DA:43,1
DA:48,1
DA:49,39
DA:52,1
DA:53,38
DA:54,38
DA:55,38
DA:56,38
DA:57,38
DA:58,38
DA:59,38
DA:61,38
DA:62,38
DA:63,38
DA:64,38
DA:65,38
DA:86,1
LF:38
LH:38
BRDA:20,0,0,2
BRDA:20,0,1,0
BRDA:24,1,0,1
BRDA:24,1,1,1
BRDA:42,2,0,1
BRDA:42,2,1,0
BRDA:54,3,0,24
BRDA:54,3,1,14
BRDA:56,4,0,34
BRDA:56,4,1,4
BRDA:56,5,0,34
BRDA:56,5,1,4
BRDA:58,6,0,34
BRDA:58,6,1,4
BRDA:59,7,0,34
BRDA:59,7,1,4
BRDA:61,8,0,24
BRDA:61,8,1,14
BRDA:69,9,0,4
BRDA:69,9,1,34
BRDA:69,10,0,38
BRDA:69,10,1,34
BRDA:77,11,0,38
BRDA:77,11,1,34
BRDA:80,12,0,34
BRDA:80,12,1,4
BRF:26
BRH:24
end_of_record
TN:
SF:src/input/fileMulti.ts
FN:13,addFiles
FN:14,(anonymous_2)
FN:16,(anonymous_3)
FN:28,removeFile
FN:29,(anonymous_5)
FN:37,(anonymous_6)
FN:41,(anonymous_8)
FN:59,(anonymous_9)
FNF:8
FNH:8
FNDA:18,addFiles
FNDA:3,(anonymous_2)
FNDA:3,(anonymous_3)
FNDA:17,removeFile
FNDA:2,(anonymous_5)
FNDA:3,(anonymous_6)
FNDA:8,(anonymous_8)
FNDA:4,(anonymous_9)
DA:1,1
DA:2,1
DA:3,1
DA:7,1
DA:8,1
DA:9,1
DA:11,1
DA:13,27
DA:14,18
DA:15,3
DA:16,3
DA:17,3
DA:24,3
DA:28,1
DA:29,17
DA:30,2
DA:31,2
DA:32,2
DA:33,2
DA:37,1
DA:39,2
DA:41,8
DA:42,8
DA:59,4
DA:74,1
LF:25
LH:25
BRDA:13,0,0,9
BRDA:13,0,1,9
BRDA:15,1,0,2
BRDA:15,1,1,1
BRDA:49,2,0,0
BRDA:49,2,1,8
BRF:6
BRH:5
end_of_record
TN:
SF:src/input/fileSelect.ts
FN:13,(anonymous_1)
FN:17,(anonymous_3)
FN:36,(anonymous_4)
FN:49,(anonymous_5)
FN:171,(anonymous_6)
FNF:5
FNH:4
FNDA:3,(anonymous_1)
FNDA:8,(anonymous_3)
FNDA:0,(anonymous_4)
FNDA:4,(anonymous_5)
FNDA:4,(anonymous_6)
DA:1,1
DA:2,1
DA:3,1
DA:7,1
DA:8,1
DA:10,1
DA:11,1
DA:13,1
DA:15,2
DA:17,8
DA:18,8
DA:19,8
DA:36,0
DA:49,1
DA:50,4
DA:51,4
DA:52,4
DA:53,4
DA:64,0
DA:65,0
DA:106,0
DA:107,0
DA:110,0
DA:111,0
DA:123,0
DA:124,0
DA:140,0
DA:141,0
DA:149,0
DA:150,0
DA:159,0
DA:160,0
DA:163,4
DA:164,4
DA:168,4
DA:171,1
DA:172,4
DA:173,4
DA:174,4
DA:175,4
DA:177,1
LF:41
LH:26
BRDA:26,0,0,0
BRDA:26,0,1,8
BRDA:31,1,0,4
BRDA:31,1,1,4
BRDA:32,2,0,4
BRDA:32,2,1,4
BRDA:36,3,0,4
BRDA:36,3,1,0
BRDA:39,4,0,4
BRDA:39,4,1,4
BRDA:51,5,0,4
BRDA:51,5,1,0
BRDA:54,6,0,0
BRDA:54,6,1,0
BRDA:54,6,2,0
BRDA:54,6,3,0
BRDA:54,6,4,0
BRDA:54,6,5,0
BRDA:54,6,6,0
BRDA:54,6,7,0
BRDA:54,6,8,0
BRDA:54,6,9,0
BRDA:54,6,10,0
BRDA:54,6,11,0
BRDA:54,6,12,0
BRDA:54,6,13,0
BRDA:54,6,14,0
BRDA:54,6,15,0
BRDA:54,6,16,0
BRDA:54,6,17,0
BRDA:54,6,18,0
BRDA:54,6,19,0
BRDA:54,6,20,0
BRDA:54,6,21,0
BRDA:54,6,22,0
BRDA:54,6,23,0
BRDA:54,6,24,0
BRDA:54,6,25,0
BRDA:54,6,26,0
BRDA:54,6,27,0
BRDA:54,6,28,0
BRDA:54,6,29,0
BRDA:54,6,30,0
BRDA:54,6,31,0
BRDA:54,6,32,0
BRDA:54,6,33,0
BRDA:54,6,34,0
BRDA:54,6,35,0
BRDA:54,6,36,0
BRDA:54,6,37,0
BRDA:54,6,38,0
BRDA:54,6,39,0
BRDA:54,6,40,0
BRDA:54,6,41,0
BRDA:54,6,42,0
BRDA:54,6,43,0
BRDA:54,6,44,0
BRDA:54,6,45,0
BRDA:54,6,46,0
BRDA:54,6,47,0
BRDA:54,6,48,0
BRDA:54,6,49,0
BRDA:54,6,50,0
BRDA:54,6,51,0
BRDA:54,6,52,0
BRDA:54,6,53,0
BRDA:54,6,54,0
BRDA:54,6,55,0
BRDA:54,6,56,0
BRDA:54,6,57,0
BRDA:54,6,58,0
BRDA:54,6,59,0
BRDA:54,6,60,0
BRDA:54,6,61,0
BRDA:54,6,62,0
BRDA:54,6,63,0
BRDA:54,6,64,0
BRDA:54,6,65,0
BRDA:54,6,66,0
BRDA:54,6,67,0
BRDA:54,6,68,0
BRDA:54,6,69,0
BRDA:54,6,70,0
BRDA:54,6,71,0
BRDA:54,6,72,0
BRDA:54,6,73,0
BRDA:54,6,74,0
BRDA:54,6,75,0
BRDA:54,6,76,0
BRDA:54,6,77,0
BRDA:54,6,78,0
BRDA:54,6,79,0
BRDA:54,6,80,0
BRDA:54,6,81,4
BRF:94
BRH:10
end_of_record
TN:
SF:src/input/imageMulti.ts
FN:16,addImages
FN:17,(anonymous_2)
FN:19,(anonymous_3)
FN:21,(anonymous_4)
FN:31,(anonymous_5)
FN:38,(anonymous_6)
FN:42,(anonymous_8)
FN:60,(anonymous_9)
FNF:8
FNH:8
FNDA:17,addImages
FNDA:3,(anonymous_2)
FNDA:3,(anonymous_3)
FNDA:3,(anonymous_4)
FNDA:3,(anonymous_5)
FNDA:3,(anonymous_6)
FNDA:8,(anonymous_8)
FNDA:4,(anonymous_9)
DA:1,1
DA:2,1
DA:3,1
DA:7,1
DA:8,1
DA:9,1
DA:11,1
DA:12,1
DA:13,1
DA:14,1
DA:16,26
DA:17,17
DA:18,3
DA:19,3
DA:21,3
DA:22,3
DA:23,3
DA:32,3
DA:33,3
DA:38,1
DA:40,2
DA:42,8
DA:43,8
DA:44,8
DA:60,4
DA:76,1
LF:26
LH:26
BRDA:16,0,0,9
BRDA:16,0,1,8
BRDA:18,1,0,2
BRDA:18,1,1,1
BRDA:43,2,0,4
BRDA:43,2,1,4
BRDA:52,3,0,0
BRDA:52,3,1,8
BRF:8
BRH:7
end_of_record
TN:
SF:src/input/imageSelect.ts
FN:15,(anonymous_1)
FN:19,(anonymous_3)
FNF:2
FNH:2
FNDA:3,(anonymous_1)
FNDA:6,(anonymous_3)
DA:1,1
DA:2,1
DA:3,1
DA:7,1
DA:8,1
DA:9,1
DA:11,1
DA:12,1
DA:13,1
DA:15,1
DA:17,2
DA:19,6
DA:20,6
DA:21,6
DA:22,6
DA:49,1
LF:16
LH:16
BRDA:21,0,0,3
BRDA:21,0,1,3
BRDA:30,1,0,0
BRDA:30,1,1,6
BRDA:31,2,0,3
BRDA:31,2,1,3
BRF:6
BRH:5
end_of_record
TN:
SF:src/input/label.ts
FN:7,(anonymous_1)
FN:9,(anonymous_3)
FNF:2
FNH:2
FNDA:3,(anonymous_1)
FNDA:6,(anonymous_3)
DA:1,1
DA:5,1
DA:7,1
DA:9,6
DA:10,6
DA:12,6
DA:14,1
LF:7
LH:7
BRDA:10,0,0,3
BRDA:10,0,1,3
BRDA:10,1,0,3
BRDA:10,1,1,3
BRF:4
BRH:4
end_of_record
TN:
SF:src/input/password.ts
FN:11,scorePassword
FN:30,passwordStrengthStr
FN:70,(anonymous_3)
FN:75,(anonymous_5)
FN:77,(anonymous_6)
FN:80,(anonymous_7)
FN:84,(anonymous_8)
FN:114,(anonymous_9)
FN:119,(anonymous_10)
FNF:9
FNH:5
FNDA:2,scorePassword
FNDA:0,passwordStrengthStr
FNDA:3,(anonymous_3)
FNDA:2,(anonymous_5)
FNDA:2,(anonymous_6)
FNDA:0,(anonymous_7)
FNDA:6,(anonymous_8)
FNDA:0,(anonymous_9)
FNDA:0,(anonymous_10)
DA:1,1
DA:2,1
DA:3,1
DA:7,1
DA:8,1
DA:9,1
DA:12,2
DA:13,2
DA:14,2
DA:15,0
DA:17,2
DA:18,0
DA:20,2
DA:21,0
DA:23,2
DA:24,0
DA:27,2
DA:31,0
DA:33,0
DA:36,0
DA:39,0
DA:42,0
DA:45,0
DA:48,0
DA:51,1
DA:70,1
DA:72,2
DA:75,2
DA:76,2
DA:77,2
DA:80,1
DA:81,0
DA:84,6
DA:86,6
DA:89,6
DA:90,96
DA:91,6
DA:114,0
DA:119,0
DA:128,1
LF:40
LH:26
BRDA:13,0,0,2
BRDA:13,0,1,0
BRDA:14,1,0,0
BRDA:14,1,1,2
BRDA:17,2,0,0
BRDA:17,2,1,2
BRDA:20,3,0,0
BRDA:20,3,1,2
BRDA:23,4,0,0
BRDA:23,4,1,2
BRDA:32,5,0,0
BRDA:32,5,1,0
BRDA:32,5,2,0
BRDA:32,5,3,0
BRDA:32,5,4,0
BRDA:86,6,0,3
BRDA:86,6,1,3
BRDA:86,7,0,3
BRDA:86,7,1,3
BRDA:89,8,0,3
BRDA:89,8,1,3
BRDA:101,9,0,0
BRDA:101,9,1,6
BRDA:109,10,0,3
BRDA:109,10,1,3
BRDA:113,11,0,0
BRDA:113,11,1,6
BRDA:118,12,0,0
BRDA:118,12,1,6
BRDA:120,13,0,0
BRDA:120,13,1,0
BRF:31
BRH:16
end_of_record
TN:
SF:src/input/radio.ts
FN:9,(anonymous_1)
FN:11,(anonymous_3)
FN:23,(anonymous_4)
FNF:3
FNH:3
FNDA:3,(anonymous_1)
FNDA:6,(anonymous_3)
FNDA:6,(anonymous_4)
DA:1,1
DA:2,1
DA:6,1
DA:7,1
DA:9,1
DA:11,6
DA:13,6
DA:14,6
DA:15,6
DA:16,6
DA:17,6
DA:18,6
DA:23,6
DA:24,6
DA:26,6
DA:43,1
LF:16
LH:16
BRDA:13,0,0,3
BRDA:13,0,1,3
BRDA:15,1,0,3
BRDA:15,1,1,3
BRDA:15,2,0,3
BRDA:15,2,1,3
BRDA:23,3,0,3
BRDA:23,3,1,3
BRDA:28,4,0,3
BRDA:28,4,1,3
BRDA:33,5,0,6
BRDA:33,5,1,6
BRDA:35,6,0,3
BRDA:35,6,1,3
BRF:14
BRH:14
end_of_record
TN:
SF:src/input/select.ts
FN:9,(anonymous_1)
FN:11,(anonymous_3)
FN:29,(anonymous_4)
FNF:3
FNH:3
FNDA:4,(anonymous_1)
FNDA:9,(anonymous_3)
FNDA:6,(anonymous_4)
DA:1,1
DA:2,1
DA:6,1
DA:7,1
DA:9,1
DA:11,9
DA:13,9
DA:14,9
DA:15,9
DA:16,9
DA:17,9
DA:18,9
DA:29,6
DA:37,1
LF:14
LH:14
BRDA:13,0,0,6
BRDA:13,0,1,3
BRDA:13,1,0,6
BRDA:13,1,1,3
BRDA:15,2,0,6
BRDA:15,2,1,3
BRDA:29,3,0,3
BRDA:29,3,1,3
BRDA:31,4,0,6
BRDA:31,4,1,3
BRF:10
BRH:10
end_of_record
TN:
SF:src/input/sign.ts
FN:15,scaleDataUrl
FN:16,(anonymous_2)
FN:18,(anonymous_3)
FN:31,setFile
FN:32,(anonymous_5)
FN:33,(anonymous_6)
FN:47,(anonymous_7)
FN:51,(anonymous_9)
FN:53,(anonymous_10)
FN:56,(anonymous_11)
FN:69,(anonymous_12)
FN:119,(anonymous_13)
FN:129,(anonymous_14)
FN:143,(anonymous_15)
FN:144,(anonymous_16)
FNF:15
FNH:12
FNDA:1,scaleDataUrl
FNDA:1,(anonymous_2)
FNDA:1,(anonymous_3)
FNDA:4,setFile
FNDA:1,(anonymous_5)
FNDA:1,(anonymous_6)
FNDA:6,(anonymous_7)
FNDA:5,(anonymous_9)
FNDA:5,(anonymous_10)
FNDA:15,(anonymous_11)
FNDA:42,(anonymous_12)
FNDA:0,(anonymous_13)
FNDA:0,(anonymous_14)
FNDA:9,(anonymous_15)
FNDA:0,(anonymous_16)
DA:1,1
DA:2,1
DA:7,1
DA:8,1
DA:9,1
DA:11,1
DA:12,1
DA:13,1
DA:16,1
DA:17,1
DA:18,1
DA:19,1
DA:20,1
DA:21,1
DA:22,1
DA:23,1
DA:24,1
DA:25,1
DA:27,1
DA:31,1
DA:32,4
DA:33,1
DA:34,1
DA:35,1
DA:42,1
DA:47,1
DA:51,5
DA:53,5
DA:56,15
DA:58,15
DA:59,15
DA:60,15
DA:61,15
DA:62,15
DA:63,15
DA:64,15
DA:67,15
DA:69,42
DA:70,42
DA:71,15
DA:76,27
DA:77,12
DA:82,15
DA:83,12
DA:89,3
DA:92,15
DA:93,3
DA:95,15
DA:119,0
DA:129,0
DA:143,9
DA:144,0
DA:156,1
LF:53
LH:50
BRDA:60,0,0,12
BRDA:60,0,1,3
BRDA:61,1,0,12
BRDA:61,1,1,3
BRDA:62,2,0,12
BRDA:62,2,1,3
BRDA:70,3,0,15
BRDA:70,3,1,27
BRDA:76,4,0,12
BRDA:76,4,1,15
BRDA:82,5,0,12
BRDA:82,5,1,3
BRDA:92,6,0,3
BRDA:92,6,1,12
BRDA:92,7,0,15
BRDA:92,7,1,3
BRDA:101,8,0,6
BRDA:101,8,1,9
BRDA:99,9,0,15
BRDA:99,9,1,12
BRDA:107,10,0,3
BRDA:107,10,1,3
BRDA:115,11,0,3
BRDA:115,11,1,6
BRDA:128,12,0,3
BRDA:128,12,1,3
BRF:26
BRH:26
end_of_record
TN:
SF:src/input/signDraw.ts
FN:12,(anonymous_1)
FN:18,(anonymous_3)
FN:26,(anonymous_4)
FN:40,(anonymous_5)
FN:46,(anonymous_6)
FN:58,(anonymous_7)
FN:68,(anonymous_8)
FN:80,(anonymous_9)
FNF:8
FNH:6
FNDA:3,(anonymous_1)
FNDA:2,(anonymous_3)
FNDA:2,(anonymous_4)
FNDA:1,(anonymous_5)
FNDA:4,(anonymous_6)
FNDA:0,(anonymous_7)
FNDA:0,(anonymous_8)
FNDA:2,(anonymous_9)
DA:1,1
DA:2,1
DA:3,1
DA:7,1
DA:8,1
DA:10,1
DA:12,1
DA:18,2
DA:19,2
DA:20,2
DA:21,2
DA:26,2
DA:27,2
DA:28,2
DA:29,2
DA:30,2
DA:31,2
DA:32,2
DA:34,2
DA:35,2
DA:36,2
DA:37,2
DA:40,1
DA:41,1
DA:42,1
DA:43,1
DA:46,4
DA:47,4
DA:59,0
DA:60,0
DA:68,0
DA:80,1
DA:81,2
DA:84,1
LF:34
LH:31
BRDA:59,0,0,0
BRDA:59,0,1,0
BRF:2
BRH:0
end_of_record
TN:
SF:src/input/signStamp.ts
FN:10,createStamp
FN:16,applyStamp
FN:17,(anonymous_3)
FN:20,(anonymous_4)
FN:22,(anonymous_6)
FNF:5
FNH:5
FNDA:2,createStamp
FNDA:3,applyStamp
FNDA:1,(anonymous_3)
FNDA:2,(anonymous_4)
FNDA:2,(anonymous_6)
DA:1,1
DA:5,1
DA:6,1
DA:8,1
DA:10,1
DA:11,2
DA:12,2
DA:13,2
DA:16,1
DA:17,3
DA:20,1
DA:22,2
DA:23,2
DA:33,1
LF:14
LH:14
BRF:0
BRH:0
end_of_record
TN:
SF:src/input/signType.ts
FN:13,applyText
FN:14,(anonymous_2)
FN:22,(anonymous_3)
FN:26,(anonymous_5)
FN:32,(anonymous_6)
FN:36,(anonymous_7)
FN:63,(anonymous_8)
FN:76,(anonymous_9)
FNF:8
FNH:7
FNDA:5,applyText
FNDA:2,(anonymous_2)
FNDA:2,(anonymous_3)
FNDA:1,(anonymous_5)
FNDA:1,(anonymous_6)
FNDA:2,(anonymous_7)
FNDA:0,(anonymous_8)
FNDA:2,(anonymous_9)
DA:1,1
DA:2,1
DA:6,1
DA:7,1
DA:9,1
DA:11,1
DA:13,1
DA:14,5
DA:15,2
DA:16,1
DA:18,2
DA:22,1
DA:24,1
DA:26,1
DA:27,1
DA:28,1
DA:29,1
DA:32,1
DA:33,1
DA:36,2
DA:37,2
DA:63,0
DA:76,1
DA:77,2
DA:78,2
DA:81,1
LF:26
LH:25
BRDA:15,0,0,1
BRDA:15,0,1,1
BRF:2
BRH:2
end_of_record
TN:
SF:src/input/textarea.ts
FN:8,(anonymous_1)
FN:10,(anonymous_3)
FNF:2
FNH:2
FNDA:3,(anonymous_1)
FNDA:2,(anonymous_3)
DA:1,1
DA:5,1
DA:6,1
DA:8,1
DA:10,2
DA:12,2
DA:14,2
DA:15,28
DA:16,2
DA:32,1
LF:10
LH:10
BRDA:12,0,0,1
BRDA:12,0,1,1
BRDA:12,1,0,1
BRDA:12,1,1,1
BRDA:14,2,0,1
BRDA:14,2,1,1
BRDA:27,3,0,1
BRDA:27,3,1,1
BRF:8
BRH:8
end_of_record
TN:
SF:src/input/toggle.ts
FN:5,(anonymous_6)
FNF:1
FNH:1
FNDA:3,(anonymous_6)
DA:3,1
DA:5,2
DA:7,2
DA:8,2
DA:10,1
LF:5
LH:5
BRDA:5,0,0,2
BRDA:5,0,1,2
BRDA:5,0,2,2
BRF:3
BRH:3
end_of_record
