TN:
SF:src/badge.ts
FN:8,(anonymous_1)
FN:10,(anonymous_3)
FNF:2
FNH:2
FNDA:3,(anonymous_1)
FNDA:12,(anonymous_3)
DA:1,1
DA:8,1
DA:10,12
DA:11,12
DA:22,1
LF:5
LH:5
BRDA:10,0,0,6
BRDA:10,0,1,6
BRDA:13,1,0,6
BRDA:13,1,1,6
BRF:4
BRH:4
end_of_record
TN:
SF:src/button.ts
FN:22,(anonymous_1)
FN:24,(anonymous_3)
FNF:2
FNH:2
FNDA:19,(anonymous_1)
FNDA:64,(anonymous_3)
DA:1,1
DA:6,1
DA:7,1
DA:22,1
DA:24,64
DA:25,64
DA:27,64
DA:35,1
LF:8
LH:8
BRDA:25,0,0,58
BRDA:25,0,1,6
BRDA:25,1,0,20
BRDA:25,1,1,44
BRDA:25,2,0,44
BRDA:25,2,1,20
BRDA:29,3,0,6
BRDA:29,3,1,58
BRF:8
BRH:8
end_of_record
TN:
SF:src/buttonLink.ts
FN:20,(anonymous_1)
FN:22,(anonymous_3)
FNF:2
FNH:2
FNDA:4,(anonymous_1)
FNDA:18,(anonymous_3)
DA:1,1
DA:3,1
DA:4,1
DA:20,1
DA:22,18
DA:23,18
DA:25,18
DA:31,1
LF:8
LH:8
BRDA:23,0,0,12
BRDA:23,0,1,6
BRDA:23,1,0,12
BRDA:23,1,1,6
BRF:4
BRH:4
end_of_record
TN:
SF:src/config.ts
FN:67,updateConfig
FNF:1
FNH:1
FNDA:1,updateConfig
DA:1,1
DA:6,1
DA:65,1
DA:67,1
DA:68,1
LF:5
LH:5
BRF:0
BRH:0
end_of_record
TN:
SF:src/navButton.ts
FN:8,(anonymous_1)
FN:10,(anonymous_3)
FNF:2
FNH:2
FNDA:4,(anonymous_1)
FNDA:18,(anonymous_3)
DA:1,1
DA:5,1
DA:6,1
DA:8,1
DA:10,18
DA:11,18
DA:13,18
DA:21,1
LF:8
LH:8
BRDA:11,0,0,12
BRDA:11,0,1,6
BRDA:11,1,0,12
BRDA:11,1,1,6
BRDA:15,2,0,6
BRDA:15,2,1,12
BRF:6
BRH:6
end_of_record
TN:
SF:src/navLink.ts
FN:8,(anonymous_1)
FN:10,(anonymous_3)
FNF:2
FNH:2
FNDA:4,(anonymous_1)
FNDA:18,(anonymous_3)
DA:1,1
DA:5,1
DA:6,1
DA:8,1
DA:10,18
DA:11,18
DA:13,18
DA:19,1
LF:8
LH:8
BRDA:11,0,0,12
BRDA:11,0,1,6
BRDA:11,1,0,12
BRDA:11,1,1,6
BRF:4
BRH:4
end_of_record
TN:
SF:src/theme.ts
FN:8,imgMaxSize
FN:11,thumbMaxSize
FN:41,updateClasses
FN:50,updateButtonContext
FN:54,getButtonContext
FN:63,wrapperCls
FN:67,labelCls
FN:71,inputWrapperCls
FN:75,inputCls
FN:79,checkInputCls
FN:83,textareaCls
FN:87,radioInputCls
FN:91,fileInputCls
FN:95,pointerCls
FNF:14
FNH:14
FNDA:16,imgMaxSize
FNDA:38,thumbMaxSize
FNDA:1,updateClasses
FNDA:2,updateButtonContext
FNDA:86,getButtonContext
FNDA:296,wrapperCls
FNDA:152,labelCls
FNDA:195,inputWrapperCls
FNDA:77,inputCls
FNDA:14,checkInputCls
FNDA:4,textareaCls
FNDA:8,radioInputCls
FNDA:98,fileInputCls
FNDA:130,pointerCls
DA:1,1
DA:5,1
DA:8,1
DA:9,16
DA:11,1
DA:12,38
DA:15,1
DA:16,1
DA:19,1
DA:39,1
DA:41,1
DA:42,1
DA:46,1
DA:50,1
DA:51,2
DA:54,167
DA:55,86
DA:56,85
DA:58,1
DA:63,296
DA:64,296
DA:67,152
DA:68,152
DA:71,195
DA:72,195
DA:75,77
DA:76,77
DA:79,1
DA:80,14
DA:83,4
DA:84,4
DA:87,8
DA:88,8
DA:91,1
DA:92,98
DA:95,1
DA:96,130
LF:37
LH:37
BRDA:54,0,0,81
BRDA:54,0,1,5
BRDA:55,1,0,85
BRDA:55,1,1,1
BRDA:55,2,0,86
BRDA:55,2,1,86
BRDA:63,3,0,285
BRDA:63,3,1,11
BRDA:63,4,0,295
BRDA:63,4,1,1
BRDA:64,5,0,295
BRDA:64,5,1,1
BRDA:64,6,0,31
BRDA:64,6,1,265
BRDA:67,7,0,151
BRDA:67,7,1,1
BRDA:67,8,0,151
BRDA:67,8,1,1
BRDA:68,9,0,151
BRDA:68,9,1,1
BRDA:68,10,0,2
BRDA:68,10,1,150
BRDA:71,11,0,194
BRDA:71,11,1,1
BRDA:71,12,0,194
BRDA:71,12,1,1
BRDA:72,13,0,194
BRDA:72,13,1,1
BRDA:72,14,0,0
BRDA:72,14,1,195
BRDA:75,15,0,76
BRDA:75,15,1,1
BRDA:75,16,0,76
BRDA:75,16,1,1
BRDA:76,17,0,76
BRDA:76,17,1,1
BRDA:83,18,0,3
BRDA:83,18,1,1
BRDA:83,19,0,3
BRDA:83,19,1,1
BRDA:84,20,0,3
BRDA:84,20,1,1
BRDA:87,21,0,7
BRDA:87,21,1,1
BRDA:87,22,0,7
BRDA:87,22,1,1
BRDA:88,23,0,7
BRDA:88,23,1,1
BRDA:88,24,0,4
BRDA:88,24,1,4
BRDA:92,25,0,1
BRDA:92,25,1,97
BRDA:96,26,0,13
BRDA:96,26,1,117
BRDA:96,27,0,130
BRDA:96,27,1,117
BRF:56
BRH:55
end_of_record
TN:
SF:src/utils.ts
FN:16,toHex
FN:20,guid
FN:36,pxRatio
FN:40,getLabelText
FN:44,imgSrc
FN:49,getDisplayLabel
FN:57,getLabel
FN:65,labelIcon
FN:78,setValue
FN:79,(anonymous_10)
FN:82,setCheck
FN:83,(anonymous_12)
FN:89,fileNameExtSplit
FN:98,dataURItoBlob
FN:116,fileConstructor
FN:128,scaleRect
FN:139,getOrientation
FN:175,readArrayBuffer
FN:176,(anonymous_19)
FN:178,(anonymous_20)
FN:185,readOrientation
FN:189,rotateContext
FN:239,resizeImage
FN:244,(anonymous_24)
FN:244,(anonymous_25)
FN:246,(anonymous_26)
FN:263,(anonymous_27)
FN:269,textToImage
FN:293,getFileTypeIcon
FN:389,isImage
FNF:30
FNH:30
FNDA:192,toHex
FNDA:12,guid
FNDA:4,pxRatio
FNDA:174,getLabelText
FNDA:60,imgSrc
FNDA:109,getDisplayLabel
FNDA:92,getLabel
FNDA:118,labelIcon
FNDA:60,setValue
FNDA:4,(anonymous_10)
FNDA:15,setCheck
FNDA:1,(anonymous_12)
FNDA:126,fileNameExtSplit
FNDA:14,dataURItoBlob
FNDA:7,fileConstructor
FNDA:11,scaleRect
FNDA:10,getOrientation
FNDA:6,readArrayBuffer
FNDA:6,(anonymous_19)
FNDA:6,(anonymous_20)
FNDA:6,readOrientation
FNDA:15,rotateContext
FNDA:7,resizeImage
FNDA:6,(anonymous_24)
FNDA:6,(anonymous_25)
FNDA:6,(anonymous_26)
FNDA:6,(anonymous_27)
FNDA:2,textToImage
FNDA:124,getFileTypeIcon
FNDA:4,isImage
DA:1,1
DA:5,1
DA:6,1
DA:18,192
DA:20,1
DA:21,12
DA:22,12
DA:23,12
DA:24,12
DA:36,1
DA:37,4
DA:40,1
DA:41,174
DA:44,1
DA:45,60
DA:49,1
DA:50,109
DA:57,1
DA:58,92
DA:65,1
DA:66,118
DA:78,1
DA:79,60
DA:82,1
DA:83,15
DA:89,1
DA:90,126
DA:91,126
DA:92,44
DA:94,82
DA:98,1
DA:99,14
DA:100,14
DA:103,14
DA:104,14
DA:105,14
DA:106,14
DA:107,744
DA:109,14
DA:116,1
DA:117,7
DA:118,7
DA:119,7
DA:120,7
DA:121,7
DA:128,1
DA:129,11
DA:130,2
DA:131,1
DA:133,9
DA:134,1
DA:136,9
DA:139,1
DA:141,10
DA:142,10
DA:143,10
DA:144,7
DA:146,3
DA:147,3
DA:148,3
DA:149,3
DA:150,3
DA:152,3
DA:153,2
DA:154,1
DA:156,1
DA:157,1
DA:158,1
DA:159,1
DA:161,1
DA:162,1
DA:163,1
DA:166,1
DA:167,1
DA:169,0
DA:172,1
DA:175,1
DA:176,6
DA:177,6
DA:178,6
DA:179,6
DA:181,6
DA:185,1
DA:186,6
DA:189,1
DA:190,15
DA:191,1
DA:193,14
DA:196,1
DA:197,1
DA:198,1
DA:201,1
DA:202,1
DA:203,1
DA:206,1
DA:207,1
DA:208,1
DA:211,1
DA:212,1
DA:213,1
DA:216,1
DA:217,1
DA:218,1
DA:221,1
DA:222,1
DA:223,1
DA:224,1
DA:227,1
DA:228,1
DA:229,1
DA:239,1
DA:240,7
DA:241,1
DA:243,6
DA:244,6
DA:245,6
DA:246,6
DA:247,6
DA:248,6
DA:250,6
DA:251,0
DA:252,0
DA:254,6
DA:255,6
DA:257,6
DA:258,6
DA:259,6
DA:260,6
DA:262,6
DA:263,6
DA:264,6
DA:269,1
DA:270,2
DA:271,2
DA:272,2
DA:273,2
DA:274,2
DA:275,2
DA:276,2
DA:277,2
DA:278,2
DA:293,1
DA:294,124
DA:295,124
DA:305,9
DA:344,38
DA:346,1
DA:356,9
DA:369,12
DA:375,5
DA:383,7
DA:385,43
DA:389,1
DA:391,4
LF:154
LH:151
BRDA:22,0,0,12
BRDA:22,0,1,0
BRDA:41,1,0,6
BRDA:41,1,1,168
BRDA:45,2,0,11
BRDA:45,2,1,49
BRDA:50,3,0,48
BRDA:50,3,1,61
BRDA:58,4,0,48
BRDA:58,4,1,44
BRDA:67,5,0,80
BRDA:67,5,1,38
BRDA:68,6,0,12
BRDA:68,6,1,68
BRDA:71,7,0,30
BRDA:71,7,1,88
BRDA:72,8,0,24
BRDA:72,8,1,6
BRDA:91,9,0,44
BRDA:91,9,1,82
BRDA:101,10,0,13
BRDA:101,10,1,1
BRDA:129,11,0,2
BRDA:129,11,1,9
BRDA:130,12,0,1
BRDA:130,12,1,1
BRDA:133,13,0,1
BRDA:133,13,1,8
BRDA:143,14,0,7
BRDA:143,14,1,3
BRDA:152,15,0,2
BRDA:152,15,1,1
BRDA:153,16,0,1
BRDA:153,16,1,1
BRDA:162,17,0,1
BRDA:162,17,1,0
BRDA:166,18,0,1
BRDA:166,18,1,0
BRDA:190,19,0,1
BRDA:190,19,1,14
BRDA:190,20,0,15
BRDA:190,20,1,15
BRDA:194,21,0,1
BRDA:194,21,1,1
BRDA:194,21,2,1
BRDA:194,21,3,1
BRDA:194,21,4,1
BRDA:194,21,5,1
BRDA:194,21,6,1
BRDA:240,22,0,1
BRDA:240,22,1,6
BRDA:250,23,0,0
BRDA:250,23,1,6
BRDA:296,24,0,1
BRDA:296,24,1,2
BRDA:296,24,2,3
BRDA:296,24,3,4
BRDA:296,24,4,5
BRDA:296,24,5,6
BRDA:296,24,6,7
BRDA:296,24,7,8
BRDA:296,24,8,9
BRDA:296,24,9,1
BRDA:296,24,10,2
BRDA:296,24,11,3
BRDA:296,24,12,4
BRDA:296,24,13,5
BRDA:296,24,14,6
BRDA:296,24,15,7
BRDA:296,24,16,8
BRDA:296,24,17,9
BRDA:296,24,18,10
BRDA:296,24,19,11
BRDA:296,24,20,12
BRDA:296,24,21,13
BRDA:296,24,22,14
BRDA:296,24,23,15
BRDA:296,24,24,16
BRDA:296,24,25,17
BRDA:296,24,26,18
BRDA:296,24,27,19
BRDA:296,24,28,20
BRDA:296,24,29,21
BRDA:296,24,30,22
BRDA:296,24,31,23
BRDA:296,24,32,24
BRDA:296,24,33,25
BRDA:296,24,34,26
BRDA:296,24,35,27
BRDA:296,24,36,28
BRDA:296,24,37,29
BRDA:296,24,38,30
BRDA:296,24,39,31
BRDA:296,24,40,32
BRDA:296,24,41,33
BRDA:296,24,42,34
BRDA:296,24,43,35
BRDA:296,24,44,36
BRDA:296,24,45,37
BRDA:296,24,46,38
BRDA:296,24,47,1
BRDA:296,24,48,1
BRDA:296,24,49,2
BRDA:296,24,50,3
BRDA:296,24,51,4
BRDA:296,24,52,5
BRDA:296,24,53,6
BRDA:296,24,54,7
BRDA:296,24,55,8
BRDA:296,24,56,9
BRDA:296,24,57,1
BRDA:296,24,58,2
BRDA:296,24,59,3
BRDA:296,24,60,4
BRDA:296,24,61,5
BRDA:296,24,62,6
BRDA:296,24,63,7
BRDA:296,24,64,8
BRDA:296,24,65,9
BRDA:296,24,66,10
BRDA:296,24,67,11
BRDA:296,24,68,12
BRDA:296,24,69,1
BRDA:296,24,70,2
BRDA:296,24,71,3
BRDA:296,24,72,4
BRDA:296,24,73,5
BRDA:296,24,74,1
BRDA:296,24,75,2
BRDA:296,24,76,3
BRDA:296,24,77,4
BRDA:296,24,78,5
BRDA:296,24,79,6
BRDA:296,24,80,7
BRDA:296,24,81,43
BRDA:391,25,0,4
BRDA:391,25,1,4
BRF:137
BRH:133
end_of_record
TN:
SF:src/validation.ts
FN:5,propInvalid
FN:12,fileInvalid
FNF:2
FNH:2
FNDA:71,propInvalid
FNDA:111,fileInvalid
DA:5,1
DA:6,71
DA:7,2
DA:9,69
DA:12,1
DA:13,111
DA:14,1
DA:16,110
LF:8
LH:8
BRDA:6,0,0,2
BRDA:6,0,1,69
BRDA:13,1,0,1
BRDA:13,1,1,110
BRF:4
BRH:4
end_of_record
TN:
SF:src/display/baseText.ts
FN:8,(anonymous_1)
FN:10,(anonymous_3)
FNF:2
FNH:2
FNDA:3,(anonymous_1)
FNDA:12,(anonymous_3)
DA:1,1
DA:5,1
DA:6,1
DA:8,1
DA:10,12
DA:11,36
DA:12,12
DA:24,1
LF:8
LH:8
BRDA:11,0,0,6
BRDA:11,0,1,6
BRF:2
BRH:2
end_of_record
TN:
SF:src/display/checkLabel.ts
FN:6,(anonymous_1)
FN:8,(anonymous_3)
FNF:2
FNH:2
FNDA:9,(anonymous_1)
FNDA:38,(anonymous_3)
DA:1,1
DA:2,1
DA:6,1
DA:8,38
DA:9,38
DA:10,38
DA:14,38
DA:16,1
LF:8
LH:8
BRDA:9,0,0,37
BRDA:9,0,1,1
BRDA:12,1,0,38
BRDA:12,1,1,19
BRDA:14,2,0,1
BRDA:14,2,1,37
BRF:6
BRH:6
end_of_record
TN:
SF:src/display/checkbox.ts
FN:12,(anonymous_1)
FN:17,(anonymous_3)
FNF:2
FNH:2
FNDA:5,(anonymous_1)
FNDA:24,(anonymous_3)
DA:1,1
DA:6,1
DA:7,1
DA:8,1
DA:10,1
DA:12,1
DA:14,4
DA:15,4
DA:17,24
DA:18,72
DA:19,24
DA:31,1
LF:12
LH:12
BRDA:18,0,0,12
BRDA:18,0,1,12
BRDA:25,1,0,12
BRDA:25,1,1,12
BRF:4
BRH:4
end_of_record
TN:
SF:src/display/displayTypeComponent.ts
FN:15,(anonymous_1)
FN:17,(anonymous_3)
FN:19,(anonymous_4)
FN:33,(anonymous_5)
FNF:4
FNH:4
FNDA:4,(anonymous_1)
FNDA:15,(anonymous_3)
FNDA:20,(anonymous_4)
FNDA:5,(anonymous_5)
DA:1,1
DA:2,1
DA:6,1
DA:7,1
DA:8,1
DA:10,1
DA:11,1
DA:12,1
DA:13,1
DA:15,1
DA:17,15
DA:18,15
DA:19,20
DA:33,5
DA:47,1
LF:15
LH:15
BRDA:17,0,0,5
BRDA:17,0,1,10
BRDA:18,1,0,10
BRDA:18,1,1,5
BRF:4
BRH:4
end_of_record
TN:
SF:src/display/file.ts
FN:10,(anonymous_1)
FN:12,(anonymous_3)
FN:19,(anonymous_4)
FNF:3
FNH:3
FNDA:3,(anonymous_1)
FNDA:12,(anonymous_3)
FNDA:6,(anonymous_4)
DA:1,1
DA:2,1
DA:6,1
DA:7,1
DA:8,1
DA:10,1
DA:12,12
DA:13,36
DA:14,12
DA:19,6
DA:20,6
DA:33,1
LF:12
LH:12
BRDA:13,0,0,6
BRDA:13,0,1,6
BRF:2
BRH:2
end_of_record
TN:
SF:src/display/fileOpen.ts
FN:7,(anonymous_1)
FN:8,(anonymous_3)
FN:13,(anonymous_4)
FNF:3
FNH:3
FNDA:7,(anonymous_1)
FNDA:33,(anonymous_3)
FNDA:1,(anonymous_4)
DA:1,1
DA:4,1
DA:5,1
DA:7,1
DA:8,33
DA:9,33
DA:13,1
DA:17,1
LF:8
LH:8
BRDA:13,0,0,17
BRDA:13,0,1,16
BRF:2
BRH:2
end_of_record
TN:
SF:src/display/image.ts
FN:11,(anonymous_1)
FN:13,(anonymous_3)
FN:21,(anonymous_4)
FNF:3
FNH:3
FNDA:3,(anonymous_1)
FNDA:12,(anonymous_3)
FNDA:12,(anonymous_4)
DA:1,1
DA:2,1
DA:6,1
DA:8,1
DA:9,1
DA:11,1
DA:13,12
DA:14,36
DA:15,12
DA:21,12
DA:30,1
LF:11
LH:11
BRDA:14,0,0,6
BRDA:14,0,1,6
BRF:2
BRH:2
end_of_record
TN:
SF:src/display/imagePreview.ts
FN:10,(anonymous_1)
FN:12,(anonymous_3)
FNF:2
FNH:2
FNDA:3,(anonymous_1)
FNDA:12,(anonymous_3)
DA:1,1
DA:2,1
DA:6,1
DA:7,1
DA:8,1
DA:10,1
DA:12,12
DA:13,36
DA:14,12
DA:15,12
DA:30,1
LF:11
LH:11
BRDA:13,0,0,6
BRDA:13,0,1,6
BRDA:20,1,0,6
BRDA:20,1,1,6
BRF:4
BRH:4
end_of_record
TN:
SF:src/display/link.ts
FN:9,linkAttrs
FN:35,(anonymous_2)
FN:37,(anonymous_4)
FNF:3
FNH:3
FNDA:18,linkAttrs
FNDA:4,(anonymous_2)
FNDA:18,(anonymous_4)
DA:1,1
DA:5,1
DA:6,1
DA:7,1
DA:9,1
DA:10,18
DA:11,6
DA:15,12
DA:16,6
DA:22,6
DA:30,1
DA:35,1
DA:37,18
DA:38,72
DA:39,18
DA:53,1
LF:16
LH:16
BRDA:10,0,0,6
BRDA:10,0,1,12
BRDA:15,1,0,6
BRDA:15,1,1,6
BRDA:38,2,0,6
BRDA:38,2,1,12
BRDA:38,3,0,12
BRDA:38,3,1,6
BRDA:46,4,0,18
BRDA:46,4,1,6
BRF:10
BRH:10
end_of_record
TN:
SF:src/display/passwordStrength.ts
FN:9,scorePassword
FN:34,passwordStrengthStr
FN:75,(anonymous_3)
FN:79,(anonymous_5)
FN:81,(anonymous_6)
FN:84,(anonymous_7)
FN:88,(anonymous_8)
FN:94,(anonymous_9)
FNF:8
FNH:8
FNDA:7,scorePassword
FNDA:8,passwordStrengthStr
FNDA:2,(anonymous_3)
FNDA:1,(anonymous_5)
FNDA:1,(anonymous_6)
FNDA:1,(anonymous_7)
FNDA:1,(anonymous_8)
FNDA:5,(anonymous_9)
DA:1,1
DA:2,1
DA:7,1
DA:9,1
DA:10,7
DA:12,7
DA:13,5
DA:15,5
DA:16,1
DA:19,5
DA:20,1
DA:23,5
DA:24,1
DA:27,5
DA:28,1
DA:31,7
DA:34,1
DA:35,8
DA:37,2
DA:40,1
DA:43,1
DA:46,1
DA:49,1
DA:52,1
DA:55,1
DA:58,1
DA:75,1
DA:79,1
DA:80,1
DA:81,1
DA:84,1
DA:85,1
DA:88,1
DA:89,2
DA:90,1
DA:94,5
DA:100,1
LF:37
LH:37
BRDA:12,0,0,5
BRDA:12,0,1,2
BRDA:15,1,0,1
BRDA:15,1,1,4
BRDA:19,2,0,1
BRDA:19,2,1,4
BRDA:19,3,0,5
BRDA:19,3,1,1
BRDA:23,4,0,1
BRDA:23,4,1,4
BRDA:27,5,0,1
BRDA:27,5,1,4
BRDA:36,6,0,2
BRDA:36,6,1,1
BRDA:36,6,2,1
BRDA:36,6,3,1
BRDA:36,6,4,1
BRDA:36,6,5,1
BRDA:95,7,0,0
BRDA:95,7,1,5
BRF:20
BRH:19
end_of_record
TN:
SF:src/display/select.ts
FN:9,(anonymous_1)
FN:11,(anonymous_3)
FNF:2
FNH:2
FNDA:4,(anonymous_1)
FNDA:18,(anonymous_3)
DA:1,1
DA:2,1
DA:6,1
DA:7,1
DA:9,1
DA:11,18
DA:12,54
DA:14,18
DA:15,18
DA:16,18
DA:28,1
LF:11
LH:11
BRDA:12,0,0,12
BRDA:12,0,1,6
BRDA:15,1,0,12
BRDA:15,1,1,6
BRDA:15,2,0,12
BRDA:15,2,1,6
BRF:6
BRH:6
end_of_record
TN:
SF:src/display/thumbnail.ts
FN:7,(anonymous_1)
FN:9,(anonymous_3)
FNF:2
FNH:2
FNDA:8,(anonymous_1)
FNDA:38,(anonymous_3)
DA:1,1
DA:5,1
DA:7,1
DA:9,38
DA:10,38
DA:21,1
LF:6
LH:6
BRDA:11,0,0,28
BRDA:11,0,1,10
BRDA:11,1,0,38
BRDA:11,1,1,38
BRDA:13,2,0,10
BRDA:13,2,1,28
BRDA:12,3,0,38
BRDA:12,3,1,20
BRDA:12,3,2,10
BRDA:12,3,3,0
BRF:10
BRH:9
end_of_record
TN:
SF:src/display/toggle.ts
FN:5,(anonymous_6)
FNF:1
FNH:1
FNDA:3,(anonymous_6)
DA:3,1
DA:5,2
DA:7,2
DA:8,2
DA:10,1
LF:5
LH:5
BRDA:5,0,0,2
BRDA:5,0,1,2
BRDA:5,0,2,2
BRF:3
BRH:3
end_of_record
TN:
SF:src/display/trusted.ts
FN:5,(anonymous_1)
FN:7,(anonymous_3)
FNF:2
FNH:2
FNDA:2,(anonymous_1)
FNDA:6,(anonymous_3)
DA:1,1
DA:5,1
DA:7,6
DA:8,6
DA:13,1
LF:5
LH:5
BRF:0
BRH:0
end_of_record
TN:
SF:src/input/baseInput.ts
FN:9,(anonymous_1)
FN:11,(anonymous_3)
FNF:2
FNH:2
FNDA:4,(anonymous_1)
FNDA:18,(anonymous_3)
DA:1,1
DA:5,1
DA:6,1
DA:7,1
DA:9,1
DA:11,18
DA:13,18
DA:17,18
DA:18,378
DA:19,18
DA:38,1
LF:11
LH:11
BRDA:11,0,0,12
BRDA:11,0,1,6
BRDA:13,1,0,6
BRDA:13,1,1,12
BRDA:13,2,0,12
BRDA:13,2,1,6
BRDA:13,3,0,12
BRDA:13,3,1,6
BRDA:17,4,0,12
BRDA:17,4,1,6
BRDA:20,5,0,6
BRDA:20,5,1,12
BRDA:33,6,0,6
BRDA:33,6,1,12
BRF:14
BRH:14
end_of_record
TN:
SF:src/input/cardDateInput.ts
FN:11,(anonymous_1)
FN:17,(anonymous_3)
FN:21,(anonymous_4)
FN:23,(anonymous_5)
FN:29,(anonymous_6)
FN:37,(anonymous_7)
FN:43,(anonymous_8)
FNF:7
FNH:7
FNDA:3,(anonymous_1)
FNDA:16,(anonymous_3)
FNDA:2,(anonymous_4)
FNDA:8,(anonymous_5)
FNDA:16,(anonymous_6)
FNDA:2,(anonymous_7)
FNDA:2,(anonymous_8)
DA:1,1
DA:2,1
DA:6,1
DA:8,1
DA:9,1
DA:11,1
DA:13,2
DA:14,2
DA:16,2
DA:17,16
DA:21,2
DA:23,2
DA:24,8
DA:25,8
DA:26,8
DA:29,2
DA:31,16
DA:32,5
DA:37,1
DA:38,2
DA:39,2
DA:40,2
DA:43,2
DA:45,2
DA:47,2
DA:48,16
DA:49,2
DA:51,2
DA:90,1
LF:29
LH:29
BRDA:24,0,0,2
BRDA:24,0,1,6
BRDA:31,1,0,5
BRDA:31,1,1,11
BRDA:45,2,0,1
BRDA:45,2,1,1
BRDA:45,3,0,1
BRDA:45,3,1,1
BRDA:47,4,0,1
BRDA:47,4,1,1
BRF:10
BRH:10
end_of_record
TN:
SF:src/input/checkbox.ts
FN:12,(anonymous_1)
FN:17,(anonymous_3)
FNF:2
FNH:2
FNDA:5,(anonymous_1)
FNDA:14,(anonymous_3)
DA:1,1
DA:6,1
DA:7,1
DA:8,1
DA:10,1
DA:12,1
DA:14,4
DA:15,4
DA:17,14
DA:19,14
DA:21,14
DA:22,126
DA:23,14
DA:48,1
LF:14
LH:14
BRDA:19,0,0,7
BRDA:19,0,1,7
BRDA:19,1,0,7
BRDA:19,1,1,7
BRDA:19,2,0,7
BRDA:19,2,1,7
BRDA:21,3,0,7
BRDA:21,3,1,7
BRDA:36,4,0,14
BRDA:36,4,1,7
BRDA:40,5,0,7
BRDA:40,5,1,7
BRF:12
BRH:12
end_of_record
TN:
SF:src/input/currencyInput.ts
FN:10,(anonymous_1)
FN:12,(anonymous_3)
FN:48,propToNumber
FN:57,currencyStrToNumber
FN:83,numberToCurrencyStr
FN:97,numberToCurrencyTuple
FN:115,setCurrencyValue
FN:116,(anonymous_9)
FNF:8
FNH:8
FNDA:4,(anonymous_1)
FNDA:18,(anonymous_3)
FNDA:12,propToNumber
FNDA:10,currencyStrToNumber
FNDA:19,numberToCurrencyStr
FNDA:19,numberToCurrencyTuple
FNDA:19,setCurrencyValue
FNDA:1,(anonymous_9)
DA:1,1
DA:2,1
DA:6,1
DA:7,1
DA:8,1
DA:10,1
DA:12,18
DA:14,18
DA:15,18
DA:16,18
DA:17,18
DA:18,18
DA:19,18
DA:20,18
DA:21,18
DA:22,18
DA:46,1
DA:49,12
DA:57,1
DA:59,10
DA:61,10
DA:63,10
DA:64,7
DA:65,7
DA:67,7
DA:69,7
DA:71,7
DA:73,3
DA:75,10
DA:83,1
DA:84,19
DA:85,19
DA:86,17
DA:88,2
DA:97,1
DA:98,19
DA:99,2
DA:101,17
DA:102,17
DA:103,17
DA:104,17
DA:105,2
DA:106,2
DA:107,2
DA:109,15
DA:111,17
DA:115,1
DA:116,19
LF:48
LH:48
BRDA:12,0,0,12
BRDA:12,0,1,6
BRDA:14,1,0,12
BRDA:14,1,1,6
BRDA:14,2,0,12
BRDA:14,2,1,6
BRDA:18,3,0,12
BRDA:18,3,1,6
BRDA:21,4,0,6
BRDA:21,4,1,12
BRDA:21,5,0,18
BRDA:21,5,1,6
BRDA:37,6,0,6
BRDA:37,6,1,12
BRDA:40,7,0,6
BRDA:40,7,1,12
BRDA:49,8,0,6
BRDA:49,8,1,6
BRDA:63,9,0,7
BRDA:63,9,1,3
BRDA:73,10,0,3
BRDA:73,10,1,1
BRDA:85,11,0,17
BRDA:85,11,1,2
BRDA:98,12,0,2
BRDA:98,12,1,17
BRDA:104,13,0,2
BRDA:104,13,1,15
BRF:28
BRH:28
end_of_record
TN:
SF:src/input/dateInput.ts
FN:11,(anonymous_1)
FN:18,(anonymous_3)
FN:22,(anonymous_4)
FN:24,(anonymous_5)
FN:33,(anonymous_6)
FN:46,(anonymous_7)
FN:53,(anonymous_8)
FNF:7
FNH:7
FNDA:3,(anonymous_1)
FNDA:6,(anonymous_3)
FNDA:2,(anonymous_4)
FNDA:4,(anonymous_5)
FNDA:6,(anonymous_6)
FNDA:2,(anonymous_7)
FNDA:2,(anonymous_8)
DA:1,1
DA:2,1
DA:3,1
DA:7,1
DA:8,1
DA:9,1
DA:11,1
DA:13,2
DA:14,2
DA:15,2
DA:17,2
DA:18,6
DA:22,2
DA:24,2
DA:25,4
DA:26,4
DA:27,2
DA:28,2
DA:29,2
DA:33,2
DA:34,6
DA:35,6
DA:37,5
DA:38,1
DA:41,1
DA:46,1
DA:47,2
DA:48,2
DA:49,2
DA:50,2
DA:53,2
DA:55,2
DA:56,2
DA:57,2
DA:58,2
DA:59,2
DA:60,2
DA:61,2
DA:63,2
DA:76,2
DA:89,2
DA:103,2
DA:123,1
LF:43
LH:43
BRDA:26,0,0,2
BRDA:26,0,1,2
BRDA:26,1,0,4
BRDA:26,1,1,4
BRDA:35,2,0,5
BRDA:35,2,1,1
BRDA:35,3,0,6
BRDA:35,3,1,6
BRDA:37,4,0,1
BRDA:37,4,1,4
BRDA:55,5,0,1
BRDA:55,5,1,1
BRDA:55,6,0,1
BRDA:55,6,1,1
BRDA:57,7,0,1
BRDA:57,7,1,1
BRDA:60,8,0,1
BRDA:60,8,1,1
BRDA:60,9,0,2
BRDA:60,9,1,1
BRDA:111,10,0,1
BRDA:111,10,1,1
BRF:22
BRH:22
end_of_record
TN:
SF:src/input/fileInput.ts
FN:17,dragStart
FN:18,(anonymous_2)
FN:31,dragStop
FN:32,(anonymous_4)
FN:38,drop
FN:39,(anonymous_6)
FN:48,change
FN:49,(anonymous_8)
FN:52,(anonymous_9)
FN:53,(anonymous_11)
FNF:10
FNH:10
FNDA:103,dragStart
FNDA:2,(anonymous_2)
FNDA:103,dragStop
FNDA:1,(anonymous_4)
FNDA:103,drop
FNDA:1,(anonymous_6)
FNDA:109,change
FNDA:1,(anonymous_8)
FNDA:21,(anonymous_9)
FNDA:108,(anonymous_11)
DA:1,1
DA:2,1
DA:6,1
DA:7,1
DA:17,1
DA:18,103
DA:19,2
DA:20,2
DA:21,2
DA:24,2
DA:25,1
DA:27,2
DA:31,1
DA:32,103
DA:33,1
DA:34,1
DA:38,1
DA:39,103
DA:40,1
DA:41,1
DA:42,1
DA:43,1
DA:48,1
DA:49,109
DA:52,1
DA:53,108
DA:54,108
DA:55,108
DA:56,108
DA:57,108
DA:59,108
DA:61,108
DA:62,108
DA:63,1080
DA:64,108
DA:84,1
LF:36
LH:36
BRDA:20,0,0,2
BRDA:20,0,1,0
BRDA:24,1,0,1
BRDA:24,1,1,1
BRDA:42,2,0,1
BRDA:42,2,1,0
BRDA:54,3,0,36
BRDA:54,3,1,72
BRDA:54,4,0,61
BRDA:54,4,1,47
BRDA:59,5,0,102
BRDA:59,5,1,6
BRDA:59,6,0,102
BRDA:59,6,1,6
BRDA:61,7,0,102
BRDA:61,7,1,6
BRDA:62,8,0,69
BRDA:62,8,1,39
BRDA:67,9,0,6
BRDA:67,9,1,102
BRDA:67,10,0,108
BRDA:67,10,1,102
BRDA:75,11,0,108
BRDA:75,11,1,102
BRDA:78,12,0,102
BRDA:78,12,1,6
BRF:26
BRH:24
end_of_record
TN:
SF:src/input/fileMulti.ts
FN:14,addFiles
FN:15,(anonymous_2)
FN:17,(anonymous_3)
FN:29,removeFile
FN:30,(anonymous_5)
FN:38,(anonymous_6)
FN:42,(anonymous_8)
FN:66,(anonymous_9)
FNF:8
FNH:8
FNDA:26,addFiles
FNDA:2,(anonymous_2)
FNDA:3,(anonymous_3)
FNDA:67,removeFile
FNDA:4,(anonymous_5)
FNDA:3,(anonymous_6)
FNDA:12,(anonymous_8)
FNDA:6,(anonymous_9)
DA:1,1
DA:2,1
DA:3,1
DA:7,1
DA:8,1
DA:9,1
DA:10,1
DA:12,1
DA:14,39
DA:15,26
DA:16,2
DA:17,2
DA:18,3
DA:25,2
DA:29,1
DA:30,67
DA:31,4
DA:32,4
DA:33,4
DA:34,4
DA:38,1
DA:40,2
DA:42,12
DA:43,24
DA:44,12
DA:66,6
DA:81,1
LF:27
LH:27
BRDA:14,0,0,13
BRDA:14,0,1,13
BRDA:16,1,0,1
BRDA:16,1,1,1
BRDA:43,2,0,6
BRDA:43,2,1,6
BRF:6
BRH:6
end_of_record
TN:
SF:src/input/fileSelect.ts
FN:16,(anonymous_1)
FN:20,(anonymous_3)
FNF:2
FNH:2
FNDA:3,(anonymous_1)
FNDA:12,(anonymous_3)
DA:1,1
DA:2,1
DA:3,1
DA:7,1
DA:8,1
DA:10,1
DA:12,1
DA:13,1
DA:14,1
DA:16,1
DA:18,2
DA:20,12
DA:21,12
DA:22,24
DA:23,12
DA:53,1
LF:16
LH:16
BRDA:22,0,0,6
BRDA:22,0,1,6
BRDA:41,1,0,6
BRDA:41,1,1,6
BRDA:42,2,0,6
BRDA:42,2,1,6
BRDA:43,3,0,6
BRDA:43,3,1,6
BRF:8
BRH:8
end_of_record
TN:
SF:src/input/imageMulti.ts
FN:17,addImages
FN:18,(anonymous_2)
FN:20,(anonymous_3)
FN:22,(anonymous_4)
FN:32,(anonymous_5)
FN:39,(anonymous_6)
FN:43,(anonymous_8)
FN:67,(anonymous_9)
FNF:8
FNH:8
FNDA:25,addImages
FNDA:3,(anonymous_2)
FNDA:3,(anonymous_3)
FNDA:3,(anonymous_4)
FNDA:3,(anonymous_5)
FNDA:3,(anonymous_6)
FNDA:12,(anonymous_8)
FNDA:6,(anonymous_9)
DA:1,1
DA:2,1
DA:3,1
DA:7,1
DA:8,1
DA:9,1
DA:10,1
DA:12,1
DA:13,1
DA:14,1
DA:15,1
DA:17,38
DA:18,25
DA:19,3
DA:20,3
DA:22,3
DA:23,3
DA:24,3
DA:33,3
DA:34,3
DA:39,1
DA:41,2
DA:43,12
DA:44,24
DA:45,12
DA:67,6
DA:83,1
LF:27
LH:27
BRDA:17,0,0,13
BRDA:17,0,1,12
BRDA:19,1,0,2
BRDA:19,1,1,1
BRDA:44,2,0,6
BRDA:44,2,1,6
BRF:6
BRH:6
end_of_record
TN:
SF:src/input/imageSelect.ts
FN:16,(anonymous_1)
FN:20,(anonymous_3)
FNF:2
FNH:2
FNDA:3,(anonymous_1)
FNDA:10,(anonymous_3)
DA:1,1
DA:2,1
DA:3,1
DA:7,1
DA:8,1
DA:9,1
DA:10,1
DA:12,1
DA:13,1
DA:14,1
DA:16,1
DA:18,2
DA:20,10
DA:21,10
DA:22,20
DA:23,10
DA:59,1
LF:17
LH:17
BRDA:22,0,0,5
BRDA:22,0,1,5
BRDA:39,1,0,5
BRDA:39,1,1,5
BRF:4
BRH:4
end_of_record
TN:
SF:src/input/label.ts
FN:7,(anonymous_1)
FN:9,(anonymous_3)
FNF:2
FNH:2
FNDA:3,(anonymous_1)
FNDA:10,(anonymous_3)
DA:1,1
DA:5,1
DA:7,1
DA:9,10
DA:10,10
DA:12,10
DA:14,1
LF:7
LH:7
BRDA:10,0,0,5
BRDA:10,0,1,5
BRDA:10,1,0,5
BRDA:10,1,1,5
BRF:4
BRH:4
end_of_record
TN:
SF:src/input/multiOmniFileInput.ts
FN:14,(anonymous_1)
FN:17,(anonymous_3)
FNF:2
FNH:2
FNDA:6,(anonymous_1)
FNDA:25,(anonymous_3)
DA:1,1
DA:2,1
DA:6,1
DA:7,1
DA:8,1
DA:10,1
DA:11,1
DA:12,1
DA:14,1
DA:15,5
DA:17,25
DA:18,25
DA:20,50
DA:21,25
DA:49,1
LF:15
LH:15
BRDA:18,0,0,15
BRDA:18,0,1,10
BRDA:20,1,0,20
BRDA:20,1,1,5
BRDA:43,2,0,15
BRDA:43,2,1,10
BRF:6
BRH:6
end_of_record
TN:
SF:src/input/omniFileInput.ts
FN:16,addOmniFiles
FN:17,(anonymous_2)
FN:19,(anonymous_3)
FN:21,(anonymous_4)
FN:40,(anonymous_5)
FN:47,(anonymous_6)
FN:51,(anonymous_8)
FNF:7
FNH:7
FNDA:52,addOmniFiles
FNDA:2,(anonymous_2)
FNDA:4,(anonymous_3)
FNDA:2,(anonymous_4)
FNDA:2,(anonymous_5)
FNDA:6,(anonymous_6)
FNDA:25,(anonymous_8)
DA:1,1
DA:2,1
DA:3,1
DA:7,1
DA:8,1
DA:9,1
DA:10,1
DA:12,1
DA:13,1
DA:14,1
DA:16,1
DA:17,52
DA:18,2
DA:19,2
DA:20,4
DA:21,2
DA:22,2
DA:23,2
DA:32,2
DA:38,2
DA:41,2
DA:42,2
DA:47,1
DA:49,5
DA:51,25
DA:52,25
DA:53,50
DA:54,25
DA:106,1
LF:29
LH:29
BRDA:18,0,0,1
BRDA:18,0,1,1
BRDA:20,1,0,2
BRDA:20,1,1,2
BRDA:53,2,0,20
BRDA:53,2,1,5
BRDA:69,3,0,15
BRDA:69,3,1,10
BRDA:70,4,0,5
BRDA:70,4,1,10
BRF:10
BRH:10
end_of_record
TN:
SF:src/input/password.ts
FN:11,(anonymous_1)
FN:15,(anonymous_3)
FN:46,(anonymous_4)
FNF:3
FNH:3
FNDA:4,(anonymous_1)
FNDA:12,(anonymous_3)
FNDA:1,(anonymous_4)
DA:1,1
DA:2,1
DA:6,1
DA:7,1
DA:8,1
DA:9,1
DA:11,1
DA:13,3
DA:15,12
DA:17,12
DA:21,12
DA:22,192
DA:23,12
DA:46,1
DA:52,1
LF:15
LH:15
BRDA:17,0,0,8
BRDA:17,0,1,4
BRDA:17,1,0,8
BRDA:17,1,1,4
BRDA:21,2,0,8
BRDA:21,2,1,4
BRDA:32,3,0,3
BRDA:32,3,1,9
BRDA:41,4,0,4
BRDA:41,4,1,8
BRDA:45,5,0,3
BRDA:45,5,1,9
BRF:12
BRH:12
end_of_record
TN:
SF:src/input/radio.ts
FN:10,(anonymous_1)
FN:12,(anonymous_3)
FN:26,(anonymous_4)
FNF:3
FNH:3
FNDA:3,(anonymous_1)
FNDA:6,(anonymous_3)
FNDA:6,(anonymous_4)
DA:1,1
DA:2,1
DA:6,1
DA:7,1
DA:8,1
DA:10,1
DA:12,6
DA:14,6
DA:15,6
DA:16,6
DA:17,6
DA:18,6
DA:19,6
DA:26,6
DA:27,6
DA:29,6
DA:46,1
LF:17
LH:17
BRDA:14,0,0,3
BRDA:14,0,1,3
BRDA:17,1,0,3
BRDA:17,1,1,3
BRDA:26,2,0,3
BRDA:26,2,1,3
BRDA:36,3,0,6
BRDA:36,3,1,6
BRDA:38,4,0,3
BRDA:38,4,1,3
BRF:10
BRH:10
end_of_record
TN:
SF:src/input/select.ts
FN:10,(anonymous_1)
FN:12,(anonymous_3)
FN:32,(anonymous_4)
FNF:3
FNH:3
FNDA:4,(anonymous_1)
FNDA:9,(anonymous_3)
FNDA:6,(anonymous_4)
DA:1,1
DA:2,1
DA:6,1
DA:7,1
DA:8,1
DA:10,1
DA:12,9
DA:14,9
DA:15,9
DA:16,9
DA:17,9
DA:18,9
DA:19,9
DA:32,6
DA:40,1
LF:15
LH:15
BRDA:14,0,0,6
BRDA:14,0,1,3
BRDA:14,1,0,6
BRDA:14,1,1,3
BRDA:16,2,0,6
BRDA:16,2,1,3
BRDA:32,3,0,3
BRDA:32,3,1,3
BRDA:34,4,0,6
BRDA:34,4,1,3
BRF:10
BRH:10
end_of_record
TN:
SF:src/input/sign.ts
FN:17,scaleDataUrl
FN:18,(anonymous_2)
FN:20,(anonymous_3)
FN:33,setFile
FN:34,(anonymous_5)
FN:35,(anonymous_6)
FN:49,(anonymous_7)
FN:54,(anonymous_9)
FN:56,(anonymous_10)
FN:59,(anonymous_11)
FN:63,(anonymous_12)
FN:76,(anonymous_13)
FN:127,(anonymous_14)
FN:138,(anonymous_15)
FN:152,(anonymous_16)
FN:153,(anonymous_17)
FN:167,(anonymous_18)
FNF:17
FNH:14
FNDA:1,scaleDataUrl
FNDA:1,(anonymous_2)
FNDA:1,(anonymous_3)
FNDA:4,setFile
FNDA:1,(anonymous_5)
FNDA:1,(anonymous_6)
FNDA:6,(anonymous_7)
FNDA:5,(anonymous_9)
FNDA:5,(anonymous_10)
FNDA:1,(anonymous_11)
FNDA:13,(anonymous_12)
FNDA:36,(anonymous_13)
FNDA:0,(anonymous_14)
FNDA:0,(anonymous_15)
FNDA:3,(anonymous_16)
FNDA:0,(anonymous_17)
FNDA:8,(anonymous_18)
DA:1,1
DA:2,1
DA:8,1
DA:9,1
DA:10,1
DA:11,1
DA:13,1
DA:14,1
DA:15,1
DA:18,1
DA:19,1
DA:20,1
DA:21,1
DA:22,1
DA:23,1
DA:24,1
DA:25,1
DA:26,1
DA:27,1
DA:29,1
DA:33,1
DA:34,4
DA:35,1
DA:36,1
DA:37,1
DA:44,1
DA:49,1
DA:54,5
DA:56,5
DA:59,1
DA:60,1
DA:63,13
DA:65,13
DA:66,13
DA:67,13
DA:68,13
DA:69,13
DA:70,13
DA:71,13
DA:74,13
DA:76,36
DA:77,36
DA:78,13
DA:83,23
DA:84,10
DA:89,13
DA:90,10
DA:96,3
DA:99,13
DA:100,3
DA:102,13
DA:127,0
DA:138,0
DA:152,3
DA:153,0
DA:167,1
DA:168,8
DA:170,1
LF:58
LH:55
BRDA:67,0,0,10
BRDA:67,0,1,3
BRDA:68,1,0,10
BRDA:68,1,1,3
BRDA:69,2,0,10
BRDA:69,2,1,3
BRDA:77,3,0,13
BRDA:77,3,1,23
BRDA:83,4,0,10
BRDA:83,4,1,13
BRDA:89,5,0,10
BRDA:89,5,1,3
BRDA:99,6,0,3
BRDA:99,6,1,10
BRDA:99,7,0,13
BRDA:99,7,1,3
BRDA:110,8,0,6
BRDA:110,8,1,7
BRDA:108,9,0,13
BRDA:108,9,1,10
BRDA:115,10,0,3
BRDA:115,10,1,3
BRDA:123,11,0,3
BRDA:123,11,1,4
BRDA:137,12,0,3
BRDA:137,12,1,1
BRF:26
BRH:26
end_of_record
TN:
SF:src/input/signDraw.ts
FN:12,(anonymous_1)
FN:18,(anonymous_3)
FN:26,(anonymous_4)
FN:40,(anonymous_5)
FN:46,(anonymous_6)
FN:58,(anonymous_7)
FN:68,(anonymous_8)
FN:80,(anonymous_9)
FNF:8
FNH:8
FNDA:3,(anonymous_1)
FNDA:2,(anonymous_3)
FNDA:2,(anonymous_4)
FNDA:1,(anonymous_5)
FNDA:4,(anonymous_6)
FNDA:1,(anonymous_7)
FNDA:1,(anonymous_8)
FNDA:3,(anonymous_9)
DA:1,1
DA:2,1
DA:3,1
DA:7,1
DA:8,1
DA:10,1
DA:12,1
DA:18,2
DA:19,2
DA:20,2
DA:21,2
DA:26,2
DA:27,2
DA:28,2
DA:29,2
DA:30,2
DA:31,2
DA:32,2
DA:34,2
DA:35,2
DA:36,2
DA:37,2
DA:40,1
DA:41,1
DA:42,1
DA:43,1
DA:46,4
DA:47,4
DA:59,1
DA:60,0
DA:68,1
DA:80,1
DA:81,3
DA:84,1
LF:34
LH:33
BRDA:59,0,0,0
BRDA:59,0,1,1
BRF:2
BRH:1
end_of_record
TN:
SF:src/input/signStamp.ts
FN:10,createStamp
FN:16,applyStamp
FN:17,(anonymous_3)
FN:20,(anonymous_4)
FN:22,(anonymous_6)
FNF:5
FNH:5
FNDA:2,createStamp
FNDA:3,applyStamp
FNDA:1,(anonymous_3)
FNDA:2,(anonymous_4)
FNDA:2,(anonymous_6)
DA:1,1
DA:5,1
DA:6,1
DA:8,1
DA:10,1
DA:11,2
DA:12,2
DA:13,2
DA:16,1
DA:17,3
DA:20,1
DA:22,2
DA:23,2
DA:36,1
LF:14
LH:14
BRF:0
BRH:0
end_of_record
TN:
SF:src/input/signType.ts
FN:13,applyText
FN:14,(anonymous_2)
FN:22,(anonymous_3)
FN:26,(anonymous_5)
FN:32,(anonymous_6)
FN:36,(anonymous_7)
FN:63,(anonymous_8)
FN:76,(anonymous_9)
FNF:8
FNH:8
FNDA:5,applyText
FNDA:2,(anonymous_2)
FNDA:2,(anonymous_3)
FNDA:1,(anonymous_5)
FNDA:1,(anonymous_6)
FNDA:2,(anonymous_7)
FNDA:1,(anonymous_8)
FNDA:2,(anonymous_9)
DA:1,1
DA:2,1
DA:6,1
DA:7,1
DA:9,1
DA:11,1
DA:13,1
DA:14,5
DA:15,2
DA:16,1
DA:18,2
DA:22,1
DA:24,1
DA:26,1
DA:27,1
DA:28,1
DA:29,1
DA:32,1
DA:33,1
DA:36,2
DA:37,2
DA:63,1
DA:76,1
DA:77,2
DA:78,2
DA:81,1
LF:26
LH:26
BRDA:15,0,0,1
BRDA:15,0,1,1
BRF:2
BRH:2
end_of_record
TN:
SF:src/input/textarea.ts
FN:9,(anonymous_1)
FN:11,(anonymous_3)
FNF:2
FNH:2
FNDA:3,(anonymous_1)
FNDA:2,(anonymous_3)
DA:1,1
DA:5,1
DA:6,1
DA:7,1
DA:9,1
DA:11,2
DA:13,2
DA:15,2
DA:16,26
DA:17,2
DA:36,1
LF:11
LH:11
BRDA:13,0,0,1
BRDA:13,0,1,1
BRDA:13,1,0,1
BRDA:13,1,1,1
BRDA:15,2,0,1
BRDA:15,2,1,1
BRDA:30,3,0,1
BRDA:30,3,1,1
BRF:8
BRH:8
end_of_record
TN:
SF:src/input/toggle.ts
FN:5,(anonymous_6)
FNF:1
FNH:1
FNDA:3,(anonymous_6)
DA:3,1
DA:5,2
DA:7,2
DA:8,2
DA:10,1
LF:5
LH:5
BRDA:5,0,0,2
BRDA:5,0,1,2
BRDA:5,0,2,2
BRF:3
BRH:3
end_of_record
